2021-04-15 22:09:29.069 [main] INFO  o.s.b.t.context.SpringBootTestContextBootstrapper - Neither @ContextConfiguration nor @ContextHierarchy found for test class [com.rhythm.product.test], using SpringBootContextLoader
2021-04-15 22:09:29.087 [main] INFO  o.s.test.context.support.AbstractContextLoader - Could not detect default resource locations for test class [com.rhythm.product.test]: no resource found for suffixes {-context.xml, Context.groovy}.
2021-04-15 22:09:29.985 [main] INFO  o.s.b.t.context.SpringBootTestContextBootstrapper - Loaded default TestExecutionListener class names from location [META-INF/spring.factories]: [org.springframework.boot.test.mock.mockito.MockitoTestExecutionListener, org.springframework.boot.test.mock.mockito.ResetMocksTestExecutionListener, org.springframework.boot.test.autoconfigure.restdocs.RestDocsTestExecutionListener, org.springframework.boot.test.autoconfigure.web.client.MockRestServiceServerResetTestExecutionListener, org.springframework.boot.test.autoconfigure.web.servlet.MockMvcPrintOnlyOnFailureTestExecutionListener, org.springframework.boot.test.autoconfigure.web.servlet.WebDriverTestExecutionListener, org.springframework.boot.test.autoconfigure.webservices.client.MockWebServiceServerTestExecutionListener, org.springframework.test.context.web.ServletTestExecutionListener, org.springframework.test.context.support.DirtiesContextBeforeModesTestExecutionListener, org.springframework.test.context.support.DependencyInjectionTestExecutionListener, org.springframework.test.context.support.DirtiesContextTestExecutionListener, org.springframework.test.context.transaction.TransactionalTestExecutionListener, org.springframework.test.context.jdbc.SqlScriptsTestExecutionListener, org.springframework.test.context.event.EventPublishingTestExecutionListener]
2021-04-15 22:09:30.053 [main] INFO  o.s.b.t.context.SpringBootTestContextBootstrapper - Using TestExecutionListeners: [org.springframework.test.context.web.ServletTestExecutionListener@3012646b, org.springframework.test.context.support.DirtiesContextBeforeModesTestExecutionListener@4a883b15, org.springframework.boot.test.mock.mockito.MockitoTestExecutionListener@25641d39, org.springframework.boot.test.autoconfigure.SpringBootDependencyInjectionTestExecutionListener@7b36aa0c, org.springframework.test.context.support.DirtiesContextTestExecutionListener@5824a83d, org.springframework.test.context.transaction.TransactionalTestExecutionListener@537f60bf, org.springframework.test.context.jdbc.SqlScriptsTestExecutionListener@5677323c, org.springframework.test.context.event.EventPublishingTestExecutionListener@18df8434, org.springframework.boot.test.mock.mockito.ResetMocksTestExecutionListener@65c7a252, org.springframework.boot.test.autoconfigure.restdocs.RestDocsTestExecutionListener@4d154ccd, org.springframework.boot.test.autoconfigure.web.client.MockRestServiceServerResetTestExecutionListener@229c6181, org.springframework.boot.test.autoconfigure.web.servlet.MockMvcPrintOnlyOnFailureTestExecutionListener@4686afc2, org.springframework.boot.test.autoconfigure.web.servlet.WebDriverTestExecutionListener@1e0b4072, org.springframework.boot.test.autoconfigure.webservices.client.MockWebServiceServerTestExecutionListener@791f145a]
2021-04-15 22:09:34.158 [main] INFO  com.rhythm.product.test - No active profile set, falling back to default profiles: default
2021-04-15 22:09:35.705 [main] INFO  o.s.d.r.config.RepositoryConfigurationDelegate - Multiple Spring Data modules found, entering strict repository configuration mode!
2021-04-15 22:09:35.713 [main] INFO  o.s.d.r.config.RepositoryConfigurationDelegate - Bootstrapping Spring Data Redis repositories in DEFAULT mode.
2021-04-15 22:09:35.802 [main] INFO  o.s.d.r.config.RepositoryConfigurationDelegate - Finished Spring Data repository scanning in 36ms. Found 0 Redis repository interfaces.
2021-04-15 22:09:36.616 [main] INFO  o.springframework.cloud.context.scope.GenericScope - BeanFactory id=555381da-8d98-35ba-9c17-2124e3271029
2021-04-15 22:09:43.826 [main] INFO  com.netflix.config.sources.URLConfigurationSource - To enable URLs as dynamic configuration sources, define System property archaius.configurationSource.additionalUrls or make config.properties available on classpath.
2021-04-15 22:09:43.844 [main] INFO  com.netflix.config.sources.URLConfigurationSource - To enable URLs as dynamic configuration sources, define System property archaius.configurationSource.additionalUrls or make config.properties available on classpath.
2021-04-15 22:09:44.723 [main] INFO  o.s.scheduling.concurrent.ThreadPoolTaskExecutor - Initializing ExecutorService 'applicationTaskExecutor'
2021-04-15 22:09:47.284 [main] INFO  o.s.c.n.e.c.DiscoveryClientOptionalArgsConfiguration - Eureka HTTP Client uses Jersey
2021-04-15 22:09:48.722 [main] INFO  o.s.cloud.netflix.eureka.InstanceInfoFactory - Setting initial instance status as: STARTING
2021-04-15 22:09:48.869 [main] INFO  com.netflix.discovery.DiscoveryClient - Initializing Eureka in region us-east-1
2021-04-15 22:09:50.311 [main] INFO  c.n.discovery.provider.DiscoveryJerseyProvider - Using JSON encoding codec LegacyJacksonJson
2021-04-15 22:09:50.312 [main] INFO  c.n.discovery.provider.DiscoveryJerseyProvider - Using JSON decoding codec LegacyJacksonJson
2021-04-15 22:09:50.607 [main] INFO  c.n.discovery.provider.DiscoveryJerseyProvider - Using XML encoding codec XStreamXml
2021-04-15 22:09:50.608 [main] INFO  c.n.discovery.provider.DiscoveryJerseyProvider - Using XML decoding codec XStreamXml
2021-04-15 22:09:50.946 [main] INFO  c.n.d.shared.resolver.aws.ConfigClusterResolver - Resolving eureka endpoints via configuration
2021-04-15 22:09:51.659 [main] INFO  com.netflix.discovery.DiscoveryClient - Disable delta property : false
2021-04-15 22:09:51.659 [main] INFO  com.netflix.discovery.DiscoveryClient - Single vip registry refresh property : null
2021-04-15 22:09:51.659 [main] INFO  com.netflix.discovery.DiscoveryClient - Force full registry fetch : false
2021-04-15 22:09:51.659 [main] INFO  com.netflix.discovery.DiscoveryClient - Application is null : false
2021-04-15 22:09:51.660 [main] INFO  com.netflix.discovery.DiscoveryClient - Registered Applications size is zero : true
2021-04-15 22:09:51.660 [main] INFO  com.netflix.discovery.DiscoveryClient - Application version is -1: true
2021-04-15 22:09:51.660 [main] INFO  com.netflix.discovery.DiscoveryClient - Getting all instance registry info from the eureka server
2021-04-15 22:09:55.800 [main] INFO  com.netflix.discovery.DiscoveryClient - Initial registry fetch from primary servers failed
2021-04-15 22:09:55.802 [main] INFO  com.netflix.discovery.DiscoveryClient - Initial registry fetch from backup servers failed
2021-04-15 22:09:55.804 [main] INFO  com.netflix.discovery.DiscoveryClient - Starting heartbeat executor: renew interval is: 30
2021-04-15 22:09:55.809 [main] INFO  com.netflix.discovery.InstanceInfoReplicator - InstanceInfoReplicator onDemand update allowed rate per min is 4
2021-04-15 22:09:55.816 [main] INFO  com.netflix.discovery.DiscoveryClient - Discovery Client initialized at timestamp 1618495795814 with initial instances count: 0
2021-04-15 22:09:55.830 [main] INFO  o.s.c.n.e.serviceregistry.EurekaServiceRegistry - Registering application PRODUCT with eureka with status UP
2021-04-15 22:09:55.832 [main] INFO  com.netflix.discovery.DiscoveryClient - Saw local status change event StatusChangeEvent [timestamp=1618495795832, current=UP, previous=STARTING]
2021-04-15 22:09:55.841 [DiscoveryClient-InstanceInfoReplicator-0] INFO  com.netflix.discovery.DiscoveryClient - DiscoveryClient_PRODUCT/DESKTOP-F7K69CA:product:8085: registering service...
2021-04-15 22:09:56.408 [main] INFO  o.s.s.a.ScheduledAnnotationBeanPostProcessor - No TaskScheduler/ScheduledExecutorService bean found for scheduled processing
2021-04-15 22:09:56.448 [main] INFO  com.rhythm.product.test - Started test in 26.271 seconds (JVM running for 29.396)
2021-04-15 22:09:57.031 [main] INFO  com.zaxxer.hikari.HikariDataSource - HikariPool-1 - Starting...
2021-04-15 22:09:57.376 [main] INFO  com.zaxxer.hikari.HikariDataSource - HikariPool-1 - Start completed.
2021-04-15 22:09:57.444 [SpringContextShutdownHook] INFO  o.s.c.n.e.serviceregistry.EurekaServiceRegistry - Unregistering application PRODUCT with eureka with status DOWN
2021-04-15 22:09:57.461 [SpringContextShutdownHook] INFO  o.s.scheduling.concurrent.ThreadPoolTaskExecutor - Shutting down ExecutorService 'applicationTaskExecutor'
2021-04-15 22:09:57.591 [SpringContextShutdownHook] INFO  com.zaxxer.hikari.HikariDataSource - HikariPool-1 - Shutdown initiated...
2021-04-15 22:09:57.610 [SpringContextShutdownHook] INFO  com.zaxxer.hikari.HikariDataSource - HikariPool-1 - Shutdown completed.
2021-04-15 22:09:57.611 [SpringContextShutdownHook] INFO  com.netflix.discovery.DiscoveryClient - Shutting down DiscoveryClient ...
2021-04-15 22:09:59.885 [DiscoveryClient-InstanceInfoReplicator-0] INFO  com.netflix.discovery.DiscoveryClient - DiscoveryClient_PRODUCT/DESKTOP-F7K69CA:product:8085: registering service...
2021-04-15 22:10:00.615 [SpringContextShutdownHook] INFO  com.netflix.discovery.DiscoveryClient - Unregistering ...
2021-04-15 22:10:04.649 [SpringContextShutdownHook] INFO  com.netflix.discovery.DiscoveryClient - Completed shut down of DiscoveryClient
2021-04-15 22:10:24.505 [main] INFO  o.s.b.t.context.SpringBootTestContextBootstrapper - Neither @ContextConfiguration nor @ContextHierarchy found for test class [com.rhythm.product.test], using SpringBootContextLoader
2021-04-15 22:10:24.533 [main] INFO  o.s.test.context.support.AbstractContextLoader - Could not detect default resource locations for test class [com.rhythm.product.test]: no resource found for suffixes {-context.xml, Context.groovy}.
2021-04-15 22:10:25.764 [main] INFO  o.s.b.t.context.SpringBootTestContextBootstrapper - Loaded default TestExecutionListener class names from location [META-INF/spring.factories]: [org.springframework.boot.test.mock.mockito.MockitoTestExecutionListener, org.springframework.boot.test.mock.mockito.ResetMocksTestExecutionListener, org.springframework.boot.test.autoconfigure.restdocs.RestDocsTestExecutionListener, org.springframework.boot.test.autoconfigure.web.client.MockRestServiceServerResetTestExecutionListener, org.springframework.boot.test.autoconfigure.web.servlet.MockMvcPrintOnlyOnFailureTestExecutionListener, org.springframework.boot.test.autoconfigure.web.servlet.WebDriverTestExecutionListener, org.springframework.boot.test.autoconfigure.webservices.client.MockWebServiceServerTestExecutionListener, org.springframework.test.context.web.ServletTestExecutionListener, org.springframework.test.context.support.DirtiesContextBeforeModesTestExecutionListener, org.springframework.test.context.support.DependencyInjectionTestExecutionListener, org.springframework.test.context.support.DirtiesContextTestExecutionListener, org.springframework.test.context.transaction.TransactionalTestExecutionListener, org.springframework.test.context.jdbc.SqlScriptsTestExecutionListener, org.springframework.test.context.event.EventPublishingTestExecutionListener]
2021-04-15 22:10:25.876 [main] INFO  o.s.b.t.context.SpringBootTestContextBootstrapper - Using TestExecutionListeners: [org.springframework.test.context.web.ServletTestExecutionListener@7b36aa0c, org.springframework.test.context.support.DirtiesContextBeforeModesTestExecutionListener@5824a83d, org.springframework.boot.test.mock.mockito.MockitoTestExecutionListener@537f60bf, org.springframework.boot.test.autoconfigure.SpringBootDependencyInjectionTestExecutionListener@5677323c, org.springframework.test.context.support.DirtiesContextTestExecutionListener@18df8434, org.springframework.test.context.transaction.TransactionalTestExecutionListener@65c7a252, org.springframework.test.context.jdbc.SqlScriptsTestExecutionListener@4d154ccd, org.springframework.test.context.event.EventPublishingTestExecutionListener@229c6181, org.springframework.boot.test.mock.mockito.ResetMocksTestExecutionListener@4686afc2, org.springframework.boot.test.autoconfigure.restdocs.RestDocsTestExecutionListener@1e0b4072, org.springframework.boot.test.autoconfigure.web.client.MockRestServiceServerResetTestExecutionListener@791f145a, org.springframework.boot.test.autoconfigure.web.servlet.MockMvcPrintOnlyOnFailureTestExecutionListener@38cee291, org.springframework.boot.test.autoconfigure.web.servlet.WebDriverTestExecutionListener@4b45a2f5, org.springframework.boot.test.autoconfigure.webservices.client.MockWebServiceServerTestExecutionListener@f09733f]
2021-04-15 22:10:29.989 [main] INFO  com.rhythm.product.test - No active profile set, falling back to default profiles: default
2021-04-15 22:10:31.625 [main] INFO  o.s.d.r.config.RepositoryConfigurationDelegate - Multiple Spring Data modules found, entering strict repository configuration mode!
2021-04-15 22:10:31.632 [main] INFO  o.s.d.r.config.RepositoryConfigurationDelegate - Bootstrapping Spring Data Redis repositories in DEFAULT mode.
2021-04-15 22:10:31.709 [main] INFO  o.s.d.r.config.RepositoryConfigurationDelegate - Finished Spring Data repository scanning in 36ms. Found 0 Redis repository interfaces.
2021-04-15 22:10:32.403 [main] INFO  o.springframework.cloud.context.scope.GenericScope - BeanFactory id=555381da-8d98-35ba-9c17-2124e3271029
2021-04-15 22:10:39.438 [main] INFO  com.netflix.config.sources.URLConfigurationSource - To enable URLs as dynamic configuration sources, define System property archaius.configurationSource.additionalUrls or make config.properties available on classpath.
2021-04-15 22:10:39.454 [main] INFO  com.netflix.config.sources.URLConfigurationSource - To enable URLs as dynamic configuration sources, define System property archaius.configurationSource.additionalUrls or make config.properties available on classpath.
2021-04-15 22:10:40.342 [main] INFO  o.s.scheduling.concurrent.ThreadPoolTaskExecutor - Initializing ExecutorService 'applicationTaskExecutor'
2021-04-15 22:10:42.903 [main] INFO  o.s.c.n.e.c.DiscoveryClientOptionalArgsConfiguration - Eureka HTTP Client uses Jersey
2021-04-15 22:10:44.289 [main] INFO  o.s.cloud.netflix.eureka.InstanceInfoFactory - Setting initial instance status as: STARTING
2021-04-15 22:10:44.455 [main] INFO  com.netflix.discovery.DiscoveryClient - Initializing Eureka in region us-east-1
2021-04-15 22:10:45.932 [main] INFO  c.n.discovery.provider.DiscoveryJerseyProvider - Using JSON encoding codec LegacyJacksonJson
2021-04-15 22:10:45.933 [main] INFO  c.n.discovery.provider.DiscoveryJerseyProvider - Using JSON decoding codec LegacyJacksonJson
2021-04-15 22:10:46.246 [main] INFO  c.n.discovery.provider.DiscoveryJerseyProvider - Using XML encoding codec XStreamXml
2021-04-15 22:10:46.247 [main] INFO  c.n.discovery.provider.DiscoveryJerseyProvider - Using XML decoding codec XStreamXml
2021-04-15 22:10:46.677 [main] INFO  c.n.d.shared.resolver.aws.ConfigClusterResolver - Resolving eureka endpoints via configuration
2021-04-15 22:10:47.333 [main] INFO  com.netflix.discovery.DiscoveryClient - Disable delta property : false
2021-04-15 22:10:47.333 [main] INFO  com.netflix.discovery.DiscoveryClient - Single vip registry refresh property : null
2021-04-15 22:10:47.334 [main] INFO  com.netflix.discovery.DiscoveryClient - Force full registry fetch : false
2021-04-15 22:10:47.334 [main] INFO  com.netflix.discovery.DiscoveryClient - Application is null : false
2021-04-15 22:10:47.334 [main] INFO  com.netflix.discovery.DiscoveryClient - Registered Applications size is zero : true
2021-04-15 22:10:47.334 [main] INFO  com.netflix.discovery.DiscoveryClient - Application version is -1: true
2021-04-15 22:10:47.334 [main] INFO  com.netflix.discovery.DiscoveryClient - Getting all instance registry info from the eureka server
2021-04-15 22:10:51.459 [main] INFO  com.netflix.discovery.DiscoveryClient - Initial registry fetch from primary servers failed
2021-04-15 22:10:51.460 [main] INFO  com.netflix.discovery.DiscoveryClient - Initial registry fetch from backup servers failed
2021-04-15 22:10:51.461 [main] INFO  com.netflix.discovery.DiscoveryClient - Starting heartbeat executor: renew interval is: 30
2021-04-15 22:10:51.466 [main] INFO  com.netflix.discovery.InstanceInfoReplicator - InstanceInfoReplicator onDemand update allowed rate per min is 4
2021-04-15 22:10:51.472 [main] INFO  com.netflix.discovery.DiscoveryClient - Discovery Client initialized at timestamp 1618495851470 with initial instances count: 0
2021-04-15 22:10:51.483 [main] INFO  o.s.c.n.e.serviceregistry.EurekaServiceRegistry - Registering application PRODUCT with eureka with status UP
2021-04-15 22:10:51.485 [main] INFO  com.netflix.discovery.DiscoveryClient - Saw local status change event StatusChangeEvent [timestamp=1618495851485, current=UP, previous=STARTING]
2021-04-15 22:10:51.491 [DiscoveryClient-InstanceInfoReplicator-0] INFO  com.netflix.discovery.DiscoveryClient - DiscoveryClient_PRODUCT/DESKTOP-F7K69CA:product:8085: registering service...
2021-04-15 22:10:52.087 [main] INFO  o.s.s.a.ScheduledAnnotationBeanPostProcessor - No TaskScheduler/ScheduledExecutorService bean found for scheduled processing
2021-04-15 22:10:52.134 [main] INFO  com.rhythm.product.test - Started test in 26.076 seconds (JVM running for 29.545)
2021-04-15 22:10:52.738 [main] INFO  com.zaxxer.hikari.HikariDataSource - HikariPool-1 - Starting...
2021-04-15 22:10:53.147 [main] INFO  com.zaxxer.hikari.HikariDataSource - HikariPool-1 - Start completed.
2021-04-15 22:10:53.219 [SpringContextShutdownHook] INFO  o.s.c.n.e.serviceregistry.EurekaServiceRegistry - Unregistering application PRODUCT with eureka with status DOWN
2021-04-15 22:10:53.238 [SpringContextShutdownHook] INFO  o.s.scheduling.concurrent.ThreadPoolTaskExecutor - Shutting down ExecutorService 'applicationTaskExecutor'
2021-04-15 22:10:53.370 [SpringContextShutdownHook] INFO  com.zaxxer.hikari.HikariDataSource - HikariPool-1 - Shutdown initiated...
2021-04-15 22:10:53.384 [SpringContextShutdownHook] INFO  com.zaxxer.hikari.HikariDataSource - HikariPool-1 - Shutdown completed.
2021-04-15 22:10:53.385 [SpringContextShutdownHook] INFO  com.netflix.discovery.DiscoveryClient - Shutting down DiscoveryClient ...
2021-04-15 22:10:55.552 [DiscoveryClient-InstanceInfoReplicator-0] INFO  com.netflix.discovery.DiscoveryClient - DiscoveryClient_PRODUCT/DESKTOP-F7K69CA:product:8085: registering service...
2021-04-15 22:10:56.390 [SpringContextShutdownHook] INFO  com.netflix.discovery.DiscoveryClient - Unregistering ...
2021-04-15 22:11:00.425 [SpringContextShutdownHook] INFO  com.netflix.discovery.DiscoveryClient - Completed shut down of DiscoveryClient
2021-04-16 10:30:53.240 [main] INFO  o.s.b.t.context.SpringBootTestContextBootstrapper - Neither @ContextConfiguration nor @ContextHierarchy found for test class [com.rhythm.product.test], using SpringBootContextLoader
2021-04-16 10:30:53.251 [main] INFO  o.s.test.context.support.AbstractContextLoader - Could not detect default resource locations for test class [com.rhythm.product.test]: no resource found for suffixes {-context.xml, Context.groovy}.
2021-04-16 10:30:53.757 [main] INFO  o.s.b.t.context.SpringBootTestContextBootstrapper - Loaded default TestExecutionListener class names from location [META-INF/spring.factories]: [org.springframework.boot.test.mock.mockito.MockitoTestExecutionListener, org.springframework.boot.test.mock.mockito.ResetMocksTestExecutionListener, org.springframework.boot.test.autoconfigure.restdocs.RestDocsTestExecutionListener, org.springframework.boot.test.autoconfigure.web.client.MockRestServiceServerResetTestExecutionListener, org.springframework.boot.test.autoconfigure.web.servlet.MockMvcPrintOnlyOnFailureTestExecutionListener, org.springframework.boot.test.autoconfigure.web.servlet.WebDriverTestExecutionListener, org.springframework.boot.test.autoconfigure.webservices.client.MockWebServiceServerTestExecutionListener, org.springframework.test.context.web.ServletTestExecutionListener, org.springframework.test.context.support.DirtiesContextBeforeModesTestExecutionListener, org.springframework.test.context.support.DependencyInjectionTestExecutionListener, org.springframework.test.context.support.DirtiesContextTestExecutionListener, org.springframework.test.context.transaction.TransactionalTestExecutionListener, org.springframework.test.context.jdbc.SqlScriptsTestExecutionListener, org.springframework.test.context.event.EventPublishingTestExecutionListener]
2021-04-16 10:30:53.787 [main] INFO  o.s.b.t.context.SpringBootTestContextBootstrapper - Using TestExecutionListeners: [org.springframework.test.context.web.ServletTestExecutionListener@3e2055d6, org.springframework.test.context.support.DirtiesContextBeforeModesTestExecutionListener@50029372, org.springframework.boot.test.mock.mockito.MockitoTestExecutionListener@e3b3b2f, org.springframework.boot.test.autoconfigure.SpringBootDependencyInjectionTestExecutionListener@50f6ac94, org.springframework.test.context.support.DirtiesContextTestExecutionListener@6cc4cdb9, org.springframework.test.context.transaction.TransactionalTestExecutionListener@28194a50, org.springframework.test.context.jdbc.SqlScriptsTestExecutionListener@7f2cfe3f, org.springframework.test.context.event.EventPublishingTestExecutionListener@1a5b6f42, org.springframework.boot.test.mock.mockito.ResetMocksTestExecutionListener@5038d0b5, org.springframework.boot.test.autoconfigure.restdocs.RestDocsTestExecutionListener@32115b28, org.springframework.boot.test.autoconfigure.web.client.MockRestServiceServerResetTestExecutionListener@2ad48653, org.springframework.boot.test.autoconfigure.web.servlet.MockMvcPrintOnlyOnFailureTestExecutionListener@6bb4dd34, org.springframework.boot.test.autoconfigure.web.servlet.WebDriverTestExecutionListener@7d9f158f, org.springframework.boot.test.autoconfigure.webservices.client.MockWebServiceServerTestExecutionListener@45efd90f]
2021-04-16 10:30:56.402 [main] INFO  com.rhythm.product.test - No active profile set, falling back to default profiles: default
2021-04-16 10:30:57.506 [main] INFO  o.s.d.r.config.RepositoryConfigurationDelegate - Multiple Spring Data modules found, entering strict repository configuration mode!
2021-04-16 10:30:57.513 [main] INFO  o.s.d.r.config.RepositoryConfigurationDelegate - Bootstrapping Spring Data Redis repositories in DEFAULT mode.
2021-04-16 10:30:57.607 [main] INFO  o.s.d.r.config.RepositoryConfigurationDelegate - Finished Spring Data repository scanning in 47ms. Found 0 Redis repository interfaces.
2021-04-16 10:30:58.209 [main] INFO  o.springframework.cloud.context.scope.GenericScope - BeanFactory id=555381da-8d98-35ba-9c17-2124e3271029
2021-04-16 10:31:03.274 [main] INFO  com.netflix.config.sources.URLConfigurationSource - To enable URLs as dynamic configuration sources, define System property archaius.configurationSource.additionalUrls or make config.properties available on classpath.
2021-04-16 10:31:03.292 [main] INFO  com.netflix.config.sources.URLConfigurationSource - To enable URLs as dynamic configuration sources, define System property archaius.configurationSource.additionalUrls or make config.properties available on classpath.
2021-04-16 10:31:04.020 [main] INFO  o.s.scheduling.concurrent.ThreadPoolTaskExecutor - Initializing ExecutorService 'applicationTaskExecutor'
2021-04-16 10:31:06.305 [main] INFO  o.s.c.n.e.c.DiscoveryClientOptionalArgsConfiguration - Eureka HTTP Client uses Jersey
2021-04-16 10:31:07.072 [main] INFO  o.s.cloud.netflix.eureka.InstanceInfoFactory - Setting initial instance status as: STARTING
2021-04-16 10:31:07.226 [main] INFO  com.netflix.discovery.DiscoveryClient - Initializing Eureka in region us-east-1
2021-04-16 10:31:07.913 [main] INFO  c.n.discovery.provider.DiscoveryJerseyProvider - Using JSON encoding codec LegacyJacksonJson
2021-04-16 10:31:07.914 [main] INFO  c.n.discovery.provider.DiscoveryJerseyProvider - Using JSON decoding codec LegacyJacksonJson
2021-04-16 10:31:08.229 [main] INFO  c.n.discovery.provider.DiscoveryJerseyProvider - Using XML encoding codec XStreamXml
2021-04-16 10:31:08.230 [main] INFO  c.n.discovery.provider.DiscoveryJerseyProvider - Using XML decoding codec XStreamXml
2021-04-16 10:31:08.661 [main] INFO  c.n.d.shared.resolver.aws.ConfigClusterResolver - Resolving eureka endpoints via configuration
2021-04-16 10:31:09.088 [main] INFO  com.netflix.discovery.DiscoveryClient - Disable delta property : false
2021-04-16 10:31:09.088 [main] INFO  com.netflix.discovery.DiscoveryClient - Single vip registry refresh property : null
2021-04-16 10:31:09.088 [main] INFO  com.netflix.discovery.DiscoveryClient - Force full registry fetch : false
2021-04-16 10:31:09.089 [main] INFO  com.netflix.discovery.DiscoveryClient - Application is null : false
2021-04-16 10:31:09.089 [main] INFO  com.netflix.discovery.DiscoveryClient - Registered Applications size is zero : true
2021-04-16 10:31:09.089 [main] INFO  com.netflix.discovery.DiscoveryClient - Application version is -1: true
2021-04-16 10:31:09.089 [main] INFO  com.netflix.discovery.DiscoveryClient - Getting all instance registry info from the eureka server
2021-04-16 10:31:13.318 [main] INFO  com.netflix.discovery.DiscoveryClient - Initial registry fetch from primary servers failed
2021-04-16 10:31:13.323 [main] INFO  com.netflix.discovery.DiscoveryClient - Initial registry fetch from backup servers failed
2021-04-16 10:31:13.329 [main] INFO  com.netflix.discovery.DiscoveryClient - Starting heartbeat executor: renew interval is: 30
2021-04-16 10:31:13.334 [main] INFO  com.netflix.discovery.InstanceInfoReplicator - InstanceInfoReplicator onDemand update allowed rate per min is 4
2021-04-16 10:31:13.341 [main] INFO  com.netflix.discovery.DiscoveryClient - Discovery Client initialized at timestamp 1618540273339 with initial instances count: 0
2021-04-16 10:31:13.348 [main] INFO  o.s.c.n.e.serviceregistry.EurekaServiceRegistry - Registering application PRODUCT with eureka with status UP
2021-04-16 10:31:13.351 [main] INFO  com.netflix.discovery.DiscoveryClient - Saw local status change event StatusChangeEvent [timestamp=1618540273351, current=UP, previous=STARTING]
2021-04-16 10:31:13.356 [DiscoveryClient-InstanceInfoReplicator-0] INFO  com.netflix.discovery.DiscoveryClient - DiscoveryClient_PRODUCT/LAPTOP-L5KMNRFT:product:8085: registering service...
2021-04-16 10:31:13.955 [main] INFO  o.s.s.a.ScheduledAnnotationBeanPostProcessor - No TaskScheduler/ScheduledExecutorService bean found for scheduled processing
2021-04-16 10:31:13.972 [main] INFO  com.rhythm.product.test - Started test in 19.951 seconds (JVM running for 22.843)
2021-04-16 10:31:14.445 [main] INFO  com.zaxxer.hikari.HikariDataSource - HikariPool-1 - Starting...
2021-04-16 10:31:14.718 [main] INFO  com.zaxxer.hikari.HikariDataSource - HikariPool-1 - Start completed.
2021-04-16 10:31:14.763 [main] INFO  com.rhythm.product.test - {rpstId=1, productId=1, productNum=1}
2021-04-16 10:31:14.764 [main] INFO  com.rhythm.product.test - {rpstId=1, productId=2, productNum=2}
2021-04-16 10:31:14.778 [SpringContextShutdownHook] INFO  o.s.c.n.e.serviceregistry.EurekaServiceRegistry - Unregistering application PRODUCT with eureka with status DOWN
2021-04-16 10:31:14.788 [SpringContextShutdownHook] INFO  o.s.scheduling.concurrent.ThreadPoolTaskExecutor - Shutting down ExecutorService 'applicationTaskExecutor'
2021-04-16 10:31:15.007 [SpringContextShutdownHook] INFO  com.zaxxer.hikari.HikariDataSource - HikariPool-1 - Shutdown initiated...
2021-04-16 10:31:15.012 [SpringContextShutdownHook] INFO  com.zaxxer.hikari.HikariDataSource - HikariPool-1 - Shutdown completed.
2021-04-16 10:31:15.013 [SpringContextShutdownHook] INFO  com.netflix.discovery.DiscoveryClient - Shutting down DiscoveryClient ...
2021-04-16 10:31:17.413 [DiscoveryClient-InstanceInfoReplicator-0] INFO  com.netflix.discovery.DiscoveryClient - DiscoveryClient_PRODUCT/LAPTOP-L5KMNRFT:product:8085: registering service...
2021-04-16 10:31:18.016 [SpringContextShutdownHook] INFO  com.netflix.discovery.DiscoveryClient - Unregistering ...
2021-04-16 10:31:22.089 [SpringContextShutdownHook] INFO  com.netflix.discovery.DiscoveryClient - Completed shut down of DiscoveryClient
2021-04-16 10:47:22.323 [main] INFO  o.s.b.t.context.SpringBootTestContextBootstrapper - Neither @ContextConfiguration nor @ContextHierarchy found for test class [com.rhythm.product.test], using SpringBootContextLoader
2021-04-16 10:47:22.337 [main] INFO  o.s.test.context.support.AbstractContextLoader - Could not detect default resource locations for test class [com.rhythm.product.test]: no resource found for suffixes {-context.xml, Context.groovy}.
2021-04-16 10:47:22.705 [main] INFO  o.s.b.t.context.SpringBootTestContextBootstrapper - Loaded default TestExecutionListener class names from location [META-INF/spring.factories]: [org.springframework.boot.test.mock.mockito.MockitoTestExecutionListener, org.springframework.boot.test.mock.mockito.ResetMocksTestExecutionListener, org.springframework.boot.test.autoconfigure.restdocs.RestDocsTestExecutionListener, org.springframework.boot.test.autoconfigure.web.client.MockRestServiceServerResetTestExecutionListener, org.springframework.boot.test.autoconfigure.web.servlet.MockMvcPrintOnlyOnFailureTestExecutionListener, org.springframework.boot.test.autoconfigure.web.servlet.WebDriverTestExecutionListener, org.springframework.boot.test.autoconfigure.webservices.client.MockWebServiceServerTestExecutionListener, org.springframework.test.context.web.ServletTestExecutionListener, org.springframework.test.context.support.DirtiesContextBeforeModesTestExecutionListener, org.springframework.test.context.support.DependencyInjectionTestExecutionListener, org.springframework.test.context.support.DirtiesContextTestExecutionListener, org.springframework.test.context.transaction.TransactionalTestExecutionListener, org.springframework.test.context.jdbc.SqlScriptsTestExecutionListener, org.springframework.test.context.event.EventPublishingTestExecutionListener]
2021-04-16 10:47:22.740 [main] INFO  o.s.b.t.context.SpringBootTestContextBootstrapper - Using TestExecutionListeners: [org.springframework.test.context.web.ServletTestExecutionListener@5824a83d, org.springframework.test.context.support.DirtiesContextBeforeModesTestExecutionListener@537f60bf, org.springframework.boot.test.mock.mockito.MockitoTestExecutionListener@5677323c, org.springframework.boot.test.autoconfigure.SpringBootDependencyInjectionTestExecutionListener@18df8434, org.springframework.test.context.support.DirtiesContextTestExecutionListener@65c7a252, org.springframework.test.context.transaction.TransactionalTestExecutionListener@4d154ccd, org.springframework.test.context.jdbc.SqlScriptsTestExecutionListener@229c6181, org.springframework.test.context.event.EventPublishingTestExecutionListener@4686afc2, org.springframework.boot.test.mock.mockito.ResetMocksTestExecutionListener@1e0b4072, org.springframework.boot.test.autoconfigure.restdocs.RestDocsTestExecutionListener@791f145a, org.springframework.boot.test.autoconfigure.web.client.MockRestServiceServerResetTestExecutionListener@38cee291, org.springframework.boot.test.autoconfigure.web.servlet.MockMvcPrintOnlyOnFailureTestExecutionListener@4b45a2f5, org.springframework.boot.test.autoconfigure.web.servlet.WebDriverTestExecutionListener@f09733f, org.springframework.boot.test.autoconfigure.webservices.client.MockWebServiceServerTestExecutionListener@e350b40]
2021-04-16 10:47:24.882 [main] INFO  com.rhythm.product.test - No active profile set, falling back to default profiles: default
2021-04-16 10:47:25.865 [main] INFO  o.s.d.r.config.RepositoryConfigurationDelegate - Multiple Spring Data modules found, entering strict repository configuration mode!
2021-04-16 10:47:25.872 [main] INFO  o.s.d.r.config.RepositoryConfigurationDelegate - Bootstrapping Spring Data Redis repositories in DEFAULT mode.
2021-04-16 10:47:25.923 [main] INFO  o.s.d.r.config.RepositoryConfigurationDelegate - Finished Spring Data repository scanning in 29ms. Found 0 Redis repository interfaces.
2021-04-16 10:47:26.474 [main] INFO  o.springframework.cloud.context.scope.GenericScope - BeanFactory id=555381da-8d98-35ba-9c17-2124e3271029
2021-04-16 10:47:31.122 [main] INFO  com.netflix.config.sources.URLConfigurationSource - To enable URLs as dynamic configuration sources, define System property archaius.configurationSource.additionalUrls or make config.properties available on classpath.
2021-04-16 10:47:31.142 [main] INFO  com.netflix.config.sources.URLConfigurationSource - To enable URLs as dynamic configuration sources, define System property archaius.configurationSource.additionalUrls or make config.properties available on classpath.
2021-04-16 10:47:32.007 [main] INFO  o.s.scheduling.concurrent.ThreadPoolTaskExecutor - Initializing ExecutorService 'applicationTaskExecutor'
2021-04-16 10:47:34.230 [main] INFO  o.s.c.n.e.c.DiscoveryClientOptionalArgsConfiguration - Eureka HTTP Client uses Jersey
2021-04-16 10:47:35.124 [main] INFO  o.s.cloud.netflix.eureka.InstanceInfoFactory - Setting initial instance status as: STARTING
2021-04-16 10:47:35.276 [main] INFO  com.netflix.discovery.DiscoveryClient - Initializing Eureka in region us-east-1
2021-04-16 10:47:36.382 [main] INFO  c.n.discovery.provider.DiscoveryJerseyProvider - Using JSON encoding codec LegacyJacksonJson
2021-04-16 10:47:36.383 [main] INFO  c.n.discovery.provider.DiscoveryJerseyProvider - Using JSON decoding codec LegacyJacksonJson
2021-04-16 10:47:36.623 [main] INFO  c.n.discovery.provider.DiscoveryJerseyProvider - Using XML encoding codec XStreamXml
2021-04-16 10:47:36.623 [main] INFO  c.n.discovery.provider.DiscoveryJerseyProvider - Using XML decoding codec XStreamXml
2021-04-16 10:47:37.024 [main] INFO  c.n.d.shared.resolver.aws.ConfigClusterResolver - Resolving eureka endpoints via configuration
2021-04-16 10:47:37.340 [main] INFO  com.netflix.discovery.DiscoveryClient - Disable delta property : false
2021-04-16 10:47:37.341 [main] INFO  com.netflix.discovery.DiscoveryClient - Single vip registry refresh property : null
2021-04-16 10:47:37.341 [main] INFO  com.netflix.discovery.DiscoveryClient - Force full registry fetch : false
2021-04-16 10:47:37.341 [main] INFO  com.netflix.discovery.DiscoveryClient - Application is null : false
2021-04-16 10:47:37.341 [main] INFO  com.netflix.discovery.DiscoveryClient - Registered Applications size is zero : true
2021-04-16 10:47:37.341 [main] INFO  com.netflix.discovery.DiscoveryClient - Application version is -1: true
2021-04-16 10:47:37.341 [main] INFO  com.netflix.discovery.DiscoveryClient - Getting all instance registry info from the eureka server
2021-04-16 10:47:41.512 [main] INFO  com.netflix.discovery.DiscoveryClient - Initial registry fetch from primary servers failed
2021-04-16 10:47:41.516 [main] INFO  com.netflix.discovery.DiscoveryClient - Initial registry fetch from backup servers failed
2021-04-16 10:47:41.519 [main] INFO  com.netflix.discovery.DiscoveryClient - Starting heartbeat executor: renew interval is: 30
2021-04-16 10:47:41.528 [main] INFO  com.netflix.discovery.InstanceInfoReplicator - InstanceInfoReplicator onDemand update allowed rate per min is 4
2021-04-16 10:47:41.532 [main] INFO  com.netflix.discovery.DiscoveryClient - Discovery Client initialized at timestamp 1618541261531 with initial instances count: 0
2021-04-16 10:47:41.540 [main] INFO  o.s.c.n.e.serviceregistry.EurekaServiceRegistry - Registering application PRODUCT with eureka with status UP
2021-04-16 10:47:41.542 [main] INFO  com.netflix.discovery.DiscoveryClient - Saw local status change event StatusChangeEvent [timestamp=1618541261542, current=UP, previous=STARTING]
2021-04-16 10:47:41.550 [DiscoveryClient-InstanceInfoReplicator-0] INFO  com.netflix.discovery.DiscoveryClient - DiscoveryClient_PRODUCT/LAPTOP-L5KMNRFT:product:8085: registering service...
2021-04-16 10:47:42.155 [main] INFO  o.s.s.a.ScheduledAnnotationBeanPostProcessor - No TaskScheduler/ScheduledExecutorService bean found for scheduled processing
2021-04-16 10:47:42.185 [main] INFO  com.rhythm.product.test - Started test in 19.368 seconds (JVM running for 21.542)
2021-04-16 10:47:42.686 [main] INFO  com.zaxxer.hikari.HikariDataSource - HikariPool-1 - Starting...
2021-04-16 10:47:42.917 [main] INFO  com.zaxxer.hikari.HikariDataSource - HikariPool-1 - Start completed.
2021-04-16 10:47:43.043 [main] INFO  com.rhythm.product.test - {rpstId=1, productId=1, productNum=1}
2021-04-16 10:47:43.069 [SpringContextShutdownHook] INFO  o.s.c.n.e.serviceregistry.EurekaServiceRegistry - Unregistering application PRODUCT with eureka with status DOWN
2021-04-16 10:47:43.093 [SpringContextShutdownHook] INFO  o.s.scheduling.concurrent.ThreadPoolTaskExecutor - Shutting down ExecutorService 'applicationTaskExecutor'
2021-04-16 10:47:43.234 [SpringContextShutdownHook] INFO  com.zaxxer.hikari.HikariDataSource - HikariPool-1 - Shutdown initiated...
2021-04-16 10:47:43.254 [SpringContextShutdownHook] INFO  com.zaxxer.hikari.HikariDataSource - HikariPool-1 - Shutdown completed.
2021-04-16 10:47:43.257 [SpringContextShutdownHook] INFO  com.netflix.discovery.DiscoveryClient - Shutting down DiscoveryClient ...
2021-04-16 10:47:45.612 [DiscoveryClient-InstanceInfoReplicator-0] INFO  com.netflix.discovery.DiscoveryClient - DiscoveryClient_PRODUCT/LAPTOP-L5KMNRFT:product:8085: registering service...
2021-04-16 10:47:46.266 [SpringContextShutdownHook] INFO  com.netflix.discovery.DiscoveryClient - Unregistering ...
2021-04-16 10:47:50.338 [SpringContextShutdownHook] INFO  com.netflix.discovery.DiscoveryClient - Completed shut down of DiscoveryClient
2021-04-16 10:50:37.691 [main] INFO  o.s.b.t.context.SpringBootTestContextBootstrapper - Neither @ContextConfiguration nor @ContextHierarchy found for test class [com.rhythm.product.test], using SpringBootContextLoader
2021-04-16 10:50:37.715 [main] INFO  o.s.test.context.support.AbstractContextLoader - Could not detect default resource locations for test class [com.rhythm.product.test]: no resource found for suffixes {-context.xml, Context.groovy}.
2021-04-16 10:50:38.140 [main] INFO  o.s.b.t.context.SpringBootTestContextBootstrapper - Loaded default TestExecutionListener class names from location [META-INF/spring.factories]: [org.springframework.boot.test.mock.mockito.MockitoTestExecutionListener, org.springframework.boot.test.mock.mockito.ResetMocksTestExecutionListener, org.springframework.boot.test.autoconfigure.restdocs.RestDocsTestExecutionListener, org.springframework.boot.test.autoconfigure.web.client.MockRestServiceServerResetTestExecutionListener, org.springframework.boot.test.autoconfigure.web.servlet.MockMvcPrintOnlyOnFailureTestExecutionListener, org.springframework.boot.test.autoconfigure.web.servlet.WebDriverTestExecutionListener, org.springframework.boot.test.autoconfigure.webservices.client.MockWebServiceServerTestExecutionListener, org.springframework.test.context.web.ServletTestExecutionListener, org.springframework.test.context.support.DirtiesContextBeforeModesTestExecutionListener, org.springframework.test.context.support.DependencyInjectionTestExecutionListener, org.springframework.test.context.support.DirtiesContextTestExecutionListener, org.springframework.test.context.transaction.TransactionalTestExecutionListener, org.springframework.test.context.jdbc.SqlScriptsTestExecutionListener, org.springframework.test.context.event.EventPublishingTestExecutionListener]
2021-04-16 10:50:38.176 [main] INFO  o.s.b.t.context.SpringBootTestContextBootstrapper - Using TestExecutionListeners: [org.springframework.test.context.web.ServletTestExecutionListener@5824a83d, org.springframework.test.context.support.DirtiesContextBeforeModesTestExecutionListener@537f60bf, org.springframework.boot.test.mock.mockito.MockitoTestExecutionListener@5677323c, org.springframework.boot.test.autoconfigure.SpringBootDependencyInjectionTestExecutionListener@18df8434, org.springframework.test.context.support.DirtiesContextTestExecutionListener@65c7a252, org.springframework.test.context.transaction.TransactionalTestExecutionListener@4d154ccd, org.springframework.test.context.jdbc.SqlScriptsTestExecutionListener@229c6181, org.springframework.test.context.event.EventPublishingTestExecutionListener@4686afc2, org.springframework.boot.test.mock.mockito.ResetMocksTestExecutionListener@1e0b4072, org.springframework.boot.test.autoconfigure.restdocs.RestDocsTestExecutionListener@791f145a, org.springframework.boot.test.autoconfigure.web.client.MockRestServiceServerResetTestExecutionListener@38cee291, org.springframework.boot.test.autoconfigure.web.servlet.MockMvcPrintOnlyOnFailureTestExecutionListener@4b45a2f5, org.springframework.boot.test.autoconfigure.web.servlet.WebDriverTestExecutionListener@f09733f, org.springframework.boot.test.autoconfigure.webservices.client.MockWebServiceServerTestExecutionListener@e350b40]
2021-04-16 10:50:40.742 [main] INFO  com.rhythm.product.test - No active profile set, falling back to default profiles: default
2021-04-16 10:50:42.019 [main] INFO  o.s.d.r.config.RepositoryConfigurationDelegate - Multiple Spring Data modules found, entering strict repository configuration mode!
2021-04-16 10:50:42.029 [main] INFO  o.s.d.r.config.RepositoryConfigurationDelegate - Bootstrapping Spring Data Redis repositories in DEFAULT mode.
2021-04-16 10:50:42.139 [main] INFO  o.s.d.r.config.RepositoryConfigurationDelegate - Finished Spring Data repository scanning in 67ms. Found 0 Redis repository interfaces.
2021-04-16 10:51:18.459 [main] INFO  o.s.b.t.context.SpringBootTestContextBootstrapper - Neither @ContextConfiguration nor @ContextHierarchy found for test class [com.rhythm.product.test], using SpringBootContextLoader
2021-04-16 10:51:18.472 [main] INFO  o.s.test.context.support.AbstractContextLoader - Could not detect default resource locations for test class [com.rhythm.product.test]: no resource found for suffixes {-context.xml, Context.groovy}.
2021-04-16 10:51:18.850 [main] INFO  o.s.b.t.context.SpringBootTestContextBootstrapper - Loaded default TestExecutionListener class names from location [META-INF/spring.factories]: [org.springframework.boot.test.mock.mockito.MockitoTestExecutionListener, org.springframework.boot.test.mock.mockito.ResetMocksTestExecutionListener, org.springframework.boot.test.autoconfigure.restdocs.RestDocsTestExecutionListener, org.springframework.boot.test.autoconfigure.web.client.MockRestServiceServerResetTestExecutionListener, org.springframework.boot.test.autoconfigure.web.servlet.MockMvcPrintOnlyOnFailureTestExecutionListener, org.springframework.boot.test.autoconfigure.web.servlet.WebDriverTestExecutionListener, org.springframework.boot.test.autoconfigure.webservices.client.MockWebServiceServerTestExecutionListener, org.springframework.test.context.web.ServletTestExecutionListener, org.springframework.test.context.support.DirtiesContextBeforeModesTestExecutionListener, org.springframework.test.context.support.DependencyInjectionTestExecutionListener, org.springframework.test.context.support.DirtiesContextTestExecutionListener, org.springframework.test.context.transaction.TransactionalTestExecutionListener, org.springframework.test.context.jdbc.SqlScriptsTestExecutionListener, org.springframework.test.context.event.EventPublishingTestExecutionListener]
2021-04-16 10:51:18.885 [main] INFO  o.s.b.t.context.SpringBootTestContextBootstrapper - Using TestExecutionListeners: [org.springframework.test.context.web.ServletTestExecutionListener@5824a83d, org.springframework.test.context.support.DirtiesContextBeforeModesTestExecutionListener@537f60bf, org.springframework.boot.test.mock.mockito.MockitoTestExecutionListener@5677323c, org.springframework.boot.test.autoconfigure.SpringBootDependencyInjectionTestExecutionListener@18df8434, org.springframework.test.context.support.DirtiesContextTestExecutionListener@65c7a252, org.springframework.test.context.transaction.TransactionalTestExecutionListener@4d154ccd, org.springframework.test.context.jdbc.SqlScriptsTestExecutionListener@229c6181, org.springframework.test.context.event.EventPublishingTestExecutionListener@4686afc2, org.springframework.boot.test.mock.mockito.ResetMocksTestExecutionListener@1e0b4072, org.springframework.boot.test.autoconfigure.restdocs.RestDocsTestExecutionListener@791f145a, org.springframework.boot.test.autoconfigure.web.client.MockRestServiceServerResetTestExecutionListener@38cee291, org.springframework.boot.test.autoconfigure.web.servlet.MockMvcPrintOnlyOnFailureTestExecutionListener@4b45a2f5, org.springframework.boot.test.autoconfigure.web.servlet.WebDriverTestExecutionListener@f09733f, org.springframework.boot.test.autoconfigure.webservices.client.MockWebServiceServerTestExecutionListener@e350b40]
2021-04-16 10:51:20.788 [main] INFO  com.rhythm.product.test - No active profile set, falling back to default profiles: default
2021-04-16 10:51:21.816 [main] INFO  o.s.d.r.config.RepositoryConfigurationDelegate - Multiple Spring Data modules found, entering strict repository configuration mode!
2021-04-16 10:51:21.820 [main] INFO  o.s.d.r.config.RepositoryConfigurationDelegate - Bootstrapping Spring Data Redis repositories in DEFAULT mode.
2021-04-16 10:51:21.877 [main] INFO  o.s.d.r.config.RepositoryConfigurationDelegate - Finished Spring Data repository scanning in 30ms. Found 0 Redis repository interfaces.
2021-04-16 10:51:22.477 [main] INFO  o.springframework.cloud.context.scope.GenericScope - BeanFactory id=555381da-8d98-35ba-9c17-2124e3271029
2021-04-16 10:51:27.170 [main] INFO  com.netflix.config.sources.URLConfigurationSource - To enable URLs as dynamic configuration sources, define System property archaius.configurationSource.additionalUrls or make config.properties available on classpath.
2021-04-16 10:51:27.189 [main] INFO  com.netflix.config.sources.URLConfigurationSource - To enable URLs as dynamic configuration sources, define System property archaius.configurationSource.additionalUrls or make config.properties available on classpath.
2021-04-16 10:51:28.036 [main] INFO  o.s.scheduling.concurrent.ThreadPoolTaskExecutor - Initializing ExecutorService 'applicationTaskExecutor'
2021-04-16 10:51:30.140 [main] INFO  o.s.c.n.e.c.DiscoveryClientOptionalArgsConfiguration - Eureka HTTP Client uses Jersey
2021-04-16 10:51:30.991 [main] INFO  o.s.cloud.netflix.eureka.InstanceInfoFactory - Setting initial instance status as: STARTING
2021-04-16 10:51:31.109 [main] INFO  com.netflix.discovery.DiscoveryClient - Initializing Eureka in region us-east-1
2021-04-16 10:51:32.068 [main] INFO  c.n.discovery.provider.DiscoveryJerseyProvider - Using JSON encoding codec LegacyJacksonJson
2021-04-16 10:51:32.068 [main] INFO  c.n.discovery.provider.DiscoveryJerseyProvider - Using JSON decoding codec LegacyJacksonJson
2021-04-16 10:51:32.290 [main] INFO  c.n.discovery.provider.DiscoveryJerseyProvider - Using XML encoding codec XStreamXml
2021-04-16 10:51:32.291 [main] INFO  c.n.discovery.provider.DiscoveryJerseyProvider - Using XML decoding codec XStreamXml
2021-04-16 10:51:32.637 [main] INFO  c.n.d.shared.resolver.aws.ConfigClusterResolver - Resolving eureka endpoints via configuration
2021-04-16 10:51:32.970 [main] INFO  com.netflix.discovery.DiscoveryClient - Disable delta property : false
2021-04-16 10:51:32.971 [main] INFO  com.netflix.discovery.DiscoveryClient - Single vip registry refresh property : null
2021-04-16 10:51:32.971 [main] INFO  com.netflix.discovery.DiscoveryClient - Force full registry fetch : false
2021-04-16 10:51:32.971 [main] INFO  com.netflix.discovery.DiscoveryClient - Application is null : false
2021-04-16 10:51:32.971 [main] INFO  com.netflix.discovery.DiscoveryClient - Registered Applications size is zero : true
2021-04-16 10:51:32.971 [main] INFO  com.netflix.discovery.DiscoveryClient - Application version is -1: true
2021-04-16 10:51:32.971 [main] INFO  com.netflix.discovery.DiscoveryClient - Getting all instance registry info from the eureka server
2021-04-16 10:51:37.126 [main] INFO  com.netflix.discovery.DiscoveryClient - Initial registry fetch from primary servers failed
2021-04-16 10:51:37.129 [main] INFO  com.netflix.discovery.DiscoveryClient - Initial registry fetch from backup servers failed
2021-04-16 10:51:37.131 [main] INFO  com.netflix.discovery.DiscoveryClient - Starting heartbeat executor: renew interval is: 30
2021-04-16 10:51:37.138 [main] INFO  com.netflix.discovery.InstanceInfoReplicator - InstanceInfoReplicator onDemand update allowed rate per min is 4
2021-04-16 10:51:37.149 [main] INFO  com.netflix.discovery.DiscoveryClient - Discovery Client initialized at timestamp 1618541497145 with initial instances count: 0
2021-04-16 10:51:37.160 [main] INFO  o.s.c.n.e.serviceregistry.EurekaServiceRegistry - Registering application PRODUCT with eureka with status UP
2021-04-16 10:51:37.162 [main] INFO  com.netflix.discovery.DiscoveryClient - Saw local status change event StatusChangeEvent [timestamp=1618541497162, current=UP, previous=STARTING]
2021-04-16 10:51:37.168 [DiscoveryClient-InstanceInfoReplicator-0] INFO  com.netflix.discovery.DiscoveryClient - DiscoveryClient_PRODUCT/LAPTOP-L5KMNRFT:product:8085: registering service...
2021-04-16 10:51:37.763 [main] INFO  o.s.s.a.ScheduledAnnotationBeanPostProcessor - No TaskScheduler/ScheduledExecutorService bean found for scheduled processing
2021-04-16 10:51:37.778 [main] INFO  com.rhythm.product.test - Started test in 18.818 seconds (JVM running for 20.924)
2021-04-16 10:51:38.340 [main] INFO  com.zaxxer.hikari.HikariDataSource - HikariPool-1 - Starting...
2021-04-16 10:51:38.601 [main] INFO  com.zaxxer.hikari.HikariDataSource - HikariPool-1 - Start completed.
2021-04-16 10:51:38.713 [main] INFO  com.rhythm.product.test - 2
2021-04-16 10:51:38.715 [main] INFO  com.rhythm.product.test - {rpstId=1, productId=1, productNum=1}
2021-04-16 10:51:38.743 [SpringContextShutdownHook] INFO  o.s.c.n.e.serviceregistry.EurekaServiceRegistry - Unregistering application PRODUCT with eureka with status DOWN
2021-04-16 10:51:38.762 [SpringContextShutdownHook] INFO  o.s.scheduling.concurrent.ThreadPoolTaskExecutor - Shutting down ExecutorService 'applicationTaskExecutor'
2021-04-16 10:51:38.900 [SpringContextShutdownHook] INFO  com.zaxxer.hikari.HikariDataSource - HikariPool-1 - Shutdown initiated...
2021-04-16 10:51:38.920 [SpringContextShutdownHook] INFO  com.zaxxer.hikari.HikariDataSource - HikariPool-1 - Shutdown completed.
2021-04-16 10:51:38.922 [SpringContextShutdownHook] INFO  com.netflix.discovery.DiscoveryClient - Shutting down DiscoveryClient ...
2021-04-16 10:51:41.198 [DiscoveryClient-InstanceInfoReplicator-0] INFO  com.netflix.discovery.DiscoveryClient - DiscoveryClient_PRODUCT/LAPTOP-L5KMNRFT:product:8085: registering service...
2021-04-16 10:51:41.929 [SpringContextShutdownHook] INFO  com.netflix.discovery.DiscoveryClient - Unregistering ...
2021-04-16 10:51:45.987 [SpringContextShutdownHook] INFO  com.netflix.discovery.DiscoveryClient - Completed shut down of DiscoveryClient
2021-04-16 10:52:08.362 [main] INFO  o.s.b.t.context.SpringBootTestContextBootstrapper - Neither @ContextConfiguration nor @ContextHierarchy found for test class [com.rhythm.product.test], using SpringBootContextLoader
2021-04-16 10:52:08.381 [main] INFO  o.s.test.context.support.AbstractContextLoader - Could not detect default resource locations for test class [com.rhythm.product.test]: no resource found for suffixes {-context.xml, Context.groovy}.
2021-04-16 10:52:08.798 [main] INFO  o.s.b.t.context.SpringBootTestContextBootstrapper - Loaded default TestExecutionListener class names from location [META-INF/spring.factories]: [org.springframework.boot.test.mock.mockito.MockitoTestExecutionListener, org.springframework.boot.test.mock.mockito.ResetMocksTestExecutionListener, org.springframework.boot.test.autoconfigure.restdocs.RestDocsTestExecutionListener, org.springframework.boot.test.autoconfigure.web.client.MockRestServiceServerResetTestExecutionListener, org.springframework.boot.test.autoconfigure.web.servlet.MockMvcPrintOnlyOnFailureTestExecutionListener, org.springframework.boot.test.autoconfigure.web.servlet.WebDriverTestExecutionListener, org.springframework.boot.test.autoconfigure.webservices.client.MockWebServiceServerTestExecutionListener, org.springframework.test.context.web.ServletTestExecutionListener, org.springframework.test.context.support.DirtiesContextBeforeModesTestExecutionListener, org.springframework.test.context.support.DependencyInjectionTestExecutionListener, org.springframework.test.context.support.DirtiesContextTestExecutionListener, org.springframework.test.context.transaction.TransactionalTestExecutionListener, org.springframework.test.context.jdbc.SqlScriptsTestExecutionListener, org.springframework.test.context.event.EventPublishingTestExecutionListener]
2021-04-16 10:52:08.832 [main] INFO  o.s.b.t.context.SpringBootTestContextBootstrapper - Using TestExecutionListeners: [org.springframework.test.context.web.ServletTestExecutionListener@5824a83d, org.springframework.test.context.support.DirtiesContextBeforeModesTestExecutionListener@537f60bf, org.springframework.boot.test.mock.mockito.MockitoTestExecutionListener@5677323c, org.springframework.boot.test.autoconfigure.SpringBootDependencyInjectionTestExecutionListener@18df8434, org.springframework.test.context.support.DirtiesContextTestExecutionListener@65c7a252, org.springframework.test.context.transaction.TransactionalTestExecutionListener@4d154ccd, org.springframework.test.context.jdbc.SqlScriptsTestExecutionListener@229c6181, org.springframework.test.context.event.EventPublishingTestExecutionListener@4686afc2, org.springframework.boot.test.mock.mockito.ResetMocksTestExecutionListener@1e0b4072, org.springframework.boot.test.autoconfigure.restdocs.RestDocsTestExecutionListener@791f145a, org.springframework.boot.test.autoconfigure.web.client.MockRestServiceServerResetTestExecutionListener@38cee291, org.springframework.boot.test.autoconfigure.web.servlet.MockMvcPrintOnlyOnFailureTestExecutionListener@4b45a2f5, org.springframework.boot.test.autoconfigure.web.servlet.WebDriverTestExecutionListener@f09733f, org.springframework.boot.test.autoconfigure.webservices.client.MockWebServiceServerTestExecutionListener@e350b40]
2021-04-16 10:52:10.855 [main] INFO  com.rhythm.product.test - No active profile set, falling back to default profiles: default
2021-04-16 10:52:11.824 [main] INFO  o.s.d.r.config.RepositoryConfigurationDelegate - Multiple Spring Data modules found, entering strict repository configuration mode!
2021-04-16 10:52:11.829 [main] INFO  o.s.d.r.config.RepositoryConfigurationDelegate - Bootstrapping Spring Data Redis repositories in DEFAULT mode.
2021-04-16 10:52:11.880 [main] INFO  o.s.d.r.config.RepositoryConfigurationDelegate - Finished Spring Data repository scanning in 28ms. Found 0 Redis repository interfaces.
2021-04-16 10:52:12.519 [main] INFO  o.springframework.cloud.context.scope.GenericScope - BeanFactory id=555381da-8d98-35ba-9c17-2124e3271029
2021-04-16 10:52:17.021 [main] INFO  com.netflix.config.sources.URLConfigurationSource - To enable URLs as dynamic configuration sources, define System property archaius.configurationSource.additionalUrls or make config.properties available on classpath.
2021-04-16 10:52:17.045 [main] INFO  com.netflix.config.sources.URLConfigurationSource - To enable URLs as dynamic configuration sources, define System property archaius.configurationSource.additionalUrls or make config.properties available on classpath.
2021-04-16 10:52:17.839 [main] INFO  o.s.scheduling.concurrent.ThreadPoolTaskExecutor - Initializing ExecutorService 'applicationTaskExecutor'
2021-04-16 10:52:20.024 [main] INFO  o.s.c.n.e.c.DiscoveryClientOptionalArgsConfiguration - Eureka HTTP Client uses Jersey
2021-04-16 10:52:20.866 [main] INFO  o.s.cloud.netflix.eureka.InstanceInfoFactory - Setting initial instance status as: STARTING
2021-04-16 10:52:21.001 [main] INFO  com.netflix.discovery.DiscoveryClient - Initializing Eureka in region us-east-1
2021-04-16 10:52:21.926 [main] INFO  c.n.discovery.provider.DiscoveryJerseyProvider - Using JSON encoding codec LegacyJacksonJson
2021-04-16 10:52:21.926 [main] INFO  c.n.discovery.provider.DiscoveryJerseyProvider - Using JSON decoding codec LegacyJacksonJson
2021-04-16 10:52:22.239 [main] INFO  c.n.discovery.provider.DiscoveryJerseyProvider - Using XML encoding codec XStreamXml
2021-04-16 10:52:22.240 [main] INFO  c.n.discovery.provider.DiscoveryJerseyProvider - Using XML decoding codec XStreamXml
2021-04-16 10:52:22.581 [main] INFO  c.n.d.shared.resolver.aws.ConfigClusterResolver - Resolving eureka endpoints via configuration
2021-04-16 10:52:22.911 [main] INFO  com.netflix.discovery.DiscoveryClient - Disable delta property : false
2021-04-16 10:52:22.911 [main] INFO  com.netflix.discovery.DiscoveryClient - Single vip registry refresh property : null
2021-04-16 10:52:22.911 [main] INFO  com.netflix.discovery.DiscoveryClient - Force full registry fetch : false
2021-04-16 10:52:22.912 [main] INFO  com.netflix.discovery.DiscoveryClient - Application is null : false
2021-04-16 10:52:22.912 [main] INFO  com.netflix.discovery.DiscoveryClient - Registered Applications size is zero : true
2021-04-16 10:52:22.912 [main] INFO  com.netflix.discovery.DiscoveryClient - Application version is -1: true
2021-04-16 10:52:22.913 [main] INFO  com.netflix.discovery.DiscoveryClient - Getting all instance registry info from the eureka server
2021-04-16 10:52:27.080 [main] INFO  com.netflix.discovery.DiscoveryClient - Initial registry fetch from primary servers failed
2021-04-16 10:52:27.086 [main] INFO  com.netflix.discovery.DiscoveryClient - Initial registry fetch from backup servers failed
2021-04-16 10:52:27.090 [main] INFO  com.netflix.discovery.DiscoveryClient - Starting heartbeat executor: renew interval is: 30
2021-04-16 10:52:27.102 [main] INFO  com.netflix.discovery.InstanceInfoReplicator - InstanceInfoReplicator onDemand update allowed rate per min is 4
2021-04-16 10:52:27.109 [main] INFO  com.netflix.discovery.DiscoveryClient - Discovery Client initialized at timestamp 1618541547108 with initial instances count: 0
2021-04-16 10:52:27.119 [main] INFO  o.s.c.n.e.serviceregistry.EurekaServiceRegistry - Registering application PRODUCT with eureka with status UP
2021-04-16 10:52:27.121 [main] INFO  com.netflix.discovery.DiscoveryClient - Saw local status change event StatusChangeEvent [timestamp=1618541547121, current=UP, previous=STARTING]
2021-04-16 10:52:27.127 [DiscoveryClient-InstanceInfoReplicator-0] INFO  com.netflix.discovery.DiscoveryClient - DiscoveryClient_PRODUCT/LAPTOP-L5KMNRFT:product:8085: registering service...
2021-04-16 10:52:27.736 [main] INFO  o.s.s.a.ScheduledAnnotationBeanPostProcessor - No TaskScheduler/ScheduledExecutorService bean found for scheduled processing
2021-04-16 10:52:27.747 [main] INFO  com.rhythm.product.test - Started test in 18.833 seconds (JVM running for 20.893)
2021-04-16 10:52:28.098 [main] INFO  com.zaxxer.hikari.HikariDataSource - HikariPool-1 - Starting...
2021-04-16 10:52:28.325 [main] INFO  com.zaxxer.hikari.HikariDataSource - HikariPool-1 - Start completed.
2021-04-16 10:52:28.425 [main] INFO  com.rhythm.product.test - 2
2021-04-16 10:52:28.425 [main] INFO  com.rhythm.product.test - {rpstId=1, productId=2, productNum=2}
2021-04-16 10:52:28.442 [SpringContextShutdownHook] INFO  o.s.c.n.e.serviceregistry.EurekaServiceRegistry - Unregistering application PRODUCT with eureka with status DOWN
2021-04-16 10:52:28.456 [SpringContextShutdownHook] INFO  o.s.scheduling.concurrent.ThreadPoolTaskExecutor - Shutting down ExecutorService 'applicationTaskExecutor'
2021-04-16 10:52:28.600 [SpringContextShutdownHook] INFO  com.zaxxer.hikari.HikariDataSource - HikariPool-1 - Shutdown initiated...
2021-04-16 10:52:28.613 [SpringContextShutdownHook] INFO  com.zaxxer.hikari.HikariDataSource - HikariPool-1 - Shutdown completed.
2021-04-16 10:52:28.614 [SpringContextShutdownHook] INFO  com.netflix.discovery.DiscoveryClient - Shutting down DiscoveryClient ...
2021-04-16 10:52:31.170 [DiscoveryClient-InstanceInfoReplicator-0] INFO  com.netflix.discovery.DiscoveryClient - DiscoveryClient_PRODUCT/LAPTOP-L5KMNRFT:product:8085: registering service...
2021-04-16 10:52:31.622 [SpringContextShutdownHook] INFO  com.netflix.discovery.DiscoveryClient - Unregistering ...
2021-04-16 10:52:35.684 [SpringContextShutdownHook] INFO  com.netflix.discovery.DiscoveryClient - Completed shut down of DiscoveryClient
2021-04-17 18:35:43.087 [main] INFO  o.s.b.t.context.SpringBootTestContextBootstrapper - Neither @ContextConfiguration nor @ContextHierarchy found for test class [com.rhythm.product.test], using SpringBootContextLoader
2021-04-17 18:35:43.134 [main] INFO  o.s.test.context.support.AbstractContextLoader - Could not detect default resource locations for test class [com.rhythm.product.test]: no resource found for suffixes {-context.xml, Context.groovy}.
2021-04-17 18:35:43.993 [main] INFO  o.s.b.t.context.SpringBootTestContextBootstrapper - Loaded default TestExecutionListener class names from location [META-INF/spring.factories]: [org.springframework.boot.test.mock.mockito.MockitoTestExecutionListener, org.springframework.boot.test.mock.mockito.ResetMocksTestExecutionListener, org.springframework.boot.test.autoconfigure.restdocs.RestDocsTestExecutionListener, org.springframework.boot.test.autoconfigure.web.client.MockRestServiceServerResetTestExecutionListener, org.springframework.boot.test.autoconfigure.web.servlet.MockMvcPrintOnlyOnFailureTestExecutionListener, org.springframework.boot.test.autoconfigure.web.servlet.WebDriverTestExecutionListener, org.springframework.boot.test.autoconfigure.webservices.client.MockWebServiceServerTestExecutionListener, org.springframework.test.context.web.ServletTestExecutionListener, org.springframework.test.context.support.DirtiesContextBeforeModesTestExecutionListener, org.springframework.test.context.support.DependencyInjectionTestExecutionListener, org.springframework.test.context.support.DirtiesContextTestExecutionListener, org.springframework.test.context.transaction.TransactionalTestExecutionListener, org.springframework.test.context.jdbc.SqlScriptsTestExecutionListener, org.springframework.test.context.event.EventPublishingTestExecutionListener]
2021-04-17 18:35:44.056 [main] INFO  o.s.b.t.context.SpringBootTestContextBootstrapper - Using TestExecutionListeners: [org.springframework.test.context.web.ServletTestExecutionListener@7b36aa0c, org.springframework.test.context.support.DirtiesContextBeforeModesTestExecutionListener@5824a83d, org.springframework.boot.test.mock.mockito.MockitoTestExecutionListener@537f60bf, org.springframework.boot.test.autoconfigure.SpringBootDependencyInjectionTestExecutionListener@5677323c, org.springframework.test.context.support.DirtiesContextTestExecutionListener@18df8434, org.springframework.test.context.transaction.TransactionalTestExecutionListener@65c7a252, org.springframework.test.context.jdbc.SqlScriptsTestExecutionListener@4d154ccd, org.springframework.test.context.event.EventPublishingTestExecutionListener@229c6181, org.springframework.boot.test.mock.mockito.ResetMocksTestExecutionListener@4686afc2, org.springframework.boot.test.autoconfigure.restdocs.RestDocsTestExecutionListener@1e0b4072, org.springframework.boot.test.autoconfigure.web.client.MockRestServiceServerResetTestExecutionListener@791f145a, org.springframework.boot.test.autoconfigure.web.servlet.MockMvcPrintOnlyOnFailureTestExecutionListener@38cee291, org.springframework.boot.test.autoconfigure.web.servlet.WebDriverTestExecutionListener@4b45a2f5, org.springframework.boot.test.autoconfigure.webservices.client.MockWebServiceServerTestExecutionListener@f09733f]
2021-04-17 18:35:47.376 [main] INFO  com.rhythm.product.test - No active profile set, falling back to default profiles: default
2021-04-17 18:35:48.844 [main] INFO  o.s.d.r.config.RepositoryConfigurationDelegate - Multiple Spring Data modules found, entering strict repository configuration mode!
2021-04-17 18:35:48.844 [main] INFO  o.s.d.r.config.RepositoryConfigurationDelegate - Bootstrapping Spring Data Redis repositories in DEFAULT mode.
2021-04-17 18:35:48.907 [main] INFO  o.s.d.r.config.RepositoryConfigurationDelegate - Finished Spring Data repository scanning in 28ms. Found 0 Redis repository interfaces.
2021-04-17 18:35:49.729 [main] INFO  o.springframework.cloud.context.scope.GenericScope - BeanFactory id=555381da-8d98-35ba-9c17-2124e3271029
2021-04-17 18:35:57.167 [main] INFO  com.netflix.config.sources.URLConfigurationSource - To enable URLs as dynamic configuration sources, define System property archaius.configurationSource.additionalUrls or make config.properties available on classpath.
2021-04-17 18:35:57.183 [main] INFO  com.netflix.config.sources.URLConfigurationSource - To enable URLs as dynamic configuration sources, define System property archaius.configurationSource.additionalUrls or make config.properties available on classpath.
2021-04-17 18:35:57.886 [main] INFO  o.s.scheduling.concurrent.ThreadPoolTaskExecutor - Initializing ExecutorService 'applicationTaskExecutor'
2021-04-17 18:36:00.772 [main] INFO  o.s.c.n.e.c.DiscoveryClientOptionalArgsConfiguration - Eureka HTTP Client uses Jersey
2021-04-17 18:36:02.287 [main] INFO  o.s.cloud.netflix.eureka.InstanceInfoFactory - Setting initial instance status as: STARTING
2021-04-17 18:36:02.443 [main] INFO  com.netflix.discovery.DiscoveryClient - Initializing Eureka in region us-east-1
2021-04-17 18:36:03.880 [main] INFO  c.n.discovery.provider.DiscoveryJerseyProvider - Using JSON encoding codec LegacyJacksonJson
2021-04-17 18:36:03.880 [main] INFO  c.n.discovery.provider.DiscoveryJerseyProvider - Using JSON decoding codec LegacyJacksonJson
2021-04-17 18:36:04.177 [main] INFO  c.n.discovery.provider.DiscoveryJerseyProvider - Using XML encoding codec XStreamXml
2021-04-17 18:36:04.177 [main] INFO  c.n.discovery.provider.DiscoveryJerseyProvider - Using XML decoding codec XStreamXml
2021-04-17 18:36:04.521 [main] INFO  c.n.d.shared.resolver.aws.ConfigClusterResolver - Resolving eureka endpoints via configuration
2021-04-17 18:36:05.208 [main] INFO  com.netflix.discovery.DiscoveryClient - Disable delta property : false
2021-04-17 18:36:05.208 [main] INFO  com.netflix.discovery.DiscoveryClient - Single vip registry refresh property : null
2021-04-17 18:36:05.208 [main] INFO  com.netflix.discovery.DiscoveryClient - Force full registry fetch : false
2021-04-17 18:36:05.208 [main] INFO  com.netflix.discovery.DiscoveryClient - Application is null : false
2021-04-17 18:36:05.208 [main] INFO  com.netflix.discovery.DiscoveryClient - Registered Applications size is zero : true
2021-04-17 18:36:05.208 [main] INFO  com.netflix.discovery.DiscoveryClient - Application version is -1: true
2021-04-17 18:36:05.208 [main] INFO  com.netflix.discovery.DiscoveryClient - Getting all instance registry info from the eureka server
2021-04-17 18:36:05.645 [main] INFO  com.netflix.discovery.DiscoveryClient - The response status is 200
2021-04-17 18:36:05.645 [main] INFO  com.netflix.discovery.DiscoveryClient - Starting heartbeat executor: renew interval is: 30
2021-04-17 18:36:05.645 [main] INFO  com.netflix.discovery.InstanceInfoReplicator - InstanceInfoReplicator onDemand update allowed rate per min is 4
2021-04-17 18:36:05.661 [main] INFO  com.netflix.discovery.DiscoveryClient - Discovery Client initialized at timestamp 1618655765661 with initial instances count: 3
2021-04-17 18:36:05.661 [main] INFO  o.s.c.n.e.serviceregistry.EurekaServiceRegistry - Registering application PRODUCT with eureka with status UP
2021-04-17 18:36:05.661 [main] INFO  com.netflix.discovery.DiscoveryClient - Saw local status change event StatusChangeEvent [timestamp=1618655765661, current=UP, previous=STARTING]
2021-04-17 18:36:05.677 [DiscoveryClient-InstanceInfoReplicator-0] INFO  com.netflix.discovery.DiscoveryClient - DiscoveryClient_PRODUCT/DESKTOP-F7K69CA:product:8085: registering service...
2021-04-17 18:36:05.755 [DiscoveryClient-InstanceInfoReplicator-0] INFO  com.netflix.discovery.DiscoveryClient - DiscoveryClient_PRODUCT/DESKTOP-F7K69CA:product:8085 - registration status: 204
2021-04-17 18:36:06.292 [main] INFO  o.s.s.a.ScheduledAnnotationBeanPostProcessor - No TaskScheduler/ScheduledExecutorService bean found for scheduled processing
2021-04-17 18:36:06.308 [main] INFO  com.rhythm.product.test - Started test in 22.111 seconds (JVM running for 25.399)
2021-04-17 18:36:06.948 [main] INFO  com.zaxxer.hikari.HikariDataSource - HikariPool-1 - Starting...
2021-04-17 18:36:07.323 [main] INFO  com.zaxxer.hikari.HikariDataSource - HikariPool-1 - Start completed.
2021-04-17 18:36:07.464 [main] INFO  com.rhythm.product.test - 1
2021-04-17 18:36:07.511 [SpringContextShutdownHook] INFO  o.s.c.n.e.serviceregistry.EurekaServiceRegistry - Unregistering application PRODUCT with eureka with status DOWN
2021-04-17 18:36:07.511 [DiscoveryClient-InstanceInfoReplicator-0] INFO  com.netflix.discovery.DiscoveryClient - DiscoveryClient_PRODUCT/DESKTOP-F7K69CA:product:8085: registering service...
2021-04-17 18:36:07.557 [DiscoveryClient-InstanceInfoReplicator-0] INFO  com.netflix.discovery.DiscoveryClient - DiscoveryClient_PRODUCT/DESKTOP-F7K69CA:product:8085 - registration status: 204
2021-04-17 18:36:07.573 [SpringContextShutdownHook] INFO  o.s.scheduling.concurrent.ThreadPoolTaskExecutor - Shutting down ExecutorService 'applicationTaskExecutor'
2021-04-17 18:36:07.823 [SpringContextShutdownHook] INFO  com.zaxxer.hikari.HikariDataSource - HikariPool-1 - Shutdown initiated...
2021-04-17 18:36:07.839 [SpringContextShutdownHook] INFO  com.zaxxer.hikari.HikariDataSource - HikariPool-1 - Shutdown completed.
2021-04-17 18:36:07.839 [SpringContextShutdownHook] INFO  com.netflix.discovery.DiscoveryClient - Shutting down DiscoveryClient ...
2021-04-17 18:36:10.859 [SpringContextShutdownHook] INFO  com.netflix.discovery.DiscoveryClient - Unregistering ...
2021-04-17 18:36:10.874 [SpringContextShutdownHook] INFO  com.netflix.discovery.DiscoveryClient - DiscoveryClient_PRODUCT/DESKTOP-F7K69CA:product:8085 - deregister  status: 200
2021-04-17 18:36:10.905 [SpringContextShutdownHook] INFO  com.netflix.discovery.DiscoveryClient - Completed shut down of DiscoveryClient
2021-04-17 18:37:28.898 [main] INFO  o.s.b.t.context.SpringBootTestContextBootstrapper - Neither @ContextConfiguration nor @ContextHierarchy found for test class [com.rhythm.product.test], using SpringBootContextLoader
2021-04-17 18:37:28.913 [main] INFO  o.s.test.context.support.AbstractContextLoader - Could not detect default resource locations for test class [com.rhythm.product.test]: no resource found for suffixes {-context.xml, Context.groovy}.
2021-04-17 18:37:29.804 [main] INFO  o.s.b.t.context.SpringBootTestContextBootstrapper - Loaded default TestExecutionListener class names from location [META-INF/spring.factories]: [org.springframework.boot.test.mock.mockito.MockitoTestExecutionListener, org.springframework.boot.test.mock.mockito.ResetMocksTestExecutionListener, org.springframework.boot.test.autoconfigure.restdocs.RestDocsTestExecutionListener, org.springframework.boot.test.autoconfigure.web.client.MockRestServiceServerResetTestExecutionListener, org.springframework.boot.test.autoconfigure.web.servlet.MockMvcPrintOnlyOnFailureTestExecutionListener, org.springframework.boot.test.autoconfigure.web.servlet.WebDriverTestExecutionListener, org.springframework.boot.test.autoconfigure.webservices.client.MockWebServiceServerTestExecutionListener, org.springframework.test.context.web.ServletTestExecutionListener, org.springframework.test.context.support.DirtiesContextBeforeModesTestExecutionListener, org.springframework.test.context.support.DependencyInjectionTestExecutionListener, org.springframework.test.context.support.DirtiesContextTestExecutionListener, org.springframework.test.context.transaction.TransactionalTestExecutionListener, org.springframework.test.context.jdbc.SqlScriptsTestExecutionListener, org.springframework.test.context.event.EventPublishingTestExecutionListener]
2021-04-17 18:37:29.897 [main] INFO  o.s.b.t.context.SpringBootTestContextBootstrapper - Using TestExecutionListeners: [org.springframework.test.context.web.ServletTestExecutionListener@7b36aa0c, org.springframework.test.context.support.DirtiesContextBeforeModesTestExecutionListener@5824a83d, org.springframework.boot.test.mock.mockito.MockitoTestExecutionListener@537f60bf, org.springframework.boot.test.autoconfigure.SpringBootDependencyInjectionTestExecutionListener@5677323c, org.springframework.test.context.support.DirtiesContextTestExecutionListener@18df8434, org.springframework.test.context.transaction.TransactionalTestExecutionListener@65c7a252, org.springframework.test.context.jdbc.SqlScriptsTestExecutionListener@4d154ccd, org.springframework.test.context.event.EventPublishingTestExecutionListener@229c6181, org.springframework.boot.test.mock.mockito.ResetMocksTestExecutionListener@4686afc2, org.springframework.boot.test.autoconfigure.restdocs.RestDocsTestExecutionListener@1e0b4072, org.springframework.boot.test.autoconfigure.web.client.MockRestServiceServerResetTestExecutionListener@791f145a, org.springframework.boot.test.autoconfigure.web.servlet.MockMvcPrintOnlyOnFailureTestExecutionListener@38cee291, org.springframework.boot.test.autoconfigure.web.servlet.WebDriverTestExecutionListener@4b45a2f5, org.springframework.boot.test.autoconfigure.webservices.client.MockWebServiceServerTestExecutionListener@f09733f]
2021-04-17 18:37:33.724 [main] INFO  com.rhythm.product.test - No active profile set, falling back to default profiles: default
2021-04-17 18:37:35.161 [main] INFO  o.s.d.r.config.RepositoryConfigurationDelegate - Multiple Spring Data modules found, entering strict repository configuration mode!
2021-04-17 18:37:35.161 [main] INFO  o.s.d.r.config.RepositoryConfigurationDelegate - Bootstrapping Spring Data Redis repositories in DEFAULT mode.
2021-04-17 18:37:35.224 [main] INFO  o.s.d.r.config.RepositoryConfigurationDelegate - Finished Spring Data repository scanning in 31ms. Found 0 Redis repository interfaces.
2021-04-17 18:37:35.833 [main] INFO  o.springframework.cloud.context.scope.GenericScope - BeanFactory id=555381da-8d98-35ba-9c17-2124e3271029
2021-04-17 18:37:42.045 [main] INFO  com.netflix.config.sources.URLConfigurationSource - To enable URLs as dynamic configuration sources, define System property archaius.configurationSource.additionalUrls or make config.properties available on classpath.
2021-04-17 18:37:42.060 [main] INFO  com.netflix.config.sources.URLConfigurationSource - To enable URLs as dynamic configuration sources, define System property archaius.configurationSource.additionalUrls or make config.properties available on classpath.
2021-04-17 18:37:42.723 [main] INFO  o.s.scheduling.concurrent.ThreadPoolTaskExecutor - Initializing ExecutorService 'applicationTaskExecutor'
2021-04-17 18:37:45.124 [main] INFO  o.s.c.n.e.c.DiscoveryClientOptionalArgsConfiguration - Eureka HTTP Client uses Jersey
2021-04-17 18:37:46.360 [main] INFO  o.s.cloud.netflix.eureka.InstanceInfoFactory - Setting initial instance status as: STARTING
2021-04-17 18:37:46.496 [main] INFO  com.netflix.discovery.DiscoveryClient - Initializing Eureka in region us-east-1
2021-04-17 18:37:47.918 [main] INFO  c.n.discovery.provider.DiscoveryJerseyProvider - Using JSON encoding codec LegacyJacksonJson
2021-04-17 18:37:47.918 [main] INFO  c.n.discovery.provider.DiscoveryJerseyProvider - Using JSON decoding codec LegacyJacksonJson
2021-04-17 18:37:48.183 [main] INFO  c.n.discovery.provider.DiscoveryJerseyProvider - Using XML encoding codec XStreamXml
2021-04-17 18:37:48.183 [main] INFO  c.n.discovery.provider.DiscoveryJerseyProvider - Using XML decoding codec XStreamXml
2021-04-17 18:37:48.511 [main] INFO  c.n.d.shared.resolver.aws.ConfigClusterResolver - Resolving eureka endpoints via configuration
2021-04-17 18:37:49.112 [main] INFO  com.netflix.discovery.DiscoveryClient - Disable delta property : false
2021-04-17 18:37:49.112 [main] INFO  com.netflix.discovery.DiscoveryClient - Single vip registry refresh property : null
2021-04-17 18:37:49.112 [main] INFO  com.netflix.discovery.DiscoveryClient - Force full registry fetch : false
2021-04-17 18:37:49.112 [main] INFO  com.netflix.discovery.DiscoveryClient - Application is null : false
2021-04-17 18:37:49.112 [main] INFO  com.netflix.discovery.DiscoveryClient - Registered Applications size is zero : true
2021-04-17 18:37:49.128 [main] INFO  com.netflix.discovery.DiscoveryClient - Application version is -1: true
2021-04-17 18:37:49.128 [main] INFO  com.netflix.discovery.DiscoveryClient - Getting all instance registry info from the eureka server
2021-04-17 18:37:49.456 [main] INFO  com.netflix.discovery.DiscoveryClient - The response status is 200
2021-04-17 18:37:49.456 [main] INFO  com.netflix.discovery.DiscoveryClient - Starting heartbeat executor: renew interval is: 30
2021-04-17 18:37:49.471 [main] INFO  com.netflix.discovery.InstanceInfoReplicator - InstanceInfoReplicator onDemand update allowed rate per min is 4
2021-04-17 18:37:49.471 [main] INFO  com.netflix.discovery.DiscoveryClient - Discovery Client initialized at timestamp 1618655869471 with initial instances count: 3
2021-04-17 18:37:49.471 [main] INFO  o.s.c.n.e.serviceregistry.EurekaServiceRegistry - Registering application PRODUCT with eureka with status UP
2021-04-17 18:37:49.471 [main] INFO  com.netflix.discovery.DiscoveryClient - Saw local status change event StatusChangeEvent [timestamp=1618655869471, current=UP, previous=STARTING]
2021-04-17 18:37:49.487 [DiscoveryClient-InstanceInfoReplicator-0] INFO  com.netflix.discovery.DiscoveryClient - DiscoveryClient_PRODUCT/DESKTOP-F7K69CA:product:8085: registering service...
2021-04-17 18:37:49.581 [DiscoveryClient-InstanceInfoReplicator-0] INFO  com.netflix.discovery.DiscoveryClient - DiscoveryClient_PRODUCT/DESKTOP-F7K69CA:product:8085 - registration status: 204
2021-04-17 18:37:50.058 [main] INFO  o.s.s.a.ScheduledAnnotationBeanPostProcessor - No TaskScheduler/ScheduledExecutorService bean found for scheduled processing
2021-04-17 18:37:50.073 [main] INFO  com.rhythm.product.test - Started test in 20.041 seconds (JVM running for 22.995)
2021-04-17 18:37:50.637 [main] INFO  com.zaxxer.hikari.HikariDataSource - HikariPool-1 - Starting...
2021-04-17 18:37:51.117 [main] INFO  com.zaxxer.hikari.HikariDataSource - HikariPool-1 - Start completed.
2021-04-17 18:37:51.304 [main] INFO  com.rhythm.product.test - zongshu:2
2021-04-17 18:37:51.304 [main] INFO  com.rhythm.product.test - {rpstId=1, productId=1, productNum=1}
2021-04-17 18:37:51.304 [main] INFO  com.rhythm.product.test - {rpstId=1, productId=2, productNum=3}
2021-04-17 18:37:51.320 [SpringContextShutdownHook] INFO  o.s.c.n.e.serviceregistry.EurekaServiceRegistry - Unregistering application PRODUCT with eureka with status DOWN
2021-04-17 18:37:51.320 [DiscoveryClient-InstanceInfoReplicator-0] INFO  com.netflix.discovery.DiscoveryClient - DiscoveryClient_PRODUCT/DESKTOP-F7K69CA:product:8085: registering service...
2021-04-17 18:37:51.351 [DiscoveryClient-InstanceInfoReplicator-0] INFO  com.netflix.discovery.DiscoveryClient - DiscoveryClient_PRODUCT/DESKTOP-F7K69CA:product:8085 - registration status: 204
2021-04-17 18:37:51.367 [SpringContextShutdownHook] INFO  o.s.scheduling.concurrent.ThreadPoolTaskExecutor - Shutting down ExecutorService 'applicationTaskExecutor'
2021-04-17 18:37:51.601 [SpringContextShutdownHook] INFO  com.zaxxer.hikari.HikariDataSource - HikariPool-1 - Shutdown initiated...
2021-04-17 18:37:51.617 [SpringContextShutdownHook] INFO  com.zaxxer.hikari.HikariDataSource - HikariPool-1 - Shutdown completed.
2021-04-17 18:37:51.617 [SpringContextShutdownHook] INFO  com.netflix.discovery.DiscoveryClient - Shutting down DiscoveryClient ...
2021-04-17 18:37:54.629 [SpringContextShutdownHook] INFO  com.netflix.discovery.DiscoveryClient - Unregistering ...
2021-04-17 18:37:54.635 [SpringContextShutdownHook] INFO  com.netflix.discovery.DiscoveryClient - DiscoveryClient_PRODUCT/DESKTOP-F7K69CA:product:8085 - deregister  status: 200
2021-04-17 18:37:54.652 [SpringContextShutdownHook] INFO  com.netflix.discovery.DiscoveryClient - Completed shut down of DiscoveryClient
2021-04-17 18:39:13.776 [main] INFO  o.s.b.t.context.SpringBootTestContextBootstrapper - Neither @ContextConfiguration nor @ContextHierarchy found for test class [com.rhythm.product.test], using SpringBootContextLoader
2021-04-17 18:39:13.792 [main] INFO  o.s.test.context.support.AbstractContextLoader - Could not detect default resource locations for test class [com.rhythm.product.test]: no resource found for suffixes {-context.xml, Context.groovy}.
2021-04-17 18:39:14.749 [main] INFO  o.s.b.t.context.SpringBootTestContextBootstrapper - Loaded default TestExecutionListener class names from location [META-INF/spring.factories]: [org.springframework.boot.test.mock.mockito.MockitoTestExecutionListener, org.springframework.boot.test.mock.mockito.ResetMocksTestExecutionListener, org.springframework.boot.test.autoconfigure.restdocs.RestDocsTestExecutionListener, org.springframework.boot.test.autoconfigure.web.client.MockRestServiceServerResetTestExecutionListener, org.springframework.boot.test.autoconfigure.web.servlet.MockMvcPrintOnlyOnFailureTestExecutionListener, org.springframework.boot.test.autoconfigure.web.servlet.WebDriverTestExecutionListener, org.springframework.boot.test.autoconfigure.webservices.client.MockWebServiceServerTestExecutionListener, org.springframework.test.context.web.ServletTestExecutionListener, org.springframework.test.context.support.DirtiesContextBeforeModesTestExecutionListener, org.springframework.test.context.support.DependencyInjectionTestExecutionListener, org.springframework.test.context.support.DirtiesContextTestExecutionListener, org.springframework.test.context.transaction.TransactionalTestExecutionListener, org.springframework.test.context.jdbc.SqlScriptsTestExecutionListener, org.springframework.test.context.event.EventPublishingTestExecutionListener]
2021-04-17 18:39:14.827 [main] INFO  o.s.b.t.context.SpringBootTestContextBootstrapper - Using TestExecutionListeners: [org.springframework.test.context.web.ServletTestExecutionListener@7b36aa0c, org.springframework.test.context.support.DirtiesContextBeforeModesTestExecutionListener@5824a83d, org.springframework.boot.test.mock.mockito.MockitoTestExecutionListener@537f60bf, org.springframework.boot.test.autoconfigure.SpringBootDependencyInjectionTestExecutionListener@5677323c, org.springframework.test.context.support.DirtiesContextTestExecutionListener@18df8434, org.springframework.test.context.transaction.TransactionalTestExecutionListener@65c7a252, org.springframework.test.context.jdbc.SqlScriptsTestExecutionListener@4d154ccd, org.springframework.test.context.event.EventPublishingTestExecutionListener@229c6181, org.springframework.boot.test.mock.mockito.ResetMocksTestExecutionListener@4686afc2, org.springframework.boot.test.autoconfigure.restdocs.RestDocsTestExecutionListener@1e0b4072, org.springframework.boot.test.autoconfigure.web.client.MockRestServiceServerResetTestExecutionListener@791f145a, org.springframework.boot.test.autoconfigure.web.servlet.MockMvcPrintOnlyOnFailureTestExecutionListener@38cee291, org.springframework.boot.test.autoconfigure.web.servlet.WebDriverTestExecutionListener@4b45a2f5, org.springframework.boot.test.autoconfigure.webservices.client.MockWebServiceServerTestExecutionListener@f09733f]
2021-04-17 18:39:18.389 [main] INFO  com.rhythm.product.test - No active profile set, falling back to default profiles: default
2021-04-17 18:39:19.802 [main] INFO  o.s.d.r.config.RepositoryConfigurationDelegate - Multiple Spring Data modules found, entering strict repository configuration mode!
2021-04-17 18:39:19.818 [main] INFO  o.s.d.r.config.RepositoryConfigurationDelegate - Bootstrapping Spring Data Redis repositories in DEFAULT mode.
2021-04-17 18:39:19.865 [main] INFO  o.s.d.r.config.RepositoryConfigurationDelegate - Finished Spring Data repository scanning in 29ms. Found 0 Redis repository interfaces.
2021-04-17 18:39:20.490 [main] INFO  o.springframework.cloud.context.scope.GenericScope - BeanFactory id=555381da-8d98-35ba-9c17-2124e3271029
2021-04-17 18:39:26.755 [main] INFO  com.netflix.config.sources.URLConfigurationSource - To enable URLs as dynamic configuration sources, define System property archaius.configurationSource.additionalUrls or make config.properties available on classpath.
2021-04-17 18:39:26.767 [main] INFO  com.netflix.config.sources.URLConfigurationSource - To enable URLs as dynamic configuration sources, define System property archaius.configurationSource.additionalUrls or make config.properties available on classpath.
2021-04-17 18:39:27.445 [main] INFO  o.s.scheduling.concurrent.ThreadPoolTaskExecutor - Initializing ExecutorService 'applicationTaskExecutor'
2021-04-17 18:39:29.756 [main] INFO  o.s.c.n.e.c.DiscoveryClientOptionalArgsConfiguration - Eureka HTTP Client uses Jersey
2021-04-17 18:39:30.970 [main] INFO  o.s.cloud.netflix.eureka.InstanceInfoFactory - Setting initial instance status as: STARTING
2021-04-17 18:39:31.095 [main] INFO  com.netflix.discovery.DiscoveryClient - Initializing Eureka in region us-east-1
2021-04-17 18:39:32.360 [main] INFO  c.n.discovery.provider.DiscoveryJerseyProvider - Using JSON encoding codec LegacyJacksonJson
2021-04-17 18:39:32.360 [main] INFO  c.n.discovery.provider.DiscoveryJerseyProvider - Using JSON decoding codec LegacyJacksonJson
2021-04-17 18:39:32.579 [main] INFO  c.n.discovery.provider.DiscoveryJerseyProvider - Using XML encoding codec XStreamXml
2021-04-17 18:39:32.579 [main] INFO  c.n.discovery.provider.DiscoveryJerseyProvider - Using XML decoding codec XStreamXml
2021-04-17 18:39:32.954 [main] INFO  c.n.d.shared.resolver.aws.ConfigClusterResolver - Resolving eureka endpoints via configuration
2021-04-17 18:39:33.601 [main] INFO  com.netflix.discovery.DiscoveryClient - Disable delta property : false
2021-04-17 18:39:33.601 [main] INFO  com.netflix.discovery.DiscoveryClient - Single vip registry refresh property : null
2021-04-17 18:39:33.601 [main] INFO  com.netflix.discovery.DiscoveryClient - Force full registry fetch : false
2021-04-17 18:39:33.601 [main] INFO  com.netflix.discovery.DiscoveryClient - Application is null : false
2021-04-17 18:39:33.601 [main] INFO  com.netflix.discovery.DiscoveryClient - Registered Applications size is zero : true
2021-04-17 18:39:33.601 [main] INFO  com.netflix.discovery.DiscoveryClient - Application version is -1: true
2021-04-17 18:39:33.616 [main] INFO  com.netflix.discovery.DiscoveryClient - Getting all instance registry info from the eureka server
2021-04-17 18:39:33.975 [main] INFO  com.netflix.discovery.DiscoveryClient - The response status is 200
2021-04-17 18:39:33.984 [main] INFO  com.netflix.discovery.DiscoveryClient - Starting heartbeat executor: renew interval is: 30
2021-04-17 18:39:33.993 [main] INFO  com.netflix.discovery.InstanceInfoReplicator - InstanceInfoReplicator onDemand update allowed rate per min is 4
2021-04-17 18:39:34.001 [main] INFO  com.netflix.discovery.DiscoveryClient - Discovery Client initialized at timestamp 1618655974000 with initial instances count: 3
2021-04-17 18:39:34.013 [main] INFO  o.s.c.n.e.serviceregistry.EurekaServiceRegistry - Registering application PRODUCT with eureka with status UP
2021-04-17 18:39:34.014 [main] INFO  com.netflix.discovery.DiscoveryClient - Saw local status change event StatusChangeEvent [timestamp=1618655974014, current=UP, previous=STARTING]
2021-04-17 18:39:34.018 [DiscoveryClient-InstanceInfoReplicator-0] INFO  com.netflix.discovery.DiscoveryClient - DiscoveryClient_PRODUCT/DESKTOP-F7K69CA:product:8085: registering service...
2021-04-17 18:39:34.105 [DiscoveryClient-InstanceInfoReplicator-0] INFO  com.netflix.discovery.DiscoveryClient - DiscoveryClient_PRODUCT/DESKTOP-F7K69CA:product:8085 - registration status: 204
2021-04-17 18:39:34.576 [main] INFO  o.s.s.a.ScheduledAnnotationBeanPostProcessor - No TaskScheduler/ScheduledExecutorService bean found for scheduled processing
2021-04-17 18:39:34.589 [main] INFO  com.rhythm.product.test - Started test in 19.641 seconds (JVM running for 22.67)
2021-04-17 18:39:35.007 [main] INFO  com.zaxxer.hikari.HikariDataSource - HikariPool-1 - Starting...
2021-04-17 18:39:35.351 [main] INFO  com.zaxxer.hikari.HikariDataSource - HikariPool-1 - Start completed.
2021-04-17 18:39:35.523 [main] INFO  com.rhythm.product.test - zongshu:2
2021-04-17 18:39:35.523 [main] INFO  com.rhythm.product.test - {rpstId=1, productId=1, productNum=1}
2021-04-17 18:39:35.523 [main] INFO  com.rhythm.product.test - {rpstId=1, productId=2, productNum=3}
2021-04-17 18:39:35.554 [SpringContextShutdownHook] INFO  o.s.c.n.e.serviceregistry.EurekaServiceRegistry - Unregistering application PRODUCT with eureka with status DOWN
2021-04-17 18:39:35.570 [DiscoveryClient-InstanceInfoReplicator-0] INFO  com.netflix.discovery.DiscoveryClient - DiscoveryClient_PRODUCT/DESKTOP-F7K69CA:product:8085: registering service...
2021-04-17 18:39:35.585 [DiscoveryClient-InstanceInfoReplicator-0] INFO  com.netflix.discovery.DiscoveryClient - DiscoveryClient_PRODUCT/DESKTOP-F7K69CA:product:8085 - registration status: 204
2021-04-17 18:39:35.585 [SpringContextShutdownHook] INFO  o.s.scheduling.concurrent.ThreadPoolTaskExecutor - Shutting down ExecutorService 'applicationTaskExecutor'
2021-04-17 18:39:35.726 [SpringContextShutdownHook] INFO  com.zaxxer.hikari.HikariDataSource - HikariPool-1 - Shutdown initiated...
2021-04-17 18:39:35.742 [SpringContextShutdownHook] INFO  com.zaxxer.hikari.HikariDataSource - HikariPool-1 - Shutdown completed.
2021-04-17 18:39:35.742 [SpringContextShutdownHook] INFO  com.netflix.discovery.DiscoveryClient - Shutting down DiscoveryClient ...
2021-04-17 18:39:38.755 [SpringContextShutdownHook] INFO  com.netflix.discovery.DiscoveryClient - Unregistering ...
2021-04-17 18:39:38.761 [SpringContextShutdownHook] INFO  com.netflix.discovery.DiscoveryClient - DiscoveryClient_PRODUCT/DESKTOP-F7K69CA:product:8085 - deregister  status: 200
2021-04-17 18:39:38.779 [SpringContextShutdownHook] INFO  com.netflix.discovery.DiscoveryClient - Completed shut down of DiscoveryClient
