2021-04-15 22:09:29.069 [main] INFO  o.s.b.t.context.SpringBootTestContextBootstrapper - Neither @ContextConfiguration nor @ContextHierarchy found for test class [com.rhythm.product.test], using SpringBootContextLoader
2021-04-15 22:09:29.087 [main] INFO  o.s.test.context.support.AbstractContextLoader - Could not detect default resource locations for test class [com.rhythm.product.test]: no resource found for suffixes {-context.xml, Context.groovy}.
2021-04-15 22:09:29.985 [main] INFO  o.s.b.t.context.SpringBootTestContextBootstrapper - Loaded default TestExecutionListener class names from location [META-INF/spring.factories]: [org.springframework.boot.test.mock.mockito.MockitoTestExecutionListener, org.springframework.boot.test.mock.mockito.ResetMocksTestExecutionListener, org.springframework.boot.test.autoconfigure.restdocs.RestDocsTestExecutionListener, org.springframework.boot.test.autoconfigure.web.client.MockRestServiceServerResetTestExecutionListener, org.springframework.boot.test.autoconfigure.web.servlet.MockMvcPrintOnlyOnFailureTestExecutionListener, org.springframework.boot.test.autoconfigure.web.servlet.WebDriverTestExecutionListener, org.springframework.boot.test.autoconfigure.webservices.client.MockWebServiceServerTestExecutionListener, org.springframework.test.context.web.ServletTestExecutionListener, org.springframework.test.context.support.DirtiesContextBeforeModesTestExecutionListener, org.springframework.test.context.support.DependencyInjectionTestExecutionListener, org.springframework.test.context.support.DirtiesContextTestExecutionListener, org.springframework.test.context.transaction.TransactionalTestExecutionListener, org.springframework.test.context.jdbc.SqlScriptsTestExecutionListener, org.springframework.test.context.event.EventPublishingTestExecutionListener]
2021-04-15 22:09:30.053 [main] INFO  o.s.b.t.context.SpringBootTestContextBootstrapper - Using TestExecutionListeners: [org.springframework.test.context.web.ServletTestExecutionListener@3012646b, org.springframework.test.context.support.DirtiesContextBeforeModesTestExecutionListener@4a883b15, org.springframework.boot.test.mock.mockito.MockitoTestExecutionListener@25641d39, org.springframework.boot.test.autoconfigure.SpringBootDependencyInjectionTestExecutionListener@7b36aa0c, org.springframework.test.context.support.DirtiesContextTestExecutionListener@5824a83d, org.springframework.test.context.transaction.TransactionalTestExecutionListener@537f60bf, org.springframework.test.context.jdbc.SqlScriptsTestExecutionListener@5677323c, org.springframework.test.context.event.EventPublishingTestExecutionListener@18df8434, org.springframework.boot.test.mock.mockito.ResetMocksTestExecutionListener@65c7a252, org.springframework.boot.test.autoconfigure.restdocs.RestDocsTestExecutionListener@4d154ccd, org.springframework.boot.test.autoconfigure.web.client.MockRestServiceServerResetTestExecutionListener@229c6181, org.springframework.boot.test.autoconfigure.web.servlet.MockMvcPrintOnlyOnFailureTestExecutionListener@4686afc2, org.springframework.boot.test.autoconfigure.web.servlet.WebDriverTestExecutionListener@1e0b4072, org.springframework.boot.test.autoconfigure.webservices.client.MockWebServiceServerTestExecutionListener@791f145a]
2021-04-15 22:09:34.158 [main] INFO  com.rhythm.product.test - No active profile set, falling back to default profiles: default
2021-04-15 22:09:35.705 [main] INFO  o.s.d.r.config.RepositoryConfigurationDelegate - Multiple Spring Data modules found, entering strict repository configuration mode!
2021-04-15 22:09:35.713 [main] INFO  o.s.d.r.config.RepositoryConfigurationDelegate - Bootstrapping Spring Data Redis repositories in DEFAULT mode.
2021-04-15 22:09:35.802 [main] INFO  o.s.d.r.config.RepositoryConfigurationDelegate - Finished Spring Data repository scanning in 36ms. Found 0 Redis repository interfaces.
2021-04-15 22:09:36.616 [main] INFO  o.springframework.cloud.context.scope.GenericScope - BeanFactory id=555381da-8d98-35ba-9c17-2124e3271029
2021-04-15 22:09:43.826 [main] INFO  com.netflix.config.sources.URLConfigurationSource - To enable URLs as dynamic configuration sources, define System property archaius.configurationSource.additionalUrls or make config.properties available on classpath.
2021-04-15 22:09:43.844 [main] INFO  com.netflix.config.sources.URLConfigurationSource - To enable URLs as dynamic configuration sources, define System property archaius.configurationSource.additionalUrls or make config.properties available on classpath.
2021-04-15 22:09:44.723 [main] INFO  o.s.scheduling.concurrent.ThreadPoolTaskExecutor - Initializing ExecutorService 'applicationTaskExecutor'
2021-04-15 22:09:47.284 [main] INFO  o.s.c.n.e.c.DiscoveryClientOptionalArgsConfiguration - Eureka HTTP Client uses Jersey
2021-04-15 22:09:48.722 [main] INFO  o.s.cloud.netflix.eureka.InstanceInfoFactory - Setting initial instance status as: STARTING
2021-04-15 22:09:48.869 [main] INFO  com.netflix.discovery.DiscoveryClient - Initializing Eureka in region us-east-1
2021-04-15 22:09:50.311 [main] INFO  c.n.discovery.provider.DiscoveryJerseyProvider - Using JSON encoding codec LegacyJacksonJson
2021-04-15 22:09:50.312 [main] INFO  c.n.discovery.provider.DiscoveryJerseyProvider - Using JSON decoding codec LegacyJacksonJson
2021-04-15 22:09:50.607 [main] INFO  c.n.discovery.provider.DiscoveryJerseyProvider - Using XML encoding codec XStreamXml
2021-04-15 22:09:50.608 [main] INFO  c.n.discovery.provider.DiscoveryJerseyProvider - Using XML decoding codec XStreamXml
2021-04-15 22:09:50.946 [main] INFO  c.n.d.shared.resolver.aws.ConfigClusterResolver - Resolving eureka endpoints via configuration
2021-04-15 22:09:51.659 [main] INFO  com.netflix.discovery.DiscoveryClient - Disable delta property : false
2021-04-15 22:09:51.659 [main] INFO  com.netflix.discovery.DiscoveryClient - Single vip registry refresh property : null
2021-04-15 22:09:51.659 [main] INFO  com.netflix.discovery.DiscoveryClient - Force full registry fetch : false
2021-04-15 22:09:51.659 [main] INFO  com.netflix.discovery.DiscoveryClient - Application is null : false
2021-04-15 22:09:51.660 [main] INFO  com.netflix.discovery.DiscoveryClient - Registered Applications size is zero : true
2021-04-15 22:09:51.660 [main] INFO  com.netflix.discovery.DiscoveryClient - Application version is -1: true
2021-04-15 22:09:51.660 [main] INFO  com.netflix.discovery.DiscoveryClient - Getting all instance registry info from the eureka server
2021-04-15 22:09:55.800 [main] INFO  com.netflix.discovery.DiscoveryClient - Initial registry fetch from primary servers failed
2021-04-15 22:09:55.802 [main] INFO  com.netflix.discovery.DiscoveryClient - Initial registry fetch from backup servers failed
2021-04-15 22:09:55.804 [main] INFO  com.netflix.discovery.DiscoveryClient - Starting heartbeat executor: renew interval is: 30
2021-04-15 22:09:55.809 [main] INFO  com.netflix.discovery.InstanceInfoReplicator - InstanceInfoReplicator onDemand update allowed rate per min is 4
2021-04-15 22:09:55.816 [main] INFO  com.netflix.discovery.DiscoveryClient - Discovery Client initialized at timestamp 1618495795814 with initial instances count: 0
2021-04-15 22:09:55.830 [main] INFO  o.s.c.n.e.serviceregistry.EurekaServiceRegistry - Registering application PRODUCT with eureka with status UP
2021-04-15 22:09:55.832 [main] INFO  com.netflix.discovery.DiscoveryClient - Saw local status change event StatusChangeEvent [timestamp=1618495795832, current=UP, previous=STARTING]
2021-04-15 22:09:55.841 [DiscoveryClient-InstanceInfoReplicator-0] INFO  com.netflix.discovery.DiscoveryClient - DiscoveryClient_PRODUCT/DESKTOP-F7K69CA:product:8085: registering service...
2021-04-15 22:09:56.408 [main] INFO  o.s.s.a.ScheduledAnnotationBeanPostProcessor - No TaskScheduler/ScheduledExecutorService bean found for scheduled processing
2021-04-15 22:09:56.448 [main] INFO  com.rhythm.product.test - Started test in 26.271 seconds (JVM running for 29.396)
2021-04-15 22:09:57.031 [main] INFO  com.zaxxer.hikari.HikariDataSource - HikariPool-1 - Starting...
2021-04-15 22:09:57.376 [main] INFO  com.zaxxer.hikari.HikariDataSource - HikariPool-1 - Start completed.
2021-04-15 22:09:57.444 [SpringContextShutdownHook] INFO  o.s.c.n.e.serviceregistry.EurekaServiceRegistry - Unregistering application PRODUCT with eureka with status DOWN
2021-04-15 22:09:57.461 [SpringContextShutdownHook] INFO  o.s.scheduling.concurrent.ThreadPoolTaskExecutor - Shutting down ExecutorService 'applicationTaskExecutor'
2021-04-15 22:09:57.591 [SpringContextShutdownHook] INFO  com.zaxxer.hikari.HikariDataSource - HikariPool-1 - Shutdown initiated...
2021-04-15 22:09:57.610 [SpringContextShutdownHook] INFO  com.zaxxer.hikari.HikariDataSource - HikariPool-1 - Shutdown completed.
2021-04-15 22:09:57.611 [SpringContextShutdownHook] INFO  com.netflix.discovery.DiscoveryClient - Shutting down DiscoveryClient ...
2021-04-15 22:09:59.885 [DiscoveryClient-InstanceInfoReplicator-0] INFO  com.netflix.discovery.DiscoveryClient - DiscoveryClient_PRODUCT/DESKTOP-F7K69CA:product:8085: registering service...
2021-04-15 22:10:00.615 [SpringContextShutdownHook] INFO  com.netflix.discovery.DiscoveryClient - Unregistering ...
2021-04-15 22:10:04.649 [SpringContextShutdownHook] INFO  com.netflix.discovery.DiscoveryClient - Completed shut down of DiscoveryClient
2021-04-15 22:10:24.505 [main] INFO  o.s.b.t.context.SpringBootTestContextBootstrapper - Neither @ContextConfiguration nor @ContextHierarchy found for test class [com.rhythm.product.test], using SpringBootContextLoader
2021-04-15 22:10:24.533 [main] INFO  o.s.test.context.support.AbstractContextLoader - Could not detect default resource locations for test class [com.rhythm.product.test]: no resource found for suffixes {-context.xml, Context.groovy}.
2021-04-15 22:10:25.764 [main] INFO  o.s.b.t.context.SpringBootTestContextBootstrapper - Loaded default TestExecutionListener class names from location [META-INF/spring.factories]: [org.springframework.boot.test.mock.mockito.MockitoTestExecutionListener, org.springframework.boot.test.mock.mockito.ResetMocksTestExecutionListener, org.springframework.boot.test.autoconfigure.restdocs.RestDocsTestExecutionListener, org.springframework.boot.test.autoconfigure.web.client.MockRestServiceServerResetTestExecutionListener, org.springframework.boot.test.autoconfigure.web.servlet.MockMvcPrintOnlyOnFailureTestExecutionListener, org.springframework.boot.test.autoconfigure.web.servlet.WebDriverTestExecutionListener, org.springframework.boot.test.autoconfigure.webservices.client.MockWebServiceServerTestExecutionListener, org.springframework.test.context.web.ServletTestExecutionListener, org.springframework.test.context.support.DirtiesContextBeforeModesTestExecutionListener, org.springframework.test.context.support.DependencyInjectionTestExecutionListener, org.springframework.test.context.support.DirtiesContextTestExecutionListener, org.springframework.test.context.transaction.TransactionalTestExecutionListener, org.springframework.test.context.jdbc.SqlScriptsTestExecutionListener, org.springframework.test.context.event.EventPublishingTestExecutionListener]
2021-04-15 22:10:25.876 [main] INFO  o.s.b.t.context.SpringBootTestContextBootstrapper - Using TestExecutionListeners: [org.springframework.test.context.web.ServletTestExecutionListener@7b36aa0c, org.springframework.test.context.support.DirtiesContextBeforeModesTestExecutionListener@5824a83d, org.springframework.boot.test.mock.mockito.MockitoTestExecutionListener@537f60bf, org.springframework.boot.test.autoconfigure.SpringBootDependencyInjectionTestExecutionListener@5677323c, org.springframework.test.context.support.DirtiesContextTestExecutionListener@18df8434, org.springframework.test.context.transaction.TransactionalTestExecutionListener@65c7a252, org.springframework.test.context.jdbc.SqlScriptsTestExecutionListener@4d154ccd, org.springframework.test.context.event.EventPublishingTestExecutionListener@229c6181, org.springframework.boot.test.mock.mockito.ResetMocksTestExecutionListener@4686afc2, org.springframework.boot.test.autoconfigure.restdocs.RestDocsTestExecutionListener@1e0b4072, org.springframework.boot.test.autoconfigure.web.client.MockRestServiceServerResetTestExecutionListener@791f145a, org.springframework.boot.test.autoconfigure.web.servlet.MockMvcPrintOnlyOnFailureTestExecutionListener@38cee291, org.springframework.boot.test.autoconfigure.web.servlet.WebDriverTestExecutionListener@4b45a2f5, org.springframework.boot.test.autoconfigure.webservices.client.MockWebServiceServerTestExecutionListener@f09733f]
2021-04-15 22:10:29.989 [main] INFO  com.rhythm.product.test - No active profile set, falling back to default profiles: default
2021-04-15 22:10:31.625 [main] INFO  o.s.d.r.config.RepositoryConfigurationDelegate - Multiple Spring Data modules found, entering strict repository configuration mode!
2021-04-15 22:10:31.632 [main] INFO  o.s.d.r.config.RepositoryConfigurationDelegate - Bootstrapping Spring Data Redis repositories in DEFAULT mode.
2021-04-15 22:10:31.709 [main] INFO  o.s.d.r.config.RepositoryConfigurationDelegate - Finished Spring Data repository scanning in 36ms. Found 0 Redis repository interfaces.
2021-04-15 22:10:32.403 [main] INFO  o.springframework.cloud.context.scope.GenericScope - BeanFactory id=555381da-8d98-35ba-9c17-2124e3271029
2021-04-15 22:10:39.438 [main] INFO  com.netflix.config.sources.URLConfigurationSource - To enable URLs as dynamic configuration sources, define System property archaius.configurationSource.additionalUrls or make config.properties available on classpath.
2021-04-15 22:10:39.454 [main] INFO  com.netflix.config.sources.URLConfigurationSource - To enable URLs as dynamic configuration sources, define System property archaius.configurationSource.additionalUrls or make config.properties available on classpath.
2021-04-15 22:10:40.342 [main] INFO  o.s.scheduling.concurrent.ThreadPoolTaskExecutor - Initializing ExecutorService 'applicationTaskExecutor'
2021-04-15 22:10:42.903 [main] INFO  o.s.c.n.e.c.DiscoveryClientOptionalArgsConfiguration - Eureka HTTP Client uses Jersey
2021-04-15 22:10:44.289 [main] INFO  o.s.cloud.netflix.eureka.InstanceInfoFactory - Setting initial instance status as: STARTING
2021-04-15 22:10:44.455 [main] INFO  com.netflix.discovery.DiscoveryClient - Initializing Eureka in region us-east-1
2021-04-15 22:10:45.932 [main] INFO  c.n.discovery.provider.DiscoveryJerseyProvider - Using JSON encoding codec LegacyJacksonJson
2021-04-15 22:10:45.933 [main] INFO  c.n.discovery.provider.DiscoveryJerseyProvider - Using JSON decoding codec LegacyJacksonJson
2021-04-15 22:10:46.246 [main] INFO  c.n.discovery.provider.DiscoveryJerseyProvider - Using XML encoding codec XStreamXml
2021-04-15 22:10:46.247 [main] INFO  c.n.discovery.provider.DiscoveryJerseyProvider - Using XML decoding codec XStreamXml
2021-04-15 22:10:46.677 [main] INFO  c.n.d.shared.resolver.aws.ConfigClusterResolver - Resolving eureka endpoints via configuration
2021-04-15 22:10:47.333 [main] INFO  com.netflix.discovery.DiscoveryClient - Disable delta property : false
2021-04-15 22:10:47.333 [main] INFO  com.netflix.discovery.DiscoveryClient - Single vip registry refresh property : null
2021-04-15 22:10:47.334 [main] INFO  com.netflix.discovery.DiscoveryClient - Force full registry fetch : false
2021-04-15 22:10:47.334 [main] INFO  com.netflix.discovery.DiscoveryClient - Application is null : false
2021-04-15 22:10:47.334 [main] INFO  com.netflix.discovery.DiscoveryClient - Registered Applications size is zero : true
2021-04-15 22:10:47.334 [main] INFO  com.netflix.discovery.DiscoveryClient - Application version is -1: true
2021-04-15 22:10:47.334 [main] INFO  com.netflix.discovery.DiscoveryClient - Getting all instance registry info from the eureka server
2021-04-15 22:10:51.459 [main] INFO  com.netflix.discovery.DiscoveryClient - Initial registry fetch from primary servers failed
2021-04-15 22:10:51.460 [main] INFO  com.netflix.discovery.DiscoveryClient - Initial registry fetch from backup servers failed
2021-04-15 22:10:51.461 [main] INFO  com.netflix.discovery.DiscoveryClient - Starting heartbeat executor: renew interval is: 30
2021-04-15 22:10:51.466 [main] INFO  com.netflix.discovery.InstanceInfoReplicator - InstanceInfoReplicator onDemand update allowed rate per min is 4
2021-04-15 22:10:51.472 [main] INFO  com.netflix.discovery.DiscoveryClient - Discovery Client initialized at timestamp 1618495851470 with initial instances count: 0
2021-04-15 22:10:51.483 [main] INFO  o.s.c.n.e.serviceregistry.EurekaServiceRegistry - Registering application PRODUCT with eureka with status UP
2021-04-15 22:10:51.485 [main] INFO  com.netflix.discovery.DiscoveryClient - Saw local status change event StatusChangeEvent [timestamp=1618495851485, current=UP, previous=STARTING]
2021-04-15 22:10:51.491 [DiscoveryClient-InstanceInfoReplicator-0] INFO  com.netflix.discovery.DiscoveryClient - DiscoveryClient_PRODUCT/DESKTOP-F7K69CA:product:8085: registering service...
2021-04-15 22:10:52.087 [main] INFO  o.s.s.a.ScheduledAnnotationBeanPostProcessor - No TaskScheduler/ScheduledExecutorService bean found for scheduled processing
2021-04-15 22:10:52.134 [main] INFO  com.rhythm.product.test - Started test in 26.076 seconds (JVM running for 29.545)
2021-04-15 22:10:52.738 [main] INFO  com.zaxxer.hikari.HikariDataSource - HikariPool-1 - Starting...
2021-04-15 22:10:53.147 [main] INFO  com.zaxxer.hikari.HikariDataSource - HikariPool-1 - Start completed.
2021-04-15 22:10:53.219 [SpringContextShutdownHook] INFO  o.s.c.n.e.serviceregistry.EurekaServiceRegistry - Unregistering application PRODUCT with eureka with status DOWN
2021-04-15 22:10:53.238 [SpringContextShutdownHook] INFO  o.s.scheduling.concurrent.ThreadPoolTaskExecutor - Shutting down ExecutorService 'applicationTaskExecutor'
2021-04-15 22:10:53.370 [SpringContextShutdownHook] INFO  com.zaxxer.hikari.HikariDataSource - HikariPool-1 - Shutdown initiated...
2021-04-15 22:10:53.384 [SpringContextShutdownHook] INFO  com.zaxxer.hikari.HikariDataSource - HikariPool-1 - Shutdown completed.
2021-04-15 22:10:53.385 [SpringContextShutdownHook] INFO  com.netflix.discovery.DiscoveryClient - Shutting down DiscoveryClient ...
2021-04-15 22:10:55.552 [DiscoveryClient-InstanceInfoReplicator-0] INFO  com.netflix.discovery.DiscoveryClient - DiscoveryClient_PRODUCT/DESKTOP-F7K69CA:product:8085: registering service...
2021-04-15 22:10:56.390 [SpringContextShutdownHook] INFO  com.netflix.discovery.DiscoveryClient - Unregistering ...
2021-04-15 22:11:00.425 [SpringContextShutdownHook] INFO  com.netflix.discovery.DiscoveryClient - Completed shut down of DiscoveryClient
