2021-04-11 17:47:46.639 [main] INFO  o.s.b.t.context.SpringBootTestContextBootstrapper - Neither @ContextConfiguration nor @ContextHierarchy found for test class [com.rhythm.rpst.Test], using SpringBootContextLoader
2021-04-11 17:47:46.653 [main] INFO  o.s.test.context.support.AbstractContextLoader - Could not detect default resource locations for test class [com.rhythm.rpst.Test]: no resource found for suffixes {-context.xml, Context.groovy}.
2021-04-11 17:47:47.774 [main] INFO  o.s.b.t.context.SpringBootTestContextBootstrapper - Loaded default TestExecutionListener class names from location [META-INF/spring.factories]: [org.springframework.boot.test.mock.mockito.MockitoTestExecutionListener, org.springframework.boot.test.mock.mockito.ResetMocksTestExecutionListener, org.springframework.boot.test.autoconfigure.restdocs.RestDocsTestExecutionListener, org.springframework.boot.test.autoconfigure.web.client.MockRestServiceServerResetTestExecutionListener, org.springframework.boot.test.autoconfigure.web.servlet.MockMvcPrintOnlyOnFailureTestExecutionListener, org.springframework.boot.test.autoconfigure.web.servlet.WebDriverTestExecutionListener, org.springframework.boot.test.autoconfigure.webservices.client.MockWebServiceServerTestExecutionListener, org.springframework.test.context.web.ServletTestExecutionListener, org.springframework.test.context.support.DirtiesContextBeforeModesTestExecutionListener, org.springframework.test.context.support.DependencyInjectionTestExecutionListener, org.springframework.test.context.support.DirtiesContextTestExecutionListener, org.springframework.test.context.transaction.TransactionalTestExecutionListener, org.springframework.test.context.jdbc.SqlScriptsTestExecutionListener, org.springframework.test.context.event.EventPublishingTestExecutionListener]
2021-04-11 17:47:47.811 [main] INFO  o.s.b.t.context.SpringBootTestContextBootstrapper - Using TestExecutionListeners: [org.springframework.test.context.web.ServletTestExecutionListener@52719fb6, org.springframework.test.context.support.DirtiesContextBeforeModesTestExecutionListener@3012646b, org.springframework.boot.test.mock.mockito.MockitoTestExecutionListener@4a883b15, org.springframework.boot.test.autoconfigure.SpringBootDependencyInjectionTestExecutionListener@25641d39, org.springframework.test.context.support.DirtiesContextTestExecutionListener@7b36aa0c, org.springframework.test.context.transaction.TransactionalTestExecutionListener@5824a83d, org.springframework.test.context.jdbc.SqlScriptsTestExecutionListener@537f60bf, org.springframework.test.context.event.EventPublishingTestExecutionListener@5677323c, org.springframework.boot.test.mock.mockito.ResetMocksTestExecutionListener@18df8434, org.springframework.boot.test.autoconfigure.restdocs.RestDocsTestExecutionListener@65c7a252, org.springframework.boot.test.autoconfigure.web.client.MockRestServiceServerResetTestExecutionListener@4d154ccd, org.springframework.boot.test.autoconfigure.web.servlet.MockMvcPrintOnlyOnFailureTestExecutionListener@229c6181, org.springframework.boot.test.autoconfigure.web.servlet.WebDriverTestExecutionListener@4686afc2, org.springframework.boot.test.autoconfigure.webservices.client.MockWebServiceServerTestExecutionListener@1e0b4072]
2021-04-11 17:47:53.018 [main] INFO  com.rhythm.rpst.Test - No active profile set, falling back to default profiles: default
2021-04-11 17:47:54.600 [main] INFO  o.s.d.r.config.RepositoryConfigurationDelegate - Multiple Spring Data modules found, entering strict repository configuration mode!
2021-04-11 17:47:54.606 [main] INFO  o.s.d.r.config.RepositoryConfigurationDelegate - Bootstrapping Spring Data Redis repositories in DEFAULT mode.
2021-04-11 17:47:54.671 [main] INFO  o.s.d.r.config.RepositoryConfigurationDelegate - Finished Spring Data repository scanning in 20ms. Found 0 Redis repository interfaces.
2021-04-11 17:47:55.595 [main] INFO  o.springframework.cloud.context.scope.GenericScope - BeanFactory id=072577fb-ca66-3fe4-94b1-885687497e2e
2021-04-11 17:48:04.263 [main] INFO  com.netflix.config.sources.URLConfigurationSource - To enable URLs as dynamic configuration sources, define System property archaius.configurationSource.additionalUrls or make config.properties available on classpath.
2021-04-11 17:48:04.298 [main] INFO  com.netflix.config.sources.URLConfigurationSource - To enable URLs as dynamic configuration sources, define System property archaius.configurationSource.additionalUrls or make config.properties available on classpath.
2021-04-11 17:48:05.725 [main] INFO  o.s.scheduling.concurrent.ThreadPoolTaskExecutor - Initializing ExecutorService 'applicationTaskExecutor'
2021-04-11 17:48:09.458 [main] INFO  o.s.c.n.e.c.DiscoveryClientOptionalArgsConfiguration - Eureka HTTP Client uses Jersey
2021-04-11 17:48:11.354 [main] INFO  o.s.cloud.netflix.eureka.InstanceInfoFactory - Setting initial instance status as: STARTING
2021-04-11 17:48:11.513 [main] INFO  com.netflix.discovery.DiscoveryClient - Initializing Eureka in region us-east-1
2021-04-11 17:48:12.895 [main] INFO  c.n.discovery.provider.DiscoveryJerseyProvider - Using JSON encoding codec LegacyJacksonJson
2021-04-11 17:48:12.895 [main] INFO  c.n.discovery.provider.DiscoveryJerseyProvider - Using JSON decoding codec LegacyJacksonJson
2021-04-11 17:48:13.234 [main] INFO  c.n.discovery.provider.DiscoveryJerseyProvider - Using XML encoding codec XStreamXml
2021-04-11 17:48:13.234 [main] INFO  c.n.discovery.provider.DiscoveryJerseyProvider - Using XML decoding codec XStreamXml
2021-04-11 17:48:13.629 [main] INFO  c.n.d.shared.resolver.aws.ConfigClusterResolver - Resolving eureka endpoints via configuration
2021-04-11 17:48:14.423 [main] INFO  com.netflix.discovery.DiscoveryClient - Disable delta property : false
2021-04-11 17:48:14.423 [main] INFO  com.netflix.discovery.DiscoveryClient - Single vip registry refresh property : null
2021-04-11 17:48:14.424 [main] INFO  com.netflix.discovery.DiscoveryClient - Force full registry fetch : false
2021-04-11 17:48:14.424 [main] INFO  com.netflix.discovery.DiscoveryClient - Application is null : false
2021-04-11 17:48:14.424 [main] INFO  com.netflix.discovery.DiscoveryClient - Registered Applications size is zero : true
2021-04-11 17:48:14.424 [main] INFO  com.netflix.discovery.DiscoveryClient - Application version is -1: true
2021-04-11 17:48:14.424 [main] INFO  com.netflix.discovery.DiscoveryClient - Getting all instance registry info from the eureka server
2021-04-11 17:48:18.626 [main] INFO  com.netflix.discovery.DiscoveryClient - Initial registry fetch from primary servers failed
2021-04-11 17:48:18.627 [main] INFO  com.netflix.discovery.DiscoveryClient - Initial registry fetch from backup servers failed
2021-04-11 17:48:18.628 [main] INFO  com.netflix.discovery.DiscoveryClient - Starting heartbeat executor: renew interval is: 30
2021-04-11 17:48:18.633 [main] INFO  com.netflix.discovery.InstanceInfoReplicator - InstanceInfoReplicator onDemand update allowed rate per min is 4
2021-04-11 17:48:18.638 [main] INFO  com.netflix.discovery.DiscoveryClient - Discovery Client initialized at timestamp 1618134498636 with initial instances count: 0
2021-04-11 17:48:18.646 [main] INFO  o.s.c.n.e.serviceregistry.EurekaServiceRegistry - Registering application RPST with eureka with status UP
2021-04-11 17:48:18.647 [main] INFO  com.netflix.discovery.DiscoveryClient - Saw local status change event StatusChangeEvent [timestamp=1618134498647, current=UP, previous=STARTING]
2021-04-11 17:48:18.654 [DiscoveryClient-InstanceInfoReplicator-0] INFO  com.netflix.discovery.DiscoveryClient - DiscoveryClient_RPST/DESKTOP-F7K69CA:rpst:8084: registering service...
2021-04-11 17:48:19.289 [main] INFO  o.s.s.a.ScheduledAnnotationBeanPostProcessor - No TaskScheduler/ScheduledExecutorService bean found for scheduled processing
2021-04-11 17:48:19.311 [main] INFO  com.rhythm.rpst.Test - Started Test in 31.291 seconds (JVM running for 34.824)
2021-04-11 17:48:20.106 [main] INFO  com.zaxxer.hikari.HikariDataSource - HikariPool-1 - Starting...
2021-04-11 17:48:20.832 [main] INFO  com.zaxxer.hikari.HikariDataSource - HikariPool-1 - Start completed.
2021-04-11 17:48:21.021 [SpringContextShutdownHook] INFO  o.s.c.n.e.serviceregistry.EurekaServiceRegistry - Unregistering application RPST with eureka with status DOWN
2021-04-11 17:48:21.106 [SpringContextShutdownHook] INFO  o.s.scheduling.concurrent.ThreadPoolTaskExecutor - Shutting down ExecutorService 'applicationTaskExecutor'
2021-04-11 17:48:21.277 [SpringContextShutdownHook] INFO  com.zaxxer.hikari.HikariDataSource - HikariPool-1 - Shutdown initiated...
2021-04-11 17:48:21.303 [SpringContextShutdownHook] INFO  com.zaxxer.hikari.HikariDataSource - HikariPool-1 - Shutdown completed.
2021-04-11 17:48:21.305 [SpringContextShutdownHook] INFO  com.netflix.discovery.DiscoveryClient - Shutting down DiscoveryClient ...
2021-04-11 17:48:22.711 [DiscoveryClient-InstanceInfoReplicator-0] INFO  com.netflix.discovery.DiscoveryClient - DiscoveryClient_RPST/DESKTOP-F7K69CA:rpst:8084: registering service...
2021-04-11 17:48:24.309 [SpringContextShutdownHook] INFO  com.netflix.discovery.DiscoveryClient - Unregistering ...
2021-04-11 17:48:28.338 [SpringContextShutdownHook] INFO  com.netflix.discovery.DiscoveryClient - Completed shut down of DiscoveryClient
2021-04-11 17:55:03.710 [main] INFO  o.s.b.t.context.SpringBootTestContextBootstrapper - Neither @ContextConfiguration nor @ContextHierarchy found for test class [com.rhythm.rpst.Test], using SpringBootContextLoader
2021-04-11 17:55:03.721 [main] INFO  o.s.test.context.support.AbstractContextLoader - Could not detect default resource locations for test class [com.rhythm.rpst.Test]: no resource found for suffixes {-context.xml, Context.groovy}.
2021-04-11 17:55:05.187 [main] INFO  o.s.b.t.context.SpringBootTestContextBootstrapper - Loaded default TestExecutionListener class names from location [META-INF/spring.factories]: [org.springframework.boot.test.mock.mockito.MockitoTestExecutionListener, org.springframework.boot.test.mock.mockito.ResetMocksTestExecutionListener, org.springframework.boot.test.autoconfigure.restdocs.RestDocsTestExecutionListener, org.springframework.boot.test.autoconfigure.web.client.MockRestServiceServerResetTestExecutionListener, org.springframework.boot.test.autoconfigure.web.servlet.MockMvcPrintOnlyOnFailureTestExecutionListener, org.springframework.boot.test.autoconfigure.web.servlet.WebDriverTestExecutionListener, org.springframework.boot.test.autoconfigure.webservices.client.MockWebServiceServerTestExecutionListener, org.springframework.test.context.web.ServletTestExecutionListener, org.springframework.test.context.support.DirtiesContextBeforeModesTestExecutionListener, org.springframework.test.context.support.DependencyInjectionTestExecutionListener, org.springframework.test.context.support.DirtiesContextTestExecutionListener, org.springframework.test.context.transaction.TransactionalTestExecutionListener, org.springframework.test.context.jdbc.SqlScriptsTestExecutionListener, org.springframework.test.context.event.EventPublishingTestExecutionListener]
2021-04-11 17:55:05.235 [main] INFO  o.s.b.t.context.SpringBootTestContextBootstrapper - Using TestExecutionListeners: [org.springframework.test.context.web.ServletTestExecutionListener@51c668e3, org.springframework.test.context.support.DirtiesContextBeforeModesTestExecutionListener@2e6a8155, org.springframework.boot.test.mock.mockito.MockitoTestExecutionListener@6221a451, org.springframework.boot.test.autoconfigure.SpringBootDependencyInjectionTestExecutionListener@52719fb6, org.springframework.test.context.support.DirtiesContextTestExecutionListener@3012646b, org.springframework.test.context.transaction.TransactionalTestExecutionListener@4a883b15, org.springframework.test.context.jdbc.SqlScriptsTestExecutionListener@25641d39, org.springframework.test.context.event.EventPublishingTestExecutionListener@7b36aa0c, org.springframework.boot.test.mock.mockito.ResetMocksTestExecutionListener@5824a83d, org.springframework.boot.test.autoconfigure.restdocs.RestDocsTestExecutionListener@537f60bf, org.springframework.boot.test.autoconfigure.web.client.MockRestServiceServerResetTestExecutionListener@5677323c, org.springframework.boot.test.autoconfigure.web.servlet.MockMvcPrintOnlyOnFailureTestExecutionListener@18df8434, org.springframework.boot.test.autoconfigure.web.servlet.WebDriverTestExecutionListener@65c7a252, org.springframework.boot.test.autoconfigure.webservices.client.MockWebServiceServerTestExecutionListener@4d154ccd]
2021-04-11 17:55:10.116 [main] INFO  com.rhythm.rpst.Test - No active profile set, falling back to default profiles: default
2021-04-11 17:55:11.525 [main] INFO  o.s.d.r.config.RepositoryConfigurationDelegate - Multiple Spring Data modules found, entering strict repository configuration mode!
2021-04-11 17:55:11.532 [main] INFO  o.s.d.r.config.RepositoryConfigurationDelegate - Bootstrapping Spring Data Redis repositories in DEFAULT mode.
2021-04-11 17:55:11.601 [main] INFO  o.s.d.r.config.RepositoryConfigurationDelegate - Finished Spring Data repository scanning in 18ms. Found 0 Redis repository interfaces.
2021-04-11 17:55:12.476 [main] INFO  o.springframework.cloud.context.scope.GenericScope - BeanFactory id=072577fb-ca66-3fe4-94b1-885687497e2e
2021-04-11 17:55:21.027 [main] INFO  com.netflix.config.sources.URLConfigurationSource - To enable URLs as dynamic configuration sources, define System property archaius.configurationSource.additionalUrls or make config.properties available on classpath.
2021-04-11 17:55:21.043 [main] INFO  com.netflix.config.sources.URLConfigurationSource - To enable URLs as dynamic configuration sources, define System property archaius.configurationSource.additionalUrls or make config.properties available on classpath.
2021-04-11 17:55:22.052 [main] INFO  o.s.scheduling.concurrent.ThreadPoolTaskExecutor - Initializing ExecutorService 'applicationTaskExecutor'
2021-04-11 17:55:25.291 [main] INFO  o.s.c.n.e.c.DiscoveryClientOptionalArgsConfiguration - Eureka HTTP Client uses Jersey
2021-04-11 17:55:27.034 [main] INFO  o.s.cloud.netflix.eureka.InstanceInfoFactory - Setting initial instance status as: STARTING
2021-04-11 17:55:27.234 [main] INFO  com.netflix.discovery.DiscoveryClient - Initializing Eureka in region us-east-1
2021-04-11 17:55:28.585 [main] INFO  c.n.discovery.provider.DiscoveryJerseyProvider - Using JSON encoding codec LegacyJacksonJson
2021-04-11 17:55:28.585 [main] INFO  c.n.discovery.provider.DiscoveryJerseyProvider - Using JSON decoding codec LegacyJacksonJson
2021-04-11 17:55:28.861 [main] INFO  c.n.discovery.provider.DiscoveryJerseyProvider - Using XML encoding codec XStreamXml
2021-04-11 17:55:28.861 [main] INFO  c.n.discovery.provider.DiscoveryJerseyProvider - Using XML decoding codec XStreamXml
2021-04-11 17:55:29.240 [main] INFO  c.n.d.shared.resolver.aws.ConfigClusterResolver - Resolving eureka endpoints via configuration
2021-04-11 17:55:30.152 [main] INFO  com.netflix.discovery.DiscoveryClient - Disable delta property : false
2021-04-11 17:55:30.154 [main] INFO  com.netflix.discovery.DiscoveryClient - Single vip registry refresh property : null
2021-04-11 17:55:30.154 [main] INFO  com.netflix.discovery.DiscoveryClient - Force full registry fetch : false
2021-04-11 17:55:30.154 [main] INFO  com.netflix.discovery.DiscoveryClient - Application is null : false
2021-04-11 17:55:30.154 [main] INFO  com.netflix.discovery.DiscoveryClient - Registered Applications size is zero : true
2021-04-11 17:55:30.154 [main] INFO  com.netflix.discovery.DiscoveryClient - Application version is -1: true
2021-04-11 17:55:30.154 [main] INFO  com.netflix.discovery.DiscoveryClient - Getting all instance registry info from the eureka server
2021-04-11 17:55:34.314 [main] INFO  com.netflix.discovery.DiscoveryClient - Initial registry fetch from primary servers failed
2021-04-11 17:55:34.316 [main] INFO  com.netflix.discovery.DiscoveryClient - Initial registry fetch from backup servers failed
2021-04-11 17:55:34.318 [main] INFO  com.netflix.discovery.DiscoveryClient - Starting heartbeat executor: renew interval is: 30
2021-04-11 17:55:34.322 [main] INFO  com.netflix.discovery.InstanceInfoReplicator - InstanceInfoReplicator onDemand update allowed rate per min is 4
2021-04-11 17:55:34.330 [main] INFO  com.netflix.discovery.DiscoveryClient - Discovery Client initialized at timestamp 1618134934327 with initial instances count: 0
2021-04-11 17:55:34.342 [main] INFO  o.s.c.n.e.serviceregistry.EurekaServiceRegistry - Registering application RPST with eureka with status UP
2021-04-11 17:55:34.344 [main] INFO  com.netflix.discovery.DiscoveryClient - Saw local status change event StatusChangeEvent [timestamp=1618134934344, current=UP, previous=STARTING]
2021-04-11 17:55:34.354 [DiscoveryClient-InstanceInfoReplicator-0] INFO  com.netflix.discovery.DiscoveryClient - DiscoveryClient_RPST/DESKTOP-F7K69CA:rpst:8084: registering service...
2021-04-11 17:55:35.597 [main] INFO  o.s.s.a.ScheduledAnnotationBeanPostProcessor - No TaskScheduler/ScheduledExecutorService bean found for scheduled processing
2021-04-11 17:55:35.616 [main] INFO  com.rhythm.rpst.Test - Started Test in 30.191 seconds (JVM running for 34.739)
2021-04-11 17:55:36.303 [main] INFO  com.zaxxer.hikari.HikariDataSource - HikariPool-1 - Starting...
2021-04-11 17:55:36.989 [main] INFO  com.zaxxer.hikari.HikariDataSource - HikariPool-1 - Start completed.
2021-04-11 17:55:37.290 [SpringContextShutdownHook] INFO  o.s.c.n.e.serviceregistry.EurekaServiceRegistry - Unregistering application RPST with eureka with status DOWN
2021-04-11 17:55:37.322 [SpringContextShutdownHook] INFO  o.s.scheduling.concurrent.ThreadPoolTaskExecutor - Shutting down ExecutorService 'applicationTaskExecutor'
2021-04-11 17:55:37.459 [SpringContextShutdownHook] INFO  com.zaxxer.hikari.HikariDataSource - HikariPool-1 - Shutdown initiated...
2021-04-11 17:55:37.474 [SpringContextShutdownHook] INFO  com.zaxxer.hikari.HikariDataSource - HikariPool-1 - Shutdown completed.
2021-04-11 17:55:37.475 [SpringContextShutdownHook] INFO  com.netflix.discovery.DiscoveryClient - Shutting down DiscoveryClient ...
2021-04-11 17:55:38.429 [DiscoveryClient-InstanceInfoReplicator-0] INFO  com.netflix.discovery.DiscoveryClient - DiscoveryClient_RPST/DESKTOP-F7K69CA:rpst:8084: registering service...
2021-04-11 17:55:40.480 [SpringContextShutdownHook] INFO  com.netflix.discovery.DiscoveryClient - Unregistering ...
2021-04-11 17:55:44.516 [SpringContextShutdownHook] INFO  com.netflix.discovery.DiscoveryClient - Completed shut down of DiscoveryClient
2021-04-11 17:56:49.184 [main] INFO  o.s.b.t.context.SpringBootTestContextBootstrapper - Neither @ContextConfiguration nor @ContextHierarchy found for test class [com.rhythm.rpst.Test], using SpringBootContextLoader
2021-04-11 17:56:49.193 [main] INFO  o.s.test.context.support.AbstractContextLoader - Could not detect default resource locations for test class [com.rhythm.rpst.Test]: no resource found for suffixes {-context.xml, Context.groovy}.
2021-04-11 17:56:50.157 [main] INFO  o.s.b.t.context.SpringBootTestContextBootstrapper - Loaded default TestExecutionListener class names from location [META-INF/spring.factories]: [org.springframework.boot.test.mock.mockito.MockitoTestExecutionListener, org.springframework.boot.test.mock.mockito.ResetMocksTestExecutionListener, org.springframework.boot.test.autoconfigure.restdocs.RestDocsTestExecutionListener, org.springframework.boot.test.autoconfigure.web.client.MockRestServiceServerResetTestExecutionListener, org.springframework.boot.test.autoconfigure.web.servlet.MockMvcPrintOnlyOnFailureTestExecutionListener, org.springframework.boot.test.autoconfigure.web.servlet.WebDriverTestExecutionListener, org.springframework.boot.test.autoconfigure.webservices.client.MockWebServiceServerTestExecutionListener, org.springframework.test.context.web.ServletTestExecutionListener, org.springframework.test.context.support.DirtiesContextBeforeModesTestExecutionListener, org.springframework.test.context.support.DependencyInjectionTestExecutionListener, org.springframework.test.context.support.DirtiesContextTestExecutionListener, org.springframework.test.context.transaction.TransactionalTestExecutionListener, org.springframework.test.context.jdbc.SqlScriptsTestExecutionListener, org.springframework.test.context.event.EventPublishingTestExecutionListener]
2021-04-11 17:56:50.195 [main] INFO  o.s.b.t.context.SpringBootTestContextBootstrapper - Using TestExecutionListeners: [org.springframework.test.context.web.ServletTestExecutionListener@52719fb6, org.springframework.test.context.support.DirtiesContextBeforeModesTestExecutionListener@3012646b, org.springframework.boot.test.mock.mockito.MockitoTestExecutionListener@4a883b15, org.springframework.boot.test.autoconfigure.SpringBootDependencyInjectionTestExecutionListener@25641d39, org.springframework.test.context.support.DirtiesContextTestExecutionListener@7b36aa0c, org.springframework.test.context.transaction.TransactionalTestExecutionListener@5824a83d, org.springframework.test.context.jdbc.SqlScriptsTestExecutionListener@537f60bf, org.springframework.test.context.event.EventPublishingTestExecutionListener@5677323c, org.springframework.boot.test.mock.mockito.ResetMocksTestExecutionListener@18df8434, org.springframework.boot.test.autoconfigure.restdocs.RestDocsTestExecutionListener@65c7a252, org.springframework.boot.test.autoconfigure.web.client.MockRestServiceServerResetTestExecutionListener@4d154ccd, org.springframework.boot.test.autoconfigure.web.servlet.MockMvcPrintOnlyOnFailureTestExecutionListener@229c6181, org.springframework.boot.test.autoconfigure.web.servlet.WebDriverTestExecutionListener@4686afc2, org.springframework.boot.test.autoconfigure.webservices.client.MockWebServiceServerTestExecutionListener@1e0b4072]
2021-04-11 17:56:55.315 [main] INFO  com.rhythm.rpst.Test - No active profile set, falling back to default profiles: default
2021-04-11 17:56:56.702 [main] INFO  o.s.d.r.config.RepositoryConfigurationDelegate - Multiple Spring Data modules found, entering strict repository configuration mode!
2021-04-11 17:56:56.707 [main] INFO  o.s.d.r.config.RepositoryConfigurationDelegate - Bootstrapping Spring Data Redis repositories in DEFAULT mode.
2021-04-11 17:56:56.788 [main] INFO  o.s.d.r.config.RepositoryConfigurationDelegate - Finished Spring Data repository scanning in 37ms. Found 0 Redis repository interfaces.
2021-04-11 17:56:57.620 [main] INFO  o.springframework.cloud.context.scope.GenericScope - BeanFactory id=072577fb-ca66-3fe4-94b1-885687497e2e
2021-04-11 17:59:53.077 [main] INFO  o.s.b.t.context.SpringBootTestContextBootstrapper - Neither @ContextConfiguration nor @ContextHierarchy found for test class [com.rhythm.rpst.Test], using SpringBootContextLoader
2021-04-11 17:59:53.088 [main] INFO  o.s.test.context.support.AbstractContextLoader - Could not detect default resource locations for test class [com.rhythm.rpst.Test]: no resource found for suffixes {-context.xml, Context.groovy}.
2021-04-11 17:59:54.091 [main] INFO  o.s.b.t.context.SpringBootTestContextBootstrapper - Loaded default TestExecutionListener class names from location [META-INF/spring.factories]: [org.springframework.boot.test.mock.mockito.MockitoTestExecutionListener, org.springframework.boot.test.mock.mockito.ResetMocksTestExecutionListener, org.springframework.boot.test.autoconfigure.restdocs.RestDocsTestExecutionListener, org.springframework.boot.test.autoconfigure.web.client.MockRestServiceServerResetTestExecutionListener, org.springframework.boot.test.autoconfigure.web.servlet.MockMvcPrintOnlyOnFailureTestExecutionListener, org.springframework.boot.test.autoconfigure.web.servlet.WebDriverTestExecutionListener, org.springframework.boot.test.autoconfigure.webservices.client.MockWebServiceServerTestExecutionListener, org.springframework.test.context.web.ServletTestExecutionListener, org.springframework.test.context.support.DirtiesContextBeforeModesTestExecutionListener, org.springframework.test.context.support.DependencyInjectionTestExecutionListener, org.springframework.test.context.support.DirtiesContextTestExecutionListener, org.springframework.test.context.transaction.TransactionalTestExecutionListener, org.springframework.test.context.jdbc.SqlScriptsTestExecutionListener, org.springframework.test.context.event.EventPublishingTestExecutionListener]
2021-04-11 17:59:54.127 [main] INFO  o.s.b.t.context.SpringBootTestContextBootstrapper - Using TestExecutionListeners: [org.springframework.test.context.web.ServletTestExecutionListener@52719fb6, org.springframework.test.context.support.DirtiesContextBeforeModesTestExecutionListener@3012646b, org.springframework.boot.test.mock.mockito.MockitoTestExecutionListener@4a883b15, org.springframework.boot.test.autoconfigure.SpringBootDependencyInjectionTestExecutionListener@25641d39, org.springframework.test.context.support.DirtiesContextTestExecutionListener@7b36aa0c, org.springframework.test.context.transaction.TransactionalTestExecutionListener@5824a83d, org.springframework.test.context.jdbc.SqlScriptsTestExecutionListener@537f60bf, org.springframework.test.context.event.EventPublishingTestExecutionListener@5677323c, org.springframework.boot.test.mock.mockito.ResetMocksTestExecutionListener@18df8434, org.springframework.boot.test.autoconfigure.restdocs.RestDocsTestExecutionListener@65c7a252, org.springframework.boot.test.autoconfigure.web.client.MockRestServiceServerResetTestExecutionListener@4d154ccd, org.springframework.boot.test.autoconfigure.web.servlet.MockMvcPrintOnlyOnFailureTestExecutionListener@229c6181, org.springframework.boot.test.autoconfigure.web.servlet.WebDriverTestExecutionListener@4686afc2, org.springframework.boot.test.autoconfigure.webservices.client.MockWebServiceServerTestExecutionListener@1e0b4072]
2021-04-11 17:59:58.559 [main] INFO  com.rhythm.rpst.Test - No active profile set, falling back to default profiles: default
2021-04-11 18:00:00.487 [main] INFO  o.s.d.r.config.RepositoryConfigurationDelegate - Multiple Spring Data modules found, entering strict repository configuration mode!
2021-04-11 18:00:00.494 [main] INFO  o.s.d.r.config.RepositoryConfigurationDelegate - Bootstrapping Spring Data Redis repositories in DEFAULT mode.
2021-04-11 18:00:00.582 [main] INFO  o.s.d.r.config.RepositoryConfigurationDelegate - Finished Spring Data repository scanning in 21ms. Found 0 Redis repository interfaces.
2021-04-11 18:00:01.463 [main] INFO  o.springframework.cloud.context.scope.GenericScope - BeanFactory id=072577fb-ca66-3fe4-94b1-885687497e2e
2021-04-11 18:00:09.920 [main] INFO  com.netflix.config.sources.URLConfigurationSource - To enable URLs as dynamic configuration sources, define System property archaius.configurationSource.additionalUrls or make config.properties available on classpath.
2021-04-11 18:00:09.935 [main] INFO  com.netflix.config.sources.URLConfigurationSource - To enable URLs as dynamic configuration sources, define System property archaius.configurationSource.additionalUrls or make config.properties available on classpath.
2021-04-11 18:00:11.139 [main] INFO  o.s.scheduling.concurrent.ThreadPoolTaskExecutor - Initializing ExecutorService 'applicationTaskExecutor'
2021-04-11 18:00:14.894 [main] INFO  o.s.c.n.e.c.DiscoveryClientOptionalArgsConfiguration - Eureka HTTP Client uses Jersey
2021-04-11 18:00:16.625 [main] INFO  o.s.cloud.netflix.eureka.InstanceInfoFactory - Setting initial instance status as: STARTING
2021-04-11 18:00:16.791 [main] INFO  com.netflix.discovery.DiscoveryClient - Initializing Eureka in region us-east-1
2021-04-11 18:00:18.329 [main] INFO  c.n.discovery.provider.DiscoveryJerseyProvider - Using JSON encoding codec LegacyJacksonJson
2021-04-11 18:00:18.330 [main] INFO  c.n.discovery.provider.DiscoveryJerseyProvider - Using JSON decoding codec LegacyJacksonJson
2021-04-11 18:00:18.593 [main] INFO  c.n.discovery.provider.DiscoveryJerseyProvider - Using XML encoding codec XStreamXml
2021-04-11 18:00:18.594 [main] INFO  c.n.discovery.provider.DiscoveryJerseyProvider - Using XML decoding codec XStreamXml
2021-04-11 18:00:18.952 [main] INFO  c.n.d.shared.resolver.aws.ConfigClusterResolver - Resolving eureka endpoints via configuration
2021-04-11 18:00:19.760 [main] INFO  com.netflix.discovery.DiscoveryClient - Disable delta property : false
2021-04-11 18:00:19.761 [main] INFO  com.netflix.discovery.DiscoveryClient - Single vip registry refresh property : null
2021-04-11 18:00:19.762 [main] INFO  com.netflix.discovery.DiscoveryClient - Force full registry fetch : false
2021-04-11 18:00:19.763 [main] INFO  com.netflix.discovery.DiscoveryClient - Application is null : false
2021-04-11 18:00:19.763 [main] INFO  com.netflix.discovery.DiscoveryClient - Registered Applications size is zero : true
2021-04-11 18:00:19.763 [main] INFO  com.netflix.discovery.DiscoveryClient - Application version is -1: true
2021-04-11 18:00:19.763 [main] INFO  com.netflix.discovery.DiscoveryClient - Getting all instance registry info from the eureka server
2021-04-11 18:00:23.939 [main] INFO  com.netflix.discovery.DiscoveryClient - Initial registry fetch from primary servers failed
2021-04-11 18:00:23.941 [main] INFO  com.netflix.discovery.DiscoveryClient - Initial registry fetch from backup servers failed
2021-04-11 18:00:23.942 [main] INFO  com.netflix.discovery.DiscoveryClient - Starting heartbeat executor: renew interval is: 30
2021-04-11 18:00:23.946 [main] INFO  com.netflix.discovery.InstanceInfoReplicator - InstanceInfoReplicator onDemand update allowed rate per min is 4
2021-04-11 18:00:23.953 [main] INFO  com.netflix.discovery.DiscoveryClient - Discovery Client initialized at timestamp 1618135223951 with initial instances count: 0
2021-04-11 18:00:23.963 [main] INFO  o.s.c.n.e.serviceregistry.EurekaServiceRegistry - Registering application RPST with eureka with status UP
2021-04-11 18:00:23.965 [main] INFO  com.netflix.discovery.DiscoveryClient - Saw local status change event StatusChangeEvent [timestamp=1618135223965, current=UP, previous=STARTING]
2021-04-11 18:00:23.970 [DiscoveryClient-InstanceInfoReplicator-0] INFO  com.netflix.discovery.DiscoveryClient - DiscoveryClient_RPST/DESKTOP-F7K69CA:rpst:8084: registering service...
2021-04-11 18:00:24.668 [main] INFO  o.s.s.a.ScheduledAnnotationBeanPostProcessor - No TaskScheduler/ScheduledExecutorService bean found for scheduled processing
2021-04-11 18:00:24.688 [main] INFO  com.rhythm.rpst.Test - Started Test in 30.371 seconds (JVM running for 33.801)
2021-04-11 18:00:25.395 [main] INFO  com.zaxxer.hikari.HikariDataSource - HikariPool-1 - Starting...
2021-04-11 18:00:26.072 [main] INFO  com.zaxxer.hikari.HikariDataSource - HikariPool-1 - Start completed.
2021-04-11 18:00:26.215 [SpringContextShutdownHook] INFO  o.s.c.n.e.serviceregistry.EurekaServiceRegistry - Unregistering application RPST with eureka with status DOWN
2021-04-11 18:00:26.324 [SpringContextShutdownHook] INFO  o.s.scheduling.concurrent.ThreadPoolTaskExecutor - Shutting down ExecutorService 'applicationTaskExecutor'
2021-04-11 18:00:26.461 [SpringContextShutdownHook] INFO  com.zaxxer.hikari.HikariDataSource - HikariPool-1 - Shutdown initiated...
2021-04-11 18:00:26.479 [SpringContextShutdownHook] INFO  com.zaxxer.hikari.HikariDataSource - HikariPool-1 - Shutdown completed.
2021-04-11 18:00:26.480 [SpringContextShutdownHook] INFO  com.netflix.discovery.DiscoveryClient - Shutting down DiscoveryClient ...
2021-04-11 18:00:28.029 [DiscoveryClient-InstanceInfoReplicator-0] INFO  com.netflix.discovery.DiscoveryClient - DiscoveryClient_RPST/DESKTOP-F7K69CA:rpst:8084: registering service...
2021-04-11 18:00:29.485 [SpringContextShutdownHook] INFO  com.netflix.discovery.DiscoveryClient - Unregistering ...
2021-04-11 18:00:33.535 [SpringContextShutdownHook] INFO  com.netflix.discovery.DiscoveryClient - Completed shut down of DiscoveryClient
