2021-03-29 18:39:09.066 [main] INFO  o.s.b.t.context.SpringBootTestContextBootstrapper - Neither @ContextConfiguration nor @ContextHierarchy found for test class [com.rhythm.user.test.Test], using SpringBootContextLoader
2021-03-29 18:39:09.085 [main] INFO  o.s.test.context.support.AbstractContextLoader - Could not detect default resource locations for test class [com.rhythm.user.test.Test]: no resource found for suffixes {-context.xml, Context.groovy}.
2021-03-29 18:39:09.497 [main] INFO  o.s.b.t.context.SpringBootTestContextBootstrapper - Loaded default TestExecutionListener class names from location [META-INF/spring.factories]: [org.springframework.boot.test.mock.mockito.MockitoTestExecutionListener, org.springframework.boot.test.mock.mockito.ResetMocksTestExecutionListener, org.springframework.boot.test.autoconfigure.restdocs.RestDocsTestExecutionListener, org.springframework.boot.test.autoconfigure.web.client.MockRestServiceServerResetTestExecutionListener, org.springframework.boot.test.autoconfigure.web.servlet.MockMvcPrintOnlyOnFailureTestExecutionListener, org.springframework.boot.test.autoconfigure.web.servlet.WebDriverTestExecutionListener, org.springframework.boot.test.autoconfigure.webservices.client.MockWebServiceServerTestExecutionListener, org.springframework.test.context.web.ServletTestExecutionListener, org.springframework.test.context.support.DirtiesContextBeforeModesTestExecutionListener, org.springframework.test.context.support.DependencyInjectionTestExecutionListener, org.springframework.test.context.support.DirtiesContextTestExecutionListener, org.springframework.test.context.transaction.TransactionalTestExecutionListener, org.springframework.test.context.jdbc.SqlScriptsTestExecutionListener, org.springframework.test.context.event.EventPublishingTestExecutionListener]
2021-03-29 18:39:09.530 [main] INFO  o.s.b.t.context.SpringBootTestContextBootstrapper - Using TestExecutionListeners: [org.springframework.test.context.web.ServletTestExecutionListener@27462a88, org.springframework.test.context.support.DirtiesContextBeforeModesTestExecutionListener@82de64a, org.springframework.boot.test.mock.mockito.MockitoTestExecutionListener@659499f1, org.springframework.boot.test.autoconfigure.SpringBootDependencyInjectionTestExecutionListener@51e69659, org.springframework.test.context.support.DirtiesContextTestExecutionListener@47e2e487, org.springframework.test.context.transaction.TransactionalTestExecutionListener@201a4587, org.springframework.test.context.jdbc.SqlScriptsTestExecutionListener@61001b64, org.springframework.test.context.event.EventPublishingTestExecutionListener@4310d43, org.springframework.boot.test.mock.mockito.ResetMocksTestExecutionListener@54a7079e, org.springframework.boot.test.autoconfigure.restdocs.RestDocsTestExecutionListener@26e356f0, org.springframework.boot.test.autoconfigure.web.client.MockRestServiceServerResetTestExecutionListener@47d9a273, org.springframework.boot.test.autoconfigure.web.servlet.MockMvcPrintOnlyOnFailureTestExecutionListener@4b8ee4de, org.springframework.boot.test.autoconfigure.web.servlet.WebDriverTestExecutionListener@27f981c6, org.springframework.boot.test.autoconfigure.webservices.client.MockWebServiceServerTestExecutionListener@1b11171f]
2021-03-29 18:39:11.439 [main] INFO  com.rhythm.user.test.Test - No active profile set, falling back to default profiles: default
2021-03-29 18:39:12.556 [main] INFO  o.springframework.cloud.context.scope.GenericScope - BeanFactory id=acf4f258-8ff4-375a-82f5-76779c14dc06
2021-03-29 18:39:13.096 [main] INFO  o.s.c.s.PostProcessorRegistrationDelegate$BeanPostProcessorChecker - Bean 'shiroConfig' of type [com.rhythm.user.shiro.configuration.ShiroConfig$$EnhancerBySpringCGLIB$$f5ccfe49] is not eligible for getting processed by all BeanPostProcessors (for example: not eligible for auto-proxying)
2021-03-29 18:39:13.142 [main] INFO  o.s.c.s.PostProcessorRegistrationDelegate$BeanPostProcessorChecker - Bean 'userService' of type [com.rhythm.user.service.UserService] is not eligible for getting processed by all BeanPostProcessors (for example: not eligible for auto-proxying)
2021-03-29 18:39:13.142 [main] INFO  o.s.c.s.PostProcessorRegistrationDelegate$BeanPostProcessorChecker - Bean 'myRealm' of type [com.rhythm.user.shiro.realm.MyRealm] is not eligible for getting processed by all BeanPostProcessors (for example: not eligible for auto-proxying)
2021-03-29 18:39:13.868 [main] INFO  o.s.c.s.PostProcessorRegistrationDelegate$BeanPostProcessorChecker - Bean 'securityManager' of type [org.apache.shiro.web.mgt.DefaultWebSecurityManager] is not eligible for getting processed by all BeanPostProcessors (for example: not eligible for auto-proxying)
2021-03-29 18:39:14.255 [main] INFO  com.netflix.config.sources.URLConfigurationSource - To enable URLs as dynamic configuration sources, define System property archaius.configurationSource.additionalUrls or make config.properties available on classpath.
2021-03-29 18:39:14.268 [main] INFO  com.netflix.config.sources.URLConfigurationSource - To enable URLs as dynamic configuration sources, define System property archaius.configurationSource.additionalUrls or make config.properties available on classpath.
2021-03-29 18:39:14.668 [main] INFO  o.s.scheduling.concurrent.ThreadPoolTaskExecutor - Initializing ExecutorService 'applicationTaskExecutor'
2021-03-29 18:39:18.837 [main] INFO  o.s.c.n.e.c.DiscoveryClientOptionalArgsConfiguration - Eureka HTTP Client uses Jersey
2021-03-29 18:39:20.155 [main] INFO  o.s.cloud.netflix.eureka.InstanceInfoFactory - Setting initial instance status as: STARTING
2021-03-29 18:39:20.297 [main] INFO  com.netflix.discovery.DiscoveryClient - Initializing Eureka in region us-east-1
2021-03-29 18:39:20.514 [main] INFO  c.n.discovery.provider.DiscoveryJerseyProvider - Using JSON encoding codec LegacyJacksonJson
2021-03-29 18:39:20.515 [main] INFO  c.n.discovery.provider.DiscoveryJerseyProvider - Using JSON decoding codec LegacyJacksonJson
2021-03-29 18:39:20.952 [main] INFO  c.n.discovery.provider.DiscoveryJerseyProvider - Using XML encoding codec XStreamXml
2021-03-29 18:39:20.952 [main] INFO  c.n.discovery.provider.DiscoveryJerseyProvider - Using XML decoding codec XStreamXml
2021-03-29 18:39:21.300 [main] INFO  c.n.d.shared.resolver.aws.ConfigClusterResolver - Resolving eureka endpoints via configuration
2021-03-29 18:39:21.682 [main] INFO  com.netflix.discovery.DiscoveryClient - Disable delta property : false
2021-03-29 18:39:21.683 [main] INFO  com.netflix.discovery.DiscoveryClient - Single vip registry refresh property : null
2021-03-29 18:39:21.683 [main] INFO  com.netflix.discovery.DiscoveryClient - Force full registry fetch : false
2021-03-29 18:39:21.683 [main] INFO  com.netflix.discovery.DiscoveryClient - Application is null : false
2021-03-29 18:39:21.683 [main] INFO  com.netflix.discovery.DiscoveryClient - Registered Applications size is zero : true
2021-03-29 18:39:21.683 [main] INFO  com.netflix.discovery.DiscoveryClient - Application version is -1: true
2021-03-29 18:39:21.683 [main] INFO  com.netflix.discovery.DiscoveryClient - Getting all instance registry info from the eureka server
2021-03-29 18:39:25.827 [main] INFO  com.netflix.discovery.DiscoveryClient - Initial registry fetch from primary servers failed
2021-03-29 18:39:25.831 [main] INFO  com.netflix.discovery.DiscoveryClient - Initial registry fetch from backup servers failed
2021-03-29 18:39:25.834 [main] INFO  com.netflix.discovery.DiscoveryClient - Starting heartbeat executor: renew interval is: 30
2021-03-29 18:39:25.838 [main] INFO  com.netflix.discovery.InstanceInfoReplicator - InstanceInfoReplicator onDemand update allowed rate per min is 4
2021-03-29 18:39:25.843 [main] INFO  com.netflix.discovery.DiscoveryClient - Discovery Client initialized at timestamp 1617014365841 with initial instances count: 0
2021-03-29 18:39:25.849 [main] INFO  o.s.c.n.e.serviceregistry.EurekaServiceRegistry - Registering application USER with eureka with status UP
2021-03-29 18:39:25.850 [main] INFO  com.netflix.discovery.DiscoveryClient - Saw local status change event StatusChangeEvent [timestamp=1617014365850, current=UP, previous=STARTING]
2021-03-29 18:39:25.853 [DiscoveryClient-InstanceInfoReplicator-0] INFO  com.netflix.discovery.DiscoveryClient - DiscoveryClient_USER/LAPTOP-L5KMNRFT:user:8082: registering service...
2021-03-29 18:39:25.870 [main] INFO  com.rhythm.user.test.Test - Started Test in 16.215 seconds (JVM running for 18.255)
2021-03-29 18:39:26.176 [main] INFO  com.zaxxer.hikari.HikariDataSource - HikariPool-1 - Starting...
2021-03-29 18:39:27.716 [SpringContextShutdownHook] INFO  o.s.c.n.e.serviceregistry.EurekaServiceRegistry - Unregistering application USER with eureka with status DOWN
2021-03-29 18:39:27.722 [SpringContextShutdownHook] INFO  o.s.scheduling.concurrent.ThreadPoolTaskExecutor - Shutting down ExecutorService 'applicationTaskExecutor'
2021-03-29 18:39:27.727 [SpringContextShutdownHook] INFO  com.netflix.discovery.DiscoveryClient - Shutting down DiscoveryClient ...
2021-03-29 18:39:29.895 [DiscoveryClient-InstanceInfoReplicator-0] INFO  com.netflix.discovery.DiscoveryClient - DiscoveryClient_USER/LAPTOP-L5KMNRFT:user:8082: registering service...
2021-03-29 18:39:30.731 [SpringContextShutdownHook] INFO  com.netflix.discovery.DiscoveryClient - Unregistering ...
2021-03-29 18:39:34.801 [SpringContextShutdownHook] INFO  com.netflix.discovery.DiscoveryClient - Completed shut down of DiscoveryClient
2021-03-29 18:43:01.349 [main] INFO  o.s.b.t.context.SpringBootTestContextBootstrapper - Neither @ContextConfiguration nor @ContextHierarchy found for test class [com.rhythm.user.test.Test], using SpringBootContextLoader
2021-03-29 18:43:01.361 [main] INFO  o.s.test.context.support.AbstractContextLoader - Could not detect default resource locations for test class [com.rhythm.user.test.Test]: no resource found for suffixes {-context.xml, Context.groovy}.
2021-03-29 18:43:01.744 [main] INFO  o.s.b.t.context.SpringBootTestContextBootstrapper - Loaded default TestExecutionListener class names from location [META-INF/spring.factories]: [org.springframework.boot.test.mock.mockito.MockitoTestExecutionListener, org.springframework.boot.test.mock.mockito.ResetMocksTestExecutionListener, org.springframework.boot.test.autoconfigure.restdocs.RestDocsTestExecutionListener, org.springframework.boot.test.autoconfigure.web.client.MockRestServiceServerResetTestExecutionListener, org.springframework.boot.test.autoconfigure.web.servlet.MockMvcPrintOnlyOnFailureTestExecutionListener, org.springframework.boot.test.autoconfigure.web.servlet.WebDriverTestExecutionListener, org.springframework.boot.test.autoconfigure.webservices.client.MockWebServiceServerTestExecutionListener, org.springframework.test.context.web.ServletTestExecutionListener, org.springframework.test.context.support.DirtiesContextBeforeModesTestExecutionListener, org.springframework.test.context.support.DependencyInjectionTestExecutionListener, org.springframework.test.context.support.DirtiesContextTestExecutionListener, org.springframework.test.context.transaction.TransactionalTestExecutionListener, org.springframework.test.context.jdbc.SqlScriptsTestExecutionListener, org.springframework.test.context.event.EventPublishingTestExecutionListener]
2021-03-29 18:43:01.767 [main] INFO  o.s.b.t.context.SpringBootTestContextBootstrapper - Using TestExecutionListeners: [org.springframework.test.context.web.ServletTestExecutionListener@27462a88, org.springframework.test.context.support.DirtiesContextBeforeModesTestExecutionListener@82de64a, org.springframework.boot.test.mock.mockito.MockitoTestExecutionListener@659499f1, org.springframework.boot.test.autoconfigure.SpringBootDependencyInjectionTestExecutionListener@51e69659, org.springframework.test.context.support.DirtiesContextTestExecutionListener@47e2e487, org.springframework.test.context.transaction.TransactionalTestExecutionListener@201a4587, org.springframework.test.context.jdbc.SqlScriptsTestExecutionListener@61001b64, org.springframework.test.context.event.EventPublishingTestExecutionListener@4310d43, org.springframework.boot.test.mock.mockito.ResetMocksTestExecutionListener@54a7079e, org.springframework.boot.test.autoconfigure.restdocs.RestDocsTestExecutionListener@26e356f0, org.springframework.boot.test.autoconfigure.web.client.MockRestServiceServerResetTestExecutionListener@47d9a273, org.springframework.boot.test.autoconfigure.web.servlet.MockMvcPrintOnlyOnFailureTestExecutionListener@4b8ee4de, org.springframework.boot.test.autoconfigure.web.servlet.WebDriverTestExecutionListener@27f981c6, org.springframework.boot.test.autoconfigure.webservices.client.MockWebServiceServerTestExecutionListener@1b11171f]
2021-03-29 18:43:04.001 [main] INFO  com.rhythm.user.test.Test - No active profile set, falling back to default profiles: default
2021-03-29 18:43:05.162 [main] INFO  o.springframework.cloud.context.scope.GenericScope - BeanFactory id=acf4f258-8ff4-375a-82f5-76779c14dc06
2021-03-29 18:43:05.731 [main] INFO  o.s.c.s.PostProcessorRegistrationDelegate$BeanPostProcessorChecker - Bean 'shiroConfig' of type [com.rhythm.user.shiro.configuration.ShiroConfig$$EnhancerBySpringCGLIB$$f5ccfe49] is not eligible for getting processed by all BeanPostProcessors (for example: not eligible for auto-proxying)
2021-03-29 18:43:05.776 [main] INFO  o.s.c.s.PostProcessorRegistrationDelegate$BeanPostProcessorChecker - Bean 'userService' of type [com.rhythm.user.service.UserService] is not eligible for getting processed by all BeanPostProcessors (for example: not eligible for auto-proxying)
2021-03-29 18:43:05.777 [main] INFO  o.s.c.s.PostProcessorRegistrationDelegate$BeanPostProcessorChecker - Bean 'myRealm' of type [com.rhythm.user.shiro.realm.MyRealm] is not eligible for getting processed by all BeanPostProcessors (for example: not eligible for auto-proxying)
2021-03-29 18:43:06.508 [main] INFO  o.s.c.s.PostProcessorRegistrationDelegate$BeanPostProcessorChecker - Bean 'securityManager' of type [org.apache.shiro.web.mgt.DefaultWebSecurityManager] is not eligible for getting processed by all BeanPostProcessors (for example: not eligible for auto-proxying)
2021-03-29 18:43:06.922 [main] INFO  com.netflix.config.sources.URLConfigurationSource - To enable URLs as dynamic configuration sources, define System property archaius.configurationSource.additionalUrls or make config.properties available on classpath.
2021-03-29 18:43:06.934 [main] INFO  com.netflix.config.sources.URLConfigurationSource - To enable URLs as dynamic configuration sources, define System property archaius.configurationSource.additionalUrls or make config.properties available on classpath.
2021-03-29 18:43:07.409 [main] INFO  o.s.scheduling.concurrent.ThreadPoolTaskExecutor - Initializing ExecutorService 'applicationTaskExecutor'
2021-03-29 18:43:10.357 [main] INFO  o.s.c.n.e.c.DiscoveryClientOptionalArgsConfiguration - Eureka HTTP Client uses Jersey
2021-03-29 18:43:11.408 [main] INFO  o.s.cloud.netflix.eureka.InstanceInfoFactory - Setting initial instance status as: STARTING
2021-03-29 18:43:11.519 [main] INFO  com.netflix.discovery.DiscoveryClient - Initializing Eureka in region us-east-1
2021-03-29 18:43:11.712 [main] INFO  c.n.discovery.provider.DiscoveryJerseyProvider - Using JSON encoding codec LegacyJacksonJson
2021-03-29 18:43:11.713 [main] INFO  c.n.discovery.provider.DiscoveryJerseyProvider - Using JSON decoding codec LegacyJacksonJson
2021-03-29 18:43:12.000 [main] INFO  c.n.discovery.provider.DiscoveryJerseyProvider - Using XML encoding codec XStreamXml
2021-03-29 18:43:12.001 [main] INFO  c.n.discovery.provider.DiscoveryJerseyProvider - Using XML decoding codec XStreamXml
2021-03-29 18:43:12.323 [main] INFO  c.n.d.shared.resolver.aws.ConfigClusterResolver - Resolving eureka endpoints via configuration
2021-03-29 18:43:12.729 [main] INFO  com.netflix.discovery.DiscoveryClient - Disable delta property : false
2021-03-29 18:43:12.731 [main] INFO  com.netflix.discovery.DiscoveryClient - Single vip registry refresh property : null
2021-03-29 18:43:12.731 [main] INFO  com.netflix.discovery.DiscoveryClient - Force full registry fetch : false
2021-03-29 18:43:12.732 [main] INFO  com.netflix.discovery.DiscoveryClient - Application is null : false
2021-03-29 18:43:12.732 [main] INFO  com.netflix.discovery.DiscoveryClient - Registered Applications size is zero : true
2021-03-29 18:43:12.732 [main] INFO  com.netflix.discovery.DiscoveryClient - Application version is -1: true
2021-03-29 18:43:12.732 [main] INFO  com.netflix.discovery.DiscoveryClient - Getting all instance registry info from the eureka server
2021-03-29 18:43:16.928 [main] INFO  com.netflix.discovery.DiscoveryClient - Initial registry fetch from primary servers failed
2021-03-29 18:43:16.934 [main] INFO  com.netflix.discovery.DiscoveryClient - Initial registry fetch from backup servers failed
2021-03-29 18:43:16.941 [main] INFO  com.netflix.discovery.DiscoveryClient - Starting heartbeat executor: renew interval is: 30
2021-03-29 18:43:16.951 [main] INFO  com.netflix.discovery.InstanceInfoReplicator - InstanceInfoReplicator onDemand update allowed rate per min is 4
2021-03-29 18:43:16.956 [main] INFO  com.netflix.discovery.DiscoveryClient - Discovery Client initialized at timestamp 1617014596954 with initial instances count: 0
2021-03-29 18:43:16.961 [main] INFO  o.s.c.n.e.serviceregistry.EurekaServiceRegistry - Registering application USER with eureka with status UP
2021-03-29 18:43:16.962 [main] INFO  com.netflix.discovery.DiscoveryClient - Saw local status change event StatusChangeEvent [timestamp=1617014596962, current=UP, previous=STARTING]
2021-03-29 18:43:16.965 [DiscoveryClient-InstanceInfoReplicator-0] INFO  com.netflix.discovery.DiscoveryClient - DiscoveryClient_USER/LAPTOP-L5KMNRFT:user:8082: registering service...
2021-03-29 18:43:16.981 [main] INFO  com.rhythm.user.test.Test - Started Test in 15.127 seconds (JVM running for 17.094)
2021-03-29 18:43:17.462 [main] INFO  com.zaxxer.hikari.HikariDataSource - HikariPool-1 - Starting...
2021-03-29 18:43:18.968 [SpringContextShutdownHook] INFO  o.s.c.n.e.serviceregistry.EurekaServiceRegistry - Unregistering application USER with eureka with status DOWN
2021-03-29 18:43:18.972 [SpringContextShutdownHook] INFO  o.s.scheduling.concurrent.ThreadPoolTaskExecutor - Shutting down ExecutorService 'applicationTaskExecutor'
2021-03-29 18:43:18.977 [SpringContextShutdownHook] INFO  com.netflix.discovery.DiscoveryClient - Shutting down DiscoveryClient ...
2021-03-29 18:43:21.000 [DiscoveryClient-InstanceInfoReplicator-0] INFO  com.netflix.discovery.DiscoveryClient - DiscoveryClient_USER/LAPTOP-L5KMNRFT:user:8082: registering service...
2021-03-29 18:43:21.985 [SpringContextShutdownHook] INFO  com.netflix.discovery.DiscoveryClient - Unregistering ...
2021-03-29 18:43:26.034 [SpringContextShutdownHook] INFO  com.netflix.discovery.DiscoveryClient - Completed shut down of DiscoveryClient
2021-03-29 18:46:11.832 [main] INFO  o.s.b.t.context.SpringBootTestContextBootstrapper - Neither @ContextConfiguration nor @ContextHierarchy found for test class [com.rhythm.user.test.Test], using SpringBootContextLoader
2021-03-29 18:46:11.844 [main] INFO  o.s.test.context.support.AbstractContextLoader - Could not detect default resource locations for test class [com.rhythm.user.test.Test]: no resource found for suffixes {-context.xml, Context.groovy}.
2021-03-29 18:46:12.402 [main] INFO  o.s.b.t.context.SpringBootTestContextBootstrapper - Loaded default TestExecutionListener class names from location [META-INF/spring.factories]: [org.springframework.boot.test.mock.mockito.MockitoTestExecutionListener, org.springframework.boot.test.mock.mockito.ResetMocksTestExecutionListener, org.springframework.boot.test.autoconfigure.restdocs.RestDocsTestExecutionListener, org.springframework.boot.test.autoconfigure.web.client.MockRestServiceServerResetTestExecutionListener, org.springframework.boot.test.autoconfigure.web.servlet.MockMvcPrintOnlyOnFailureTestExecutionListener, org.springframework.boot.test.autoconfigure.web.servlet.WebDriverTestExecutionListener, org.springframework.boot.test.autoconfigure.webservices.client.MockWebServiceServerTestExecutionListener, org.springframework.test.context.web.ServletTestExecutionListener, org.springframework.test.context.support.DirtiesContextBeforeModesTestExecutionListener, org.springframework.test.context.support.DependencyInjectionTestExecutionListener, org.springframework.test.context.support.DirtiesContextTestExecutionListener, org.springframework.test.context.transaction.TransactionalTestExecutionListener, org.springframework.test.context.jdbc.SqlScriptsTestExecutionListener, org.springframework.test.context.event.EventPublishingTestExecutionListener]
2021-03-29 18:46:12.438 [main] INFO  o.s.b.t.context.SpringBootTestContextBootstrapper - Using TestExecutionListeners: [org.springframework.test.context.web.ServletTestExecutionListener@27462a88, org.springframework.test.context.support.DirtiesContextBeforeModesTestExecutionListener@82de64a, org.springframework.boot.test.mock.mockito.MockitoTestExecutionListener@659499f1, org.springframework.boot.test.autoconfigure.SpringBootDependencyInjectionTestExecutionListener@51e69659, org.springframework.test.context.support.DirtiesContextTestExecutionListener@47e2e487, org.springframework.test.context.transaction.TransactionalTestExecutionListener@201a4587, org.springframework.test.context.jdbc.SqlScriptsTestExecutionListener@61001b64, org.springframework.test.context.event.EventPublishingTestExecutionListener@4310d43, org.springframework.boot.test.mock.mockito.ResetMocksTestExecutionListener@54a7079e, org.springframework.boot.test.autoconfigure.restdocs.RestDocsTestExecutionListener@26e356f0, org.springframework.boot.test.autoconfigure.web.client.MockRestServiceServerResetTestExecutionListener@47d9a273, org.springframework.boot.test.autoconfigure.web.servlet.MockMvcPrintOnlyOnFailureTestExecutionListener@4b8ee4de, org.springframework.boot.test.autoconfigure.web.servlet.WebDriverTestExecutionListener@27f981c6, org.springframework.boot.test.autoconfigure.webservices.client.MockWebServiceServerTestExecutionListener@1b11171f]
2021-03-29 18:46:14.614 [main] INFO  com.rhythm.user.test.Test - No active profile set, falling back to default profiles: default
2021-03-29 18:46:16.050 [main] INFO  o.springframework.cloud.context.scope.GenericScope - BeanFactory id=acf4f258-8ff4-375a-82f5-76779c14dc06
2021-03-29 18:46:16.600 [main] INFO  o.s.c.s.PostProcessorRegistrationDelegate$BeanPostProcessorChecker - Bean 'shiroConfig' of type [com.rhythm.user.shiro.configuration.ShiroConfig$$EnhancerBySpringCGLIB$$f5ccfe49] is not eligible for getting processed by all BeanPostProcessors (for example: not eligible for auto-proxying)
2021-03-29 18:46:16.646 [main] INFO  o.s.c.s.PostProcessorRegistrationDelegate$BeanPostProcessorChecker - Bean 'userService' of type [com.rhythm.user.service.UserService] is not eligible for getting processed by all BeanPostProcessors (for example: not eligible for auto-proxying)
2021-03-29 18:46:16.646 [main] INFO  o.s.c.s.PostProcessorRegistrationDelegate$BeanPostProcessorChecker - Bean 'myRealm' of type [com.rhythm.user.shiro.realm.MyRealm] is not eligible for getting processed by all BeanPostProcessors (for example: not eligible for auto-proxying)
2021-03-29 18:46:17.402 [main] INFO  o.s.c.s.PostProcessorRegistrationDelegate$BeanPostProcessorChecker - Bean 'securityManager' of type [org.apache.shiro.web.mgt.DefaultWebSecurityManager] is not eligible for getting processed by all BeanPostProcessors (for example: not eligible for auto-proxying)
2021-03-29 18:46:17.796 [main] INFO  com.netflix.config.sources.URLConfigurationSource - To enable URLs as dynamic configuration sources, define System property archaius.configurationSource.additionalUrls or make config.properties available on classpath.
2021-03-29 18:46:17.811 [main] INFO  com.netflix.config.sources.URLConfigurationSource - To enable URLs as dynamic configuration sources, define System property archaius.configurationSource.additionalUrls or make config.properties available on classpath.
2021-03-29 18:46:18.284 [main] INFO  o.s.scheduling.concurrent.ThreadPoolTaskExecutor - Initializing ExecutorService 'applicationTaskExecutor'
2021-03-29 18:46:21.521 [main] INFO  o.s.c.n.e.c.DiscoveryClientOptionalArgsConfiguration - Eureka HTTP Client uses Jersey
2021-03-29 18:46:22.935 [main] INFO  o.s.cloud.netflix.eureka.InstanceInfoFactory - Setting initial instance status as: STARTING
2021-03-29 18:46:23.205 [main] INFO  com.netflix.discovery.DiscoveryClient - Initializing Eureka in region us-east-1
2021-03-29 18:46:23.393 [main] INFO  c.n.discovery.provider.DiscoveryJerseyProvider - Using JSON encoding codec LegacyJacksonJson
2021-03-29 18:46:23.393 [main] INFO  c.n.discovery.provider.DiscoveryJerseyProvider - Using JSON decoding codec LegacyJacksonJson
2021-03-29 18:46:23.706 [main] INFO  c.n.discovery.provider.DiscoveryJerseyProvider - Using XML encoding codec XStreamXml
2021-03-29 18:46:23.706 [main] INFO  c.n.discovery.provider.DiscoveryJerseyProvider - Using XML decoding codec XStreamXml
2021-03-29 18:46:24.029 [main] INFO  c.n.d.shared.resolver.aws.ConfigClusterResolver - Resolving eureka endpoints via configuration
2021-03-29 18:46:24.354 [main] INFO  com.netflix.discovery.DiscoveryClient - Disable delta property : false
2021-03-29 18:46:24.355 [main] INFO  com.netflix.discovery.DiscoveryClient - Single vip registry refresh property : null
2021-03-29 18:46:24.355 [main] INFO  com.netflix.discovery.DiscoveryClient - Force full registry fetch : false
2021-03-29 18:46:24.355 [main] INFO  com.netflix.discovery.DiscoveryClient - Application is null : false
2021-03-29 18:46:24.355 [main] INFO  com.netflix.discovery.DiscoveryClient - Registered Applications size is zero : true
2021-03-29 18:46:24.355 [main] INFO  com.netflix.discovery.DiscoveryClient - Application version is -1: true
2021-03-29 18:46:24.355 [main] INFO  com.netflix.discovery.DiscoveryClient - Getting all instance registry info from the eureka server
2021-03-29 18:46:28.473 [main] INFO  com.netflix.discovery.DiscoveryClient - Initial registry fetch from primary servers failed
2021-03-29 18:46:28.477 [main] INFO  com.netflix.discovery.DiscoveryClient - Initial registry fetch from backup servers failed
2021-03-29 18:46:28.482 [main] INFO  com.netflix.discovery.DiscoveryClient - Starting heartbeat executor: renew interval is: 30
2021-03-29 18:46:28.492 [main] INFO  com.netflix.discovery.InstanceInfoReplicator - InstanceInfoReplicator onDemand update allowed rate per min is 4
2021-03-29 18:46:28.504 [main] INFO  com.netflix.discovery.DiscoveryClient - Discovery Client initialized at timestamp 1617014788502 with initial instances count: 0
2021-03-29 18:46:28.513 [main] INFO  o.s.c.n.e.serviceregistry.EurekaServiceRegistry - Registering application USER with eureka with status UP
2021-03-29 18:46:28.514 [main] INFO  com.netflix.discovery.DiscoveryClient - Saw local status change event StatusChangeEvent [timestamp=1617014788514, current=UP, previous=STARTING]
2021-03-29 18:46:28.518 [DiscoveryClient-InstanceInfoReplicator-0] INFO  com.netflix.discovery.DiscoveryClient - DiscoveryClient_USER/LAPTOP-L5KMNRFT:user:8082: registering service...
2021-03-29 18:46:28.537 [main] INFO  com.rhythm.user.test.Test - Started Test in 15.99 seconds (JVM running for 18.236)
2021-03-29 18:46:28.896 [main] INFO  com.zaxxer.hikari.HikariDataSource - HikariPool-1 - Starting...
2021-03-29 18:46:30.188 [SpringContextShutdownHook] INFO  o.s.c.n.e.serviceregistry.EurekaServiceRegistry - Unregistering application USER with eureka with status DOWN
2021-03-29 18:46:30.192 [SpringContextShutdownHook] INFO  o.s.scheduling.concurrent.ThreadPoolTaskExecutor - Shutting down ExecutorService 'applicationTaskExecutor'
2021-03-29 18:46:30.195 [SpringContextShutdownHook] INFO  com.netflix.discovery.DiscoveryClient - Shutting down DiscoveryClient ...
2021-03-29 18:46:32.559 [DiscoveryClient-InstanceInfoReplicator-0] INFO  com.netflix.discovery.DiscoveryClient - DiscoveryClient_USER/LAPTOP-L5KMNRFT:user:8082: registering service...
2021-03-29 18:46:33.205 [SpringContextShutdownHook] INFO  com.netflix.discovery.DiscoveryClient - Unregistering ...
2021-03-29 18:46:37.263 [SpringContextShutdownHook] INFO  com.netflix.discovery.DiscoveryClient - Completed shut down of DiscoveryClient
2021-03-29 18:52:05.889 [main] INFO  o.s.b.t.context.SpringBootTestContextBootstrapper - Neither @ContextConfiguration nor @ContextHierarchy found for test class [com.rhythm.user.test.Test], using SpringBootContextLoader
2021-03-29 18:52:05.916 [main] INFO  o.s.test.context.support.AbstractContextLoader - Could not detect default resource locations for test class [com.rhythm.user.test.Test]: no resource found for suffixes {-context.xml, Context.groovy}.
2021-03-29 18:52:06.470 [main] INFO  o.s.b.t.context.SpringBootTestContextBootstrapper - Loaded default TestExecutionListener class names from location [META-INF/spring.factories]: [org.springframework.boot.test.mock.mockito.MockitoTestExecutionListener, org.springframework.boot.test.mock.mockito.ResetMocksTestExecutionListener, org.springframework.boot.test.autoconfigure.restdocs.RestDocsTestExecutionListener, org.springframework.boot.test.autoconfigure.web.client.MockRestServiceServerResetTestExecutionListener, org.springframework.boot.test.autoconfigure.web.servlet.MockMvcPrintOnlyOnFailureTestExecutionListener, org.springframework.boot.test.autoconfigure.web.servlet.WebDriverTestExecutionListener, org.springframework.boot.test.autoconfigure.webservices.client.MockWebServiceServerTestExecutionListener, org.springframework.test.context.web.ServletTestExecutionListener, org.springframework.test.context.support.DirtiesContextBeforeModesTestExecutionListener, org.springframework.test.context.support.DependencyInjectionTestExecutionListener, org.springframework.test.context.support.DirtiesContextTestExecutionListener, org.springframework.test.context.transaction.TransactionalTestExecutionListener, org.springframework.test.context.jdbc.SqlScriptsTestExecutionListener, org.springframework.test.context.event.EventPublishingTestExecutionListener]
2021-03-29 18:52:06.515 [main] INFO  o.s.b.t.context.SpringBootTestContextBootstrapper - Using TestExecutionListeners: [org.springframework.test.context.web.ServletTestExecutionListener@27462a88, org.springframework.test.context.support.DirtiesContextBeforeModesTestExecutionListener@82de64a, org.springframework.boot.test.mock.mockito.MockitoTestExecutionListener@659499f1, org.springframework.boot.test.autoconfigure.SpringBootDependencyInjectionTestExecutionListener@51e69659, org.springframework.test.context.support.DirtiesContextTestExecutionListener@47e2e487, org.springframework.test.context.transaction.TransactionalTestExecutionListener@201a4587, org.springframework.test.context.jdbc.SqlScriptsTestExecutionListener@61001b64, org.springframework.test.context.event.EventPublishingTestExecutionListener@4310d43, org.springframework.boot.test.mock.mockito.ResetMocksTestExecutionListener@54a7079e, org.springframework.boot.test.autoconfigure.restdocs.RestDocsTestExecutionListener@26e356f0, org.springframework.boot.test.autoconfigure.web.client.MockRestServiceServerResetTestExecutionListener@47d9a273, org.springframework.boot.test.autoconfigure.web.servlet.MockMvcPrintOnlyOnFailureTestExecutionListener@4b8ee4de, org.springframework.boot.test.autoconfigure.web.servlet.WebDriverTestExecutionListener@27f981c6, org.springframework.boot.test.autoconfigure.webservices.client.MockWebServiceServerTestExecutionListener@1b11171f]
2021-03-29 18:52:08.884 [main] INFO  com.rhythm.user.test.Test - No active profile set, falling back to default profiles: default
2021-03-29 18:52:10.286 [main] INFO  o.springframework.cloud.context.scope.GenericScope - BeanFactory id=acf4f258-8ff4-375a-82f5-76779c14dc06
2021-03-29 18:52:10.905 [main] INFO  o.s.c.s.PostProcessorRegistrationDelegate$BeanPostProcessorChecker - Bean 'shiroConfig' of type [com.rhythm.user.shiro.configuration.ShiroConfig$$EnhancerBySpringCGLIB$$f5ccfe49] is not eligible for getting processed by all BeanPostProcessors (for example: not eligible for auto-proxying)
2021-03-29 18:52:10.953 [main] INFO  o.s.c.s.PostProcessorRegistrationDelegate$BeanPostProcessorChecker - Bean 'userService' of type [com.rhythm.user.service.UserService] is not eligible for getting processed by all BeanPostProcessors (for example: not eligible for auto-proxying)
2021-03-29 18:52:10.954 [main] INFO  o.s.c.s.PostProcessorRegistrationDelegate$BeanPostProcessorChecker - Bean 'myRealm' of type [com.rhythm.user.shiro.realm.MyRealm] is not eligible for getting processed by all BeanPostProcessors (for example: not eligible for auto-proxying)
2021-03-29 18:52:11.660 [main] INFO  o.s.c.s.PostProcessorRegistrationDelegate$BeanPostProcessorChecker - Bean 'securityManager' of type [org.apache.shiro.web.mgt.DefaultWebSecurityManager] is not eligible for getting processed by all BeanPostProcessors (for example: not eligible for auto-proxying)
2021-03-29 18:52:12.058 [main] INFO  com.netflix.config.sources.URLConfigurationSource - To enable URLs as dynamic configuration sources, define System property archaius.configurationSource.additionalUrls or make config.properties available on classpath.
2021-03-29 18:52:12.068 [main] INFO  com.netflix.config.sources.URLConfigurationSource - To enable URLs as dynamic configuration sources, define System property archaius.configurationSource.additionalUrls or make config.properties available on classpath.
2021-03-29 18:52:12.713 [main] INFO  o.s.scheduling.concurrent.ThreadPoolTaskExecutor - Initializing ExecutorService 'applicationTaskExecutor'
2021-03-29 18:52:15.824 [main] INFO  o.s.c.n.e.c.DiscoveryClientOptionalArgsConfiguration - Eureka HTTP Client uses Jersey
2021-03-29 18:52:16.949 [main] INFO  o.s.cloud.netflix.eureka.InstanceInfoFactory - Setting initial instance status as: STARTING
2021-03-29 18:52:17.073 [main] INFO  com.netflix.discovery.DiscoveryClient - Initializing Eureka in region us-east-1
2021-03-29 18:52:17.298 [main] INFO  c.n.discovery.provider.DiscoveryJerseyProvider - Using JSON encoding codec LegacyJacksonJson
2021-03-29 18:52:17.298 [main] INFO  c.n.discovery.provider.DiscoveryJerseyProvider - Using JSON decoding codec LegacyJacksonJson
2021-03-29 18:52:17.553 [main] INFO  c.n.discovery.provider.DiscoveryJerseyProvider - Using XML encoding codec XStreamXml
2021-03-29 18:52:17.553 [main] INFO  c.n.discovery.provider.DiscoveryJerseyProvider - Using XML decoding codec XStreamXml
2021-03-29 18:52:17.844 [main] INFO  c.n.d.shared.resolver.aws.ConfigClusterResolver - Resolving eureka endpoints via configuration
2021-03-29 18:52:18.191 [main] INFO  com.netflix.discovery.DiscoveryClient - Disable delta property : false
2021-03-29 18:52:18.192 [main] INFO  com.netflix.discovery.DiscoveryClient - Single vip registry refresh property : null
2021-03-29 18:52:18.192 [main] INFO  com.netflix.discovery.DiscoveryClient - Force full registry fetch : false
2021-03-29 18:52:18.192 [main] INFO  com.netflix.discovery.DiscoveryClient - Application is null : false
2021-03-29 18:52:18.192 [main] INFO  com.netflix.discovery.DiscoveryClient - Registered Applications size is zero : true
2021-03-29 18:52:18.192 [main] INFO  com.netflix.discovery.DiscoveryClient - Application version is -1: true
2021-03-29 18:52:18.192 [main] INFO  com.netflix.discovery.DiscoveryClient - Getting all instance registry info from the eureka server
2021-03-29 18:52:18.613 [main] INFO  com.netflix.discovery.DiscoveryClient - The response status is 200
2021-03-29 18:52:18.615 [main] INFO  com.netflix.discovery.DiscoveryClient - Starting heartbeat executor: renew interval is: 30
2021-03-29 18:52:18.619 [main] INFO  com.netflix.discovery.InstanceInfoReplicator - InstanceInfoReplicator onDemand update allowed rate per min is 4
2021-03-29 18:52:18.623 [main] INFO  com.netflix.discovery.DiscoveryClient - Discovery Client initialized at timestamp 1617015138622 with initial instances count: 0
2021-03-29 18:52:18.629 [main] INFO  o.s.c.n.e.serviceregistry.EurekaServiceRegistry - Registering application USER with eureka with status UP
2021-03-29 18:52:18.630 [main] INFO  com.netflix.discovery.DiscoveryClient - Saw local status change event StatusChangeEvent [timestamp=1617015138630, current=UP, previous=STARTING]
2021-03-29 18:52:18.634 [DiscoveryClient-InstanceInfoReplicator-0] INFO  com.netflix.discovery.DiscoveryClient - DiscoveryClient_USER/LAPTOP-L5KMNRFT:user:8082: registering service...
2021-03-29 18:52:18.653 [main] INFO  com.rhythm.user.test.Test - Started Test in 11.994 seconds (JVM running for 14.309)
2021-03-29 18:52:18.798 [DiscoveryClient-InstanceInfoReplicator-0] INFO  com.netflix.discovery.DiscoveryClient - DiscoveryClient_USER/LAPTOP-L5KMNRFT:user:8082 - registration status: 204
2021-03-29 18:52:19.034 [main] INFO  com.zaxxer.hikari.HikariDataSource - HikariPool-1 - Starting...
2021-03-29 18:52:20.538 [SpringContextShutdownHook] INFO  o.s.c.n.e.serviceregistry.EurekaServiceRegistry - Unregistering application USER with eureka with status DOWN
2021-03-29 18:52:20.542 [DiscoveryClient-InstanceInfoReplicator-0] INFO  com.netflix.discovery.DiscoveryClient - DiscoveryClient_USER/LAPTOP-L5KMNRFT:user:8082: registering service...
2021-03-29 18:52:20.546 [SpringContextShutdownHook] INFO  o.s.scheduling.concurrent.ThreadPoolTaskExecutor - Shutting down ExecutorService 'applicationTaskExecutor'
2021-03-29 18:52:20.550 [SpringContextShutdownHook] INFO  com.netflix.discovery.DiscoveryClient - Shutting down DiscoveryClient ...
2021-03-29 18:52:20.550 [DiscoveryClient-InstanceInfoReplicator-0] INFO  com.netflix.discovery.DiscoveryClient - DiscoveryClient_USER/LAPTOP-L5KMNRFT:user:8082 - registration status: 204
2021-03-29 18:52:20.552 [SpringContextShutdownHook] INFO  com.netflix.discovery.DiscoveryClient - Unregistering ...
2021-03-29 18:52:20.567 [SpringContextShutdownHook] INFO  com.netflix.discovery.DiscoveryClient - DiscoveryClient_USER/LAPTOP-L5KMNRFT:user:8082 - deregister  status: 200
2021-03-29 18:52:20.580 [SpringContextShutdownHook] INFO  com.netflix.discovery.DiscoveryClient - Completed shut down of DiscoveryClient
2021-03-29 18:59:41.474 [main] INFO  o.s.b.t.context.SpringBootTestContextBootstrapper - Neither @ContextConfiguration nor @ContextHierarchy found for test class [com.rhythm.user.test.Test], using SpringBootContextLoader
2021-03-29 18:59:41.495 [main] INFO  o.s.test.context.support.AbstractContextLoader - Could not detect default resource locations for test class [com.rhythm.user.test.Test]: no resource found for suffixes {-context.xml, Context.groovy}.
2021-03-29 18:59:42.057 [main] INFO  o.s.b.t.context.SpringBootTestContextBootstrapper - Loaded default TestExecutionListener class names from location [META-INF/spring.factories]: [org.springframework.boot.test.mock.mockito.MockitoTestExecutionListener, org.springframework.boot.test.mock.mockito.ResetMocksTestExecutionListener, org.springframework.boot.test.autoconfigure.restdocs.RestDocsTestExecutionListener, org.springframework.boot.test.autoconfigure.web.client.MockRestServiceServerResetTestExecutionListener, org.springframework.boot.test.autoconfigure.web.servlet.MockMvcPrintOnlyOnFailureTestExecutionListener, org.springframework.boot.test.autoconfigure.web.servlet.WebDriverTestExecutionListener, org.springframework.boot.test.autoconfigure.webservices.client.MockWebServiceServerTestExecutionListener, org.springframework.test.context.web.ServletTestExecutionListener, org.springframework.test.context.support.DirtiesContextBeforeModesTestExecutionListener, org.springframework.test.context.support.DependencyInjectionTestExecutionListener, org.springframework.test.context.support.DirtiesContextTestExecutionListener, org.springframework.test.context.transaction.TransactionalTestExecutionListener, org.springframework.test.context.jdbc.SqlScriptsTestExecutionListener, org.springframework.test.context.event.EventPublishingTestExecutionListener]
2021-03-29 18:59:42.082 [main] INFO  o.s.b.t.context.SpringBootTestContextBootstrapper - Using TestExecutionListeners: [org.springframework.test.context.web.ServletTestExecutionListener@27462a88, org.springframework.test.context.support.DirtiesContextBeforeModesTestExecutionListener@82de64a, org.springframework.boot.test.mock.mockito.MockitoTestExecutionListener@659499f1, org.springframework.boot.test.autoconfigure.SpringBootDependencyInjectionTestExecutionListener@51e69659, org.springframework.test.context.support.DirtiesContextTestExecutionListener@47e2e487, org.springframework.test.context.transaction.TransactionalTestExecutionListener@201a4587, org.springframework.test.context.jdbc.SqlScriptsTestExecutionListener@61001b64, org.springframework.test.context.event.EventPublishingTestExecutionListener@4310d43, org.springframework.boot.test.mock.mockito.ResetMocksTestExecutionListener@54a7079e, org.springframework.boot.test.autoconfigure.restdocs.RestDocsTestExecutionListener@26e356f0, org.springframework.boot.test.autoconfigure.web.client.MockRestServiceServerResetTestExecutionListener@47d9a273, org.springframework.boot.test.autoconfigure.web.servlet.MockMvcPrintOnlyOnFailureTestExecutionListener@4b8ee4de, org.springframework.boot.test.autoconfigure.web.servlet.WebDriverTestExecutionListener@27f981c6, org.springframework.boot.test.autoconfigure.webservices.client.MockWebServiceServerTestExecutionListener@1b11171f]
2021-03-29 18:59:44.139 [main] INFO  com.rhythm.user.test.Test - No active profile set, falling back to default profiles: default
2021-03-29 18:59:45.579 [main] INFO  o.springframework.cloud.context.scope.GenericScope - BeanFactory id=acf4f258-8ff4-375a-82f5-76779c14dc06
2021-03-29 18:59:46.056 [main] INFO  o.s.c.s.PostProcessorRegistrationDelegate$BeanPostProcessorChecker - Bean 'shiroConfig' of type [com.rhythm.user.shiro.configuration.ShiroConfig$$EnhancerBySpringCGLIB$$f5ccfe49] is not eligible for getting processed by all BeanPostProcessors (for example: not eligible for auto-proxying)
2021-03-29 18:59:46.113 [main] INFO  o.s.c.s.PostProcessorRegistrationDelegate$BeanPostProcessorChecker - Bean 'userService' of type [com.rhythm.user.service.UserService] is not eligible for getting processed by all BeanPostProcessors (for example: not eligible for auto-proxying)
2021-03-29 18:59:46.114 [main] INFO  o.s.c.s.PostProcessorRegistrationDelegate$BeanPostProcessorChecker - Bean 'myRealm' of type [com.rhythm.user.shiro.realm.MyRealm] is not eligible for getting processed by all BeanPostProcessors (for example: not eligible for auto-proxying)
2021-03-29 18:59:46.938 [main] INFO  o.s.c.s.PostProcessorRegistrationDelegate$BeanPostProcessorChecker - Bean 'securityManager' of type [org.apache.shiro.web.mgt.DefaultWebSecurityManager] is not eligible for getting processed by all BeanPostProcessors (for example: not eligible for auto-proxying)
2021-03-29 18:59:47.400 [main] INFO  com.netflix.config.sources.URLConfigurationSource - To enable URLs as dynamic configuration sources, define System property archaius.configurationSource.additionalUrls or make config.properties available on classpath.
2021-03-29 18:59:47.412 [main] INFO  com.netflix.config.sources.URLConfigurationSource - To enable URLs as dynamic configuration sources, define System property archaius.configurationSource.additionalUrls or make config.properties available on classpath.
2021-03-29 18:59:47.846 [main] INFO  o.s.scheduling.concurrent.ThreadPoolTaskExecutor - Initializing ExecutorService 'applicationTaskExecutor'
2021-03-29 18:59:48.566 [main] INFO  o.s.scheduling.concurrent.ThreadPoolTaskExecutor - Shutting down ExecutorService 'applicationTaskExecutor'
2021-03-29 18:59:48.580 [main] INFO  o.s.b.a.l.ConditionEvaluationReportLoggingListener - 

Error starting ApplicationContext. To display the conditions report re-run your application with 'debug' enabled.
2021-03-29 19:01:15.192 [main] INFO  o.s.b.t.context.SpringBootTestContextBootstrapper - Neither @ContextConfiguration nor @ContextHierarchy found for test class [com.rhythm.user.test.Test], using SpringBootContextLoader
2021-03-29 19:01:15.209 [main] INFO  o.s.test.context.support.AbstractContextLoader - Could not detect default resource locations for test class [com.rhythm.user.test.Test]: no resource found for suffixes {-context.xml, Context.groovy}.
2021-03-29 19:01:15.590 [main] INFO  o.s.b.t.context.SpringBootTestContextBootstrapper - Loaded default TestExecutionListener class names from location [META-INF/spring.factories]: [org.springframework.boot.test.mock.mockito.MockitoTestExecutionListener, org.springframework.boot.test.mock.mockito.ResetMocksTestExecutionListener, org.springframework.boot.test.autoconfigure.restdocs.RestDocsTestExecutionListener, org.springframework.boot.test.autoconfigure.web.client.MockRestServiceServerResetTestExecutionListener, org.springframework.boot.test.autoconfigure.web.servlet.MockMvcPrintOnlyOnFailureTestExecutionListener, org.springframework.boot.test.autoconfigure.web.servlet.WebDriverTestExecutionListener, org.springframework.boot.test.autoconfigure.webservices.client.MockWebServiceServerTestExecutionListener, org.springframework.test.context.web.ServletTestExecutionListener, org.springframework.test.context.support.DirtiesContextBeforeModesTestExecutionListener, org.springframework.test.context.support.DependencyInjectionTestExecutionListener, org.springframework.test.context.support.DirtiesContextTestExecutionListener, org.springframework.test.context.transaction.TransactionalTestExecutionListener, org.springframework.test.context.jdbc.SqlScriptsTestExecutionListener, org.springframework.test.context.event.EventPublishingTestExecutionListener]
2021-03-29 19:01:15.611 [main] INFO  o.s.b.t.context.SpringBootTestContextBootstrapper - Using TestExecutionListeners: [org.springframework.test.context.web.ServletTestExecutionListener@27462a88, org.springframework.test.context.support.DirtiesContextBeforeModesTestExecutionListener@82de64a, org.springframework.boot.test.mock.mockito.MockitoTestExecutionListener@659499f1, org.springframework.boot.test.autoconfigure.SpringBootDependencyInjectionTestExecutionListener@51e69659, org.springframework.test.context.support.DirtiesContextTestExecutionListener@47e2e487, org.springframework.test.context.transaction.TransactionalTestExecutionListener@201a4587, org.springframework.test.context.jdbc.SqlScriptsTestExecutionListener@61001b64, org.springframework.test.context.event.EventPublishingTestExecutionListener@4310d43, org.springframework.boot.test.mock.mockito.ResetMocksTestExecutionListener@54a7079e, org.springframework.boot.test.autoconfigure.restdocs.RestDocsTestExecutionListener@26e356f0, org.springframework.boot.test.autoconfigure.web.client.MockRestServiceServerResetTestExecutionListener@47d9a273, org.springframework.boot.test.autoconfigure.web.servlet.MockMvcPrintOnlyOnFailureTestExecutionListener@4b8ee4de, org.springframework.boot.test.autoconfigure.web.servlet.WebDriverTestExecutionListener@27f981c6, org.springframework.boot.test.autoconfigure.webservices.client.MockWebServiceServerTestExecutionListener@1b11171f]
2021-03-29 19:01:17.484 [main] INFO  com.rhythm.user.test.Test - No active profile set, falling back to default profiles: default
2021-03-29 19:01:18.544 [main] INFO  o.springframework.cloud.context.scope.GenericScope - BeanFactory id=acf4f258-8ff4-375a-82f5-76779c14dc06
2021-03-29 19:01:19.047 [main] INFO  o.s.c.s.PostProcessorRegistrationDelegate$BeanPostProcessorChecker - Bean 'shiroConfig' of type [com.rhythm.user.shiro.configuration.ShiroConfig$$EnhancerBySpringCGLIB$$f5ccfe49] is not eligible for getting processed by all BeanPostProcessors (for example: not eligible for auto-proxying)
2021-03-29 19:01:19.096 [main] INFO  o.s.c.s.PostProcessorRegistrationDelegate$BeanPostProcessorChecker - Bean 'userService' of type [com.rhythm.user.service.UserService] is not eligible for getting processed by all BeanPostProcessors (for example: not eligible for auto-proxying)
2021-03-29 19:01:19.096 [main] INFO  o.s.c.s.PostProcessorRegistrationDelegate$BeanPostProcessorChecker - Bean 'myRealm' of type [com.rhythm.user.shiro.realm.MyRealm] is not eligible for getting processed by all BeanPostProcessors (for example: not eligible for auto-proxying)
2021-03-29 19:01:19.818 [main] INFO  o.s.c.s.PostProcessorRegistrationDelegate$BeanPostProcessorChecker - Bean 'securityManager' of type [org.apache.shiro.web.mgt.DefaultWebSecurityManager] is not eligible for getting processed by all BeanPostProcessors (for example: not eligible for auto-proxying)
2021-03-29 19:01:20.320 [main] INFO  com.netflix.config.sources.URLConfigurationSource - To enable URLs as dynamic configuration sources, define System property archaius.configurationSource.additionalUrls or make config.properties available on classpath.
2021-03-29 19:01:20.336 [main] INFO  com.netflix.config.sources.URLConfigurationSource - To enable URLs as dynamic configuration sources, define System property archaius.configurationSource.additionalUrls or make config.properties available on classpath.
2021-03-29 19:01:20.968 [main] INFO  o.s.scheduling.concurrent.ThreadPoolTaskExecutor - Initializing ExecutorService 'applicationTaskExecutor'
2021-03-29 19:01:23.741 [main] INFO  o.s.c.n.e.c.DiscoveryClientOptionalArgsConfiguration - Eureka HTTP Client uses Jersey
2021-03-29 19:01:24.797 [main] INFO  o.s.cloud.netflix.eureka.InstanceInfoFactory - Setting initial instance status as: STARTING
2021-03-29 19:01:24.910 [main] INFO  com.netflix.discovery.DiscoveryClient - Initializing Eureka in region us-east-1
2021-03-29 19:01:25.086 [main] INFO  c.n.discovery.provider.DiscoveryJerseyProvider - Using JSON encoding codec LegacyJacksonJson
2021-03-29 19:01:25.086 [main] INFO  c.n.discovery.provider.DiscoveryJerseyProvider - Using JSON decoding codec LegacyJacksonJson
2021-03-29 19:01:25.373 [main] INFO  c.n.discovery.provider.DiscoveryJerseyProvider - Using XML encoding codec XStreamXml
2021-03-29 19:01:25.373 [main] INFO  c.n.discovery.provider.DiscoveryJerseyProvider - Using XML decoding codec XStreamXml
2021-03-29 19:01:25.735 [main] INFO  c.n.d.shared.resolver.aws.ConfigClusterResolver - Resolving eureka endpoints via configuration
2021-03-29 19:01:26.092 [main] INFO  com.netflix.discovery.DiscoveryClient - Disable delta property : false
2021-03-29 19:01:26.093 [main] INFO  com.netflix.discovery.DiscoveryClient - Single vip registry refresh property : null
2021-03-29 19:01:26.093 [main] INFO  com.netflix.discovery.DiscoveryClient - Force full registry fetch : false
2021-03-29 19:01:26.093 [main] INFO  com.netflix.discovery.DiscoveryClient - Application is null : false
2021-03-29 19:01:26.093 [main] INFO  com.netflix.discovery.DiscoveryClient - Registered Applications size is zero : true
2021-03-29 19:01:26.093 [main] INFO  com.netflix.discovery.DiscoveryClient - Application version is -1: true
2021-03-29 19:01:26.093 [main] INFO  com.netflix.discovery.DiscoveryClient - Getting all instance registry info from the eureka server
2021-03-29 19:01:26.270 [main] INFO  com.netflix.discovery.DiscoveryClient - The response status is 200
2021-03-29 19:01:26.272 [main] INFO  com.netflix.discovery.DiscoveryClient - Starting heartbeat executor: renew interval is: 30
2021-03-29 19:01:26.274 [main] INFO  com.netflix.discovery.InstanceInfoReplicator - InstanceInfoReplicator onDemand update allowed rate per min is 4
2021-03-29 19:01:26.279 [main] INFO  com.netflix.discovery.DiscoveryClient - Discovery Client initialized at timestamp 1617015686277 with initial instances count: 0
2021-03-29 19:01:26.285 [main] INFO  o.s.c.n.e.serviceregistry.EurekaServiceRegistry - Registering application USER with eureka with status UP
2021-03-29 19:01:26.287 [main] INFO  com.netflix.discovery.DiscoveryClient - Saw local status change event StatusChangeEvent [timestamp=1617015686287, current=UP, previous=STARTING]
2021-03-29 19:01:26.289 [DiscoveryClient-InstanceInfoReplicator-0] INFO  com.netflix.discovery.DiscoveryClient - DiscoveryClient_USER/LAPTOP-L5KMNRFT:user:8082: registering service...
2021-03-29 19:01:26.308 [main] INFO  com.rhythm.user.test.Test - Started Test in 10.619 seconds (JVM running for 12.433)
2021-03-29 19:01:26.405 [DiscoveryClient-InstanceInfoReplicator-0] INFO  com.netflix.discovery.DiscoveryClient - DiscoveryClient_USER/LAPTOP-L5KMNRFT:user:8082 - registration status: 204
2021-03-29 19:01:26.686 [main] INFO  com.zaxxer.hikari.HikariDataSource - HikariPool-1 - Starting...
2021-03-29 19:01:28.169 [SpringContextShutdownHook] INFO  o.s.c.n.e.serviceregistry.EurekaServiceRegistry - Unregistering application USER with eureka with status DOWN
2021-03-29 19:01:28.170 [DiscoveryClient-InstanceInfoReplicator-0] INFO  com.netflix.discovery.DiscoveryClient - DiscoveryClient_USER/LAPTOP-L5KMNRFT:user:8082: registering service...
2021-03-29 19:01:28.174 [SpringContextShutdownHook] INFO  o.s.scheduling.concurrent.ThreadPoolTaskExecutor - Shutting down ExecutorService 'applicationTaskExecutor'
2021-03-29 19:01:28.180 [SpringContextShutdownHook] INFO  com.netflix.discovery.DiscoveryClient - Shutting down DiscoveryClient ...
2021-03-29 19:01:28.181 [DiscoveryClient-InstanceInfoReplicator-0] INFO  com.netflix.discovery.DiscoveryClient - DiscoveryClient_USER/LAPTOP-L5KMNRFT:user:8082 - registration status: 204
2021-03-29 19:01:28.185 [SpringContextShutdownHook] INFO  com.netflix.discovery.DiscoveryClient - Unregistering ...
2021-03-29 19:01:28.194 [SpringContextShutdownHook] INFO  com.netflix.discovery.DiscoveryClient - DiscoveryClient_USER/LAPTOP-L5KMNRFT:user:8082 - deregister  status: 200
2021-03-29 19:01:28.207 [SpringContextShutdownHook] INFO  com.netflix.discovery.DiscoveryClient - Completed shut down of DiscoveryClient
2021-03-29 19:04:39.315 [main] INFO  o.s.b.t.context.SpringBootTestContextBootstrapper - Neither @ContextConfiguration nor @ContextHierarchy found for test class [com.rhythm.user.test.Test], using SpringBootContextLoader
2021-03-29 19:04:39.334 [main] INFO  o.s.test.context.support.AbstractContextLoader - Could not detect default resource locations for test class [com.rhythm.user.test.Test]: no resource found for suffixes {-context.xml, Context.groovy}.
2021-03-29 19:04:39.697 [main] INFO  o.s.b.t.context.SpringBootTestContextBootstrapper - Loaded default TestExecutionListener class names from location [META-INF/spring.factories]: [org.springframework.boot.test.mock.mockito.MockitoTestExecutionListener, org.springframework.boot.test.mock.mockito.ResetMocksTestExecutionListener, org.springframework.boot.test.autoconfigure.restdocs.RestDocsTestExecutionListener, org.springframework.boot.test.autoconfigure.web.client.MockRestServiceServerResetTestExecutionListener, org.springframework.boot.test.autoconfigure.web.servlet.MockMvcPrintOnlyOnFailureTestExecutionListener, org.springframework.boot.test.autoconfigure.web.servlet.WebDriverTestExecutionListener, org.springframework.boot.test.autoconfigure.webservices.client.MockWebServiceServerTestExecutionListener, org.springframework.test.context.web.ServletTestExecutionListener, org.springframework.test.context.support.DirtiesContextBeforeModesTestExecutionListener, org.springframework.test.context.support.DependencyInjectionTestExecutionListener, org.springframework.test.context.support.DirtiesContextTestExecutionListener, org.springframework.test.context.transaction.TransactionalTestExecutionListener, org.springframework.test.context.jdbc.SqlScriptsTestExecutionListener, org.springframework.test.context.event.EventPublishingTestExecutionListener]
2021-03-29 19:04:39.719 [main] INFO  o.s.b.t.context.SpringBootTestContextBootstrapper - Using TestExecutionListeners: [org.springframework.test.context.web.ServletTestExecutionListener@27462a88, org.springframework.test.context.support.DirtiesContextBeforeModesTestExecutionListener@82de64a, org.springframework.boot.test.mock.mockito.MockitoTestExecutionListener@659499f1, org.springframework.boot.test.autoconfigure.SpringBootDependencyInjectionTestExecutionListener@51e69659, org.springframework.test.context.support.DirtiesContextTestExecutionListener@47e2e487, org.springframework.test.context.transaction.TransactionalTestExecutionListener@201a4587, org.springframework.test.context.jdbc.SqlScriptsTestExecutionListener@61001b64, org.springframework.test.context.event.EventPublishingTestExecutionListener@4310d43, org.springframework.boot.test.mock.mockito.ResetMocksTestExecutionListener@54a7079e, org.springframework.boot.test.autoconfigure.restdocs.RestDocsTestExecutionListener@26e356f0, org.springframework.boot.test.autoconfigure.web.client.MockRestServiceServerResetTestExecutionListener@47d9a273, org.springframework.boot.test.autoconfigure.web.servlet.MockMvcPrintOnlyOnFailureTestExecutionListener@4b8ee4de, org.springframework.boot.test.autoconfigure.web.servlet.WebDriverTestExecutionListener@27f981c6, org.springframework.boot.test.autoconfigure.webservices.client.MockWebServiceServerTestExecutionListener@1b11171f]
2021-03-29 19:04:41.515 [main] INFO  com.rhythm.user.test.Test - No active profile set, falling back to default profiles: default
2021-03-29 19:04:42.642 [main] INFO  o.springframework.cloud.context.scope.GenericScope - BeanFactory id=acf4f258-8ff4-375a-82f5-76779c14dc06
2021-03-29 19:04:43.130 [main] INFO  o.s.c.s.PostProcessorRegistrationDelegate$BeanPostProcessorChecker - Bean 'shiroConfig' of type [com.rhythm.user.shiro.configuration.ShiroConfig$$EnhancerBySpringCGLIB$$f5ccfe49] is not eligible for getting processed by all BeanPostProcessors (for example: not eligible for auto-proxying)
2021-03-29 19:04:43.178 [main] INFO  o.s.c.s.PostProcessorRegistrationDelegate$BeanPostProcessorChecker - Bean 'userService' of type [com.rhythm.user.service.UserService] is not eligible for getting processed by all BeanPostProcessors (for example: not eligible for auto-proxying)
2021-03-29 19:04:43.178 [main] INFO  o.s.c.s.PostProcessorRegistrationDelegate$BeanPostProcessorChecker - Bean 'myRealm' of type [com.rhythm.user.shiro.realm.MyRealm] is not eligible for getting processed by all BeanPostProcessors (for example: not eligible for auto-proxying)
2021-03-29 19:04:43.922 [main] INFO  o.s.c.s.PostProcessorRegistrationDelegate$BeanPostProcessorChecker - Bean 'securityManager' of type [org.apache.shiro.web.mgt.DefaultWebSecurityManager] is not eligible for getting processed by all BeanPostProcessors (for example: not eligible for auto-proxying)
2021-03-29 19:04:44.369 [main] INFO  com.netflix.config.sources.URLConfigurationSource - To enable URLs as dynamic configuration sources, define System property archaius.configurationSource.additionalUrls or make config.properties available on classpath.
2021-03-29 19:04:44.383 [main] INFO  com.netflix.config.sources.URLConfigurationSource - To enable URLs as dynamic configuration sources, define System property archaius.configurationSource.additionalUrls or make config.properties available on classpath.
2021-03-29 19:04:44.920 [main] INFO  o.s.scheduling.concurrent.ThreadPoolTaskExecutor - Initializing ExecutorService 'applicationTaskExecutor'
2021-03-29 19:04:47.404 [main] INFO  o.s.c.n.e.c.DiscoveryClientOptionalArgsConfiguration - Eureka HTTP Client uses Jersey
2021-03-29 19:04:48.789 [main] INFO  o.s.cloud.netflix.eureka.InstanceInfoFactory - Setting initial instance status as: STARTING
2021-03-29 19:04:49.032 [main] INFO  com.netflix.discovery.DiscoveryClient - Initializing Eureka in region us-east-1
2021-03-29 19:04:49.376 [main] INFO  c.n.discovery.provider.DiscoveryJerseyProvider - Using JSON encoding codec LegacyJacksonJson
2021-03-29 19:04:49.376 [main] INFO  c.n.discovery.provider.DiscoveryJerseyProvider - Using JSON decoding codec LegacyJacksonJson
2021-03-29 19:04:49.789 [main] INFO  c.n.discovery.provider.DiscoveryJerseyProvider - Using XML encoding codec XStreamXml
2021-03-29 19:04:49.791 [main] INFO  c.n.discovery.provider.DiscoveryJerseyProvider - Using XML decoding codec XStreamXml
2021-03-29 19:04:50.162 [main] INFO  c.n.d.shared.resolver.aws.ConfigClusterResolver - Resolving eureka endpoints via configuration
2021-03-29 19:04:50.526 [main] INFO  com.netflix.discovery.DiscoveryClient - Disable delta property : false
2021-03-29 19:04:50.527 [main] INFO  com.netflix.discovery.DiscoveryClient - Single vip registry refresh property : null
2021-03-29 19:04:50.527 [main] INFO  com.netflix.discovery.DiscoveryClient - Force full registry fetch : false
2021-03-29 19:04:50.528 [main] INFO  com.netflix.discovery.DiscoveryClient - Application is null : false
2021-03-29 19:04:50.528 [main] INFO  com.netflix.discovery.DiscoveryClient - Registered Applications size is zero : true
2021-03-29 19:04:50.528 [main] INFO  com.netflix.discovery.DiscoveryClient - Application version is -1: true
2021-03-29 19:04:50.528 [main] INFO  com.netflix.discovery.DiscoveryClient - Getting all instance registry info from the eureka server
2021-03-29 19:04:50.733 [main] INFO  com.netflix.discovery.DiscoveryClient - The response status is 200
2021-03-29 19:04:50.736 [main] INFO  com.netflix.discovery.DiscoveryClient - Starting heartbeat executor: renew interval is: 30
2021-03-29 19:04:50.739 [main] INFO  com.netflix.discovery.InstanceInfoReplicator - InstanceInfoReplicator onDemand update allowed rate per min is 4
2021-03-29 19:04:50.747 [main] INFO  com.netflix.discovery.DiscoveryClient - Discovery Client initialized at timestamp 1617015890744 with initial instances count: 0
2021-03-29 19:04:50.755 [main] INFO  o.s.c.n.e.serviceregistry.EurekaServiceRegistry - Registering application USER with eureka with status UP
2021-03-29 19:04:50.757 [main] INFO  com.netflix.discovery.DiscoveryClient - Saw local status change event StatusChangeEvent [timestamp=1617015890757, current=UP, previous=STARTING]
2021-03-29 19:04:50.762 [DiscoveryClient-InstanceInfoReplicator-0] INFO  com.netflix.discovery.DiscoveryClient - DiscoveryClient_USER/LAPTOP-L5KMNRFT:user:8082: registering service...
2021-03-29 19:04:50.787 [main] INFO  com.rhythm.user.test.Test - Started Test in 10.994 seconds (JVM running for 12.807)
2021-03-29 19:04:50.958 [DiscoveryClient-InstanceInfoReplicator-0] INFO  com.netflix.discovery.DiscoveryClient - DiscoveryClient_USER/LAPTOP-L5KMNRFT:user:8082 - registration status: 204
2021-03-29 19:04:51.508 [main] INFO  com.zaxxer.hikari.HikariDataSource - HikariPool-1 - Starting...
2021-03-29 19:04:53.029 [SpringContextShutdownHook] INFO  o.s.c.n.e.serviceregistry.EurekaServiceRegistry - Unregistering application USER with eureka with status DOWN
2021-03-29 19:04:53.031 [DiscoveryClient-InstanceInfoReplicator-0] INFO  com.netflix.discovery.DiscoveryClient - DiscoveryClient_USER/LAPTOP-L5KMNRFT:user:8082: registering service...
2021-03-29 19:04:53.035 [SpringContextShutdownHook] INFO  o.s.scheduling.concurrent.ThreadPoolTaskExecutor - Shutting down ExecutorService 'applicationTaskExecutor'
2021-03-29 19:04:53.038 [SpringContextShutdownHook] INFO  com.netflix.discovery.DiscoveryClient - Shutting down DiscoveryClient ...
2021-03-29 19:04:53.041 [DiscoveryClient-InstanceInfoReplicator-0] INFO  com.netflix.discovery.DiscoveryClient - DiscoveryClient_USER/LAPTOP-L5KMNRFT:user:8082 - registration status: 204
2021-03-29 19:04:53.043 [SpringContextShutdownHook] INFO  com.netflix.discovery.DiscoveryClient - Unregistering ...
2021-03-29 19:04:53.051 [SpringContextShutdownHook] INFO  com.netflix.discovery.DiscoveryClient - DiscoveryClient_USER/LAPTOP-L5KMNRFT:user:8082 - deregister  status: 200
2021-03-29 19:04:53.061 [SpringContextShutdownHook] INFO  com.netflix.discovery.DiscoveryClient - Completed shut down of DiscoveryClient
2021-03-29 19:07:50.666 [main] INFO  o.s.b.t.context.SpringBootTestContextBootstrapper - Neither @ContextConfiguration nor @ContextHierarchy found for test class [com.rhythm.user.test.Test], using SpringBootContextLoader
2021-03-29 19:07:50.693 [main] INFO  o.s.test.context.support.AbstractContextLoader - Could not detect default resource locations for test class [com.rhythm.user.test.Test]: no resource found for suffixes {-context.xml, Context.groovy}.
2021-03-29 19:07:51.214 [main] INFO  o.s.b.t.context.SpringBootTestContextBootstrapper - Loaded default TestExecutionListener class names from location [META-INF/spring.factories]: [org.springframework.boot.test.mock.mockito.MockitoTestExecutionListener, org.springframework.boot.test.mock.mockito.ResetMocksTestExecutionListener, org.springframework.boot.test.autoconfigure.restdocs.RestDocsTestExecutionListener, org.springframework.boot.test.autoconfigure.web.client.MockRestServiceServerResetTestExecutionListener, org.springframework.boot.test.autoconfigure.web.servlet.MockMvcPrintOnlyOnFailureTestExecutionListener, org.springframework.boot.test.autoconfigure.web.servlet.WebDriverTestExecutionListener, org.springframework.boot.test.autoconfigure.webservices.client.MockWebServiceServerTestExecutionListener, org.springframework.test.context.web.ServletTestExecutionListener, org.springframework.test.context.support.DirtiesContextBeforeModesTestExecutionListener, org.springframework.test.context.support.DependencyInjectionTestExecutionListener, org.springframework.test.context.support.DirtiesContextTestExecutionListener, org.springframework.test.context.transaction.TransactionalTestExecutionListener, org.springframework.test.context.jdbc.SqlScriptsTestExecutionListener, org.springframework.test.context.event.EventPublishingTestExecutionListener]
2021-03-29 19:07:51.259 [main] INFO  o.s.b.t.context.SpringBootTestContextBootstrapper - Using TestExecutionListeners: [org.springframework.test.context.web.ServletTestExecutionListener@27462a88, org.springframework.test.context.support.DirtiesContextBeforeModesTestExecutionListener@82de64a, org.springframework.boot.test.mock.mockito.MockitoTestExecutionListener@659499f1, org.springframework.boot.test.autoconfigure.SpringBootDependencyInjectionTestExecutionListener@51e69659, org.springframework.test.context.support.DirtiesContextTestExecutionListener@47e2e487, org.springframework.test.context.transaction.TransactionalTestExecutionListener@201a4587, org.springframework.test.context.jdbc.SqlScriptsTestExecutionListener@61001b64, org.springframework.test.context.event.EventPublishingTestExecutionListener@4310d43, org.springframework.boot.test.mock.mockito.ResetMocksTestExecutionListener@54a7079e, org.springframework.boot.test.autoconfigure.restdocs.RestDocsTestExecutionListener@26e356f0, org.springframework.boot.test.autoconfigure.web.client.MockRestServiceServerResetTestExecutionListener@47d9a273, org.springframework.boot.test.autoconfigure.web.servlet.MockMvcPrintOnlyOnFailureTestExecutionListener@4b8ee4de, org.springframework.boot.test.autoconfigure.web.servlet.WebDriverTestExecutionListener@27f981c6, org.springframework.boot.test.autoconfigure.webservices.client.MockWebServiceServerTestExecutionListener@1b11171f]
2021-03-29 19:07:53.786 [main] INFO  com.rhythm.user.test.Test - No active profile set, falling back to default profiles: default
2021-03-29 19:07:55.042 [main] INFO  o.springframework.cloud.context.scope.GenericScope - BeanFactory id=acf4f258-8ff4-375a-82f5-76779c14dc06
2021-03-29 19:07:55.520 [main] INFO  o.s.c.s.PostProcessorRegistrationDelegate$BeanPostProcessorChecker - Bean 'shiroConfig' of type [com.rhythm.user.shiro.configuration.ShiroConfig$$EnhancerBySpringCGLIB$$f5ccfe49] is not eligible for getting processed by all BeanPostProcessors (for example: not eligible for auto-proxying)
2021-03-29 19:07:55.563 [main] INFO  o.s.c.s.PostProcessorRegistrationDelegate$BeanPostProcessorChecker - Bean 'userService' of type [com.rhythm.user.service.UserService] is not eligible for getting processed by all BeanPostProcessors (for example: not eligible for auto-proxying)
2021-03-29 19:07:55.564 [main] INFO  o.s.c.s.PostProcessorRegistrationDelegate$BeanPostProcessorChecker - Bean 'myRealm' of type [com.rhythm.user.shiro.realm.MyRealm] is not eligible for getting processed by all BeanPostProcessors (for example: not eligible for auto-proxying)
2021-03-29 19:07:56.267 [main] INFO  o.s.c.s.PostProcessorRegistrationDelegate$BeanPostProcessorChecker - Bean 'securityManager' of type [org.apache.shiro.web.mgt.DefaultWebSecurityManager] is not eligible for getting processed by all BeanPostProcessors (for example: not eligible for auto-proxying)
2021-03-29 19:07:56.661 [main] INFO  com.netflix.config.sources.URLConfigurationSource - To enable URLs as dynamic configuration sources, define System property archaius.configurationSource.additionalUrls or make config.properties available on classpath.
2021-03-29 19:07:56.672 [main] INFO  com.netflix.config.sources.URLConfigurationSource - To enable URLs as dynamic configuration sources, define System property archaius.configurationSource.additionalUrls or make config.properties available on classpath.
2021-03-29 19:07:57.096 [main] INFO  o.s.scheduling.concurrent.ThreadPoolTaskExecutor - Initializing ExecutorService 'applicationTaskExecutor'
2021-03-29 19:07:59.374 [main] INFO  o.s.c.n.e.c.DiscoveryClientOptionalArgsConfiguration - Eureka HTTP Client uses Jersey
2021-03-29 19:08:00.765 [main] INFO  o.s.cloud.netflix.eureka.InstanceInfoFactory - Setting initial instance status as: STARTING
2021-03-29 19:08:00.875 [main] INFO  com.netflix.discovery.DiscoveryClient - Initializing Eureka in region us-east-1
2021-03-29 19:08:01.074 [main] INFO  c.n.discovery.provider.DiscoveryJerseyProvider - Using JSON encoding codec LegacyJacksonJson
2021-03-29 19:08:01.075 [main] INFO  c.n.discovery.provider.DiscoveryJerseyProvider - Using JSON decoding codec LegacyJacksonJson
2021-03-29 19:08:01.397 [main] INFO  c.n.discovery.provider.DiscoveryJerseyProvider - Using XML encoding codec XStreamXml
2021-03-29 19:08:01.398 [main] INFO  c.n.discovery.provider.DiscoveryJerseyProvider - Using XML decoding codec XStreamXml
2021-03-29 19:08:02.063 [main] INFO  c.n.d.shared.resolver.aws.ConfigClusterResolver - Resolving eureka endpoints via configuration
2021-03-29 19:08:02.879 [main] INFO  com.netflix.discovery.DiscoveryClient - Disable delta property : false
2021-03-29 19:08:02.880 [main] INFO  com.netflix.discovery.DiscoveryClient - Single vip registry refresh property : null
2021-03-29 19:08:02.881 [main] INFO  com.netflix.discovery.DiscoveryClient - Force full registry fetch : false
2021-03-29 19:08:02.881 [main] INFO  com.netflix.discovery.DiscoveryClient - Application is null : false
2021-03-29 19:08:02.882 [main] INFO  com.netflix.discovery.DiscoveryClient - Registered Applications size is zero : true
2021-03-29 19:08:02.886 [main] INFO  com.netflix.discovery.DiscoveryClient - Application version is -1: true
2021-03-29 19:08:02.888 [main] INFO  com.netflix.discovery.DiscoveryClient - Getting all instance registry info from the eureka server
2021-03-29 19:08:03.119 [main] INFO  com.netflix.discovery.DiscoveryClient - The response status is 200
2021-03-29 19:08:03.122 [main] INFO  com.netflix.discovery.DiscoveryClient - Starting heartbeat executor: renew interval is: 30
2021-03-29 19:08:03.125 [main] INFO  com.netflix.discovery.InstanceInfoReplicator - InstanceInfoReplicator onDemand update allowed rate per min is 4
2021-03-29 19:08:03.132 [main] INFO  com.netflix.discovery.DiscoveryClient - Discovery Client initialized at timestamp 1617016083129 with initial instances count: 0
2021-03-29 19:08:03.142 [main] INFO  o.s.c.n.e.serviceregistry.EurekaServiceRegistry - Registering application USER with eureka with status UP
2021-03-29 19:08:03.144 [main] INFO  com.netflix.discovery.DiscoveryClient - Saw local status change event StatusChangeEvent [timestamp=1617016083144, current=UP, previous=STARTING]
2021-03-29 19:08:03.156 [DiscoveryClient-InstanceInfoReplicator-0] INFO  com.netflix.discovery.DiscoveryClient - DiscoveryClient_USER/LAPTOP-L5KMNRFT:user:8082: registering service...
2021-03-29 19:08:03.187 [main] INFO  com.rhythm.user.test.Test - Started Test in 11.792 seconds (JVM running for 14.19)
2021-03-29 19:08:03.376 [DiscoveryClient-InstanceInfoReplicator-0] INFO  com.netflix.discovery.DiscoveryClient - DiscoveryClient_USER/LAPTOP-L5KMNRFT:user:8082 - registration status: 204
2021-03-29 19:08:03.966 [main] INFO  com.zaxxer.hikari.HikariDataSource - HikariPool-1 - Starting...
2021-03-29 19:08:04.343 [main] INFO  com.zaxxer.hikari.HikariDataSource - HikariPool-1 - Start completed.
2021-03-29 19:08:04.406 [SpringContextShutdownHook] INFO  o.s.c.n.e.serviceregistry.EurekaServiceRegistry - Unregistering application USER with eureka with status DOWN
2021-03-29 19:08:04.408 [DiscoveryClient-InstanceInfoReplicator-0] INFO  com.netflix.discovery.DiscoveryClient - DiscoveryClient_USER/LAPTOP-L5KMNRFT:user:8082: registering service...
2021-03-29 19:08:04.412 [SpringContextShutdownHook] INFO  com.zaxxer.hikari.HikariDataSource - HikariPool-1 - Shutdown initiated...
2021-03-29 19:08:04.417 [DiscoveryClient-InstanceInfoReplicator-0] INFO  com.netflix.discovery.DiscoveryClient - DiscoveryClient_USER/LAPTOP-L5KMNRFT:user:8082 - registration status: 204
2021-03-29 19:08:04.417 [SpringContextShutdownHook] INFO  com.zaxxer.hikari.HikariDataSource - HikariPool-1 - Shutdown completed.
2021-03-29 19:08:04.418 [SpringContextShutdownHook] INFO  o.s.scheduling.concurrent.ThreadPoolTaskExecutor - Shutting down ExecutorService 'applicationTaskExecutor'
2021-03-29 19:08:04.421 [SpringContextShutdownHook] INFO  com.netflix.discovery.DiscoveryClient - Shutting down DiscoveryClient ...
2021-03-29 19:08:07.428 [SpringContextShutdownHook] INFO  com.netflix.discovery.DiscoveryClient - Unregistering ...
2021-03-29 19:08:07.471 [SpringContextShutdownHook] INFO  com.netflix.discovery.DiscoveryClient - DiscoveryClient_USER/LAPTOP-L5KMNRFT:user:8082 - deregister  status: 200
2021-03-29 19:08:07.484 [SpringContextShutdownHook] INFO  com.netflix.discovery.DiscoveryClient - Completed shut down of DiscoveryClient
2021-03-29 19:09:18.021 [main] INFO  o.s.b.t.context.SpringBootTestContextBootstrapper - Neither @ContextConfiguration nor @ContextHierarchy found for test class [com.rhythm.user.test.Test], using SpringBootContextLoader
2021-03-29 19:09:18.045 [main] INFO  o.s.test.context.support.AbstractContextLoader - Could not detect default resource locations for test class [com.rhythm.user.test.Test]: no resource found for suffixes {-context.xml, Context.groovy}.
2021-03-29 19:09:18.403 [main] INFO  o.s.b.t.context.SpringBootTestContextBootstrapper - Loaded default TestExecutionListener class names from location [META-INF/spring.factories]: [org.springframework.boot.test.mock.mockito.MockitoTestExecutionListener, org.springframework.boot.test.mock.mockito.ResetMocksTestExecutionListener, org.springframework.boot.test.autoconfigure.restdocs.RestDocsTestExecutionListener, org.springframework.boot.test.autoconfigure.web.client.MockRestServiceServerResetTestExecutionListener, org.springframework.boot.test.autoconfigure.web.servlet.MockMvcPrintOnlyOnFailureTestExecutionListener, org.springframework.boot.test.autoconfigure.web.servlet.WebDriverTestExecutionListener, org.springframework.boot.test.autoconfigure.webservices.client.MockWebServiceServerTestExecutionListener, org.springframework.test.context.web.ServletTestExecutionListener, org.springframework.test.context.support.DirtiesContextBeforeModesTestExecutionListener, org.springframework.test.context.support.DependencyInjectionTestExecutionListener, org.springframework.test.context.support.DirtiesContextTestExecutionListener, org.springframework.test.context.transaction.TransactionalTestExecutionListener, org.springframework.test.context.jdbc.SqlScriptsTestExecutionListener, org.springframework.test.context.event.EventPublishingTestExecutionListener]
2021-03-29 19:09:18.424 [main] INFO  o.s.b.t.context.SpringBootTestContextBootstrapper - Using TestExecutionListeners: [org.springframework.test.context.web.ServletTestExecutionListener@27462a88, org.springframework.test.context.support.DirtiesContextBeforeModesTestExecutionListener@82de64a, org.springframework.boot.test.mock.mockito.MockitoTestExecutionListener@659499f1, org.springframework.boot.test.autoconfigure.SpringBootDependencyInjectionTestExecutionListener@51e69659, org.springframework.test.context.support.DirtiesContextTestExecutionListener@47e2e487, org.springframework.test.context.transaction.TransactionalTestExecutionListener@201a4587, org.springframework.test.context.jdbc.SqlScriptsTestExecutionListener@61001b64, org.springframework.test.context.event.EventPublishingTestExecutionListener@4310d43, org.springframework.boot.test.mock.mockito.ResetMocksTestExecutionListener@54a7079e, org.springframework.boot.test.autoconfigure.restdocs.RestDocsTestExecutionListener@26e356f0, org.springframework.boot.test.autoconfigure.web.client.MockRestServiceServerResetTestExecutionListener@47d9a273, org.springframework.boot.test.autoconfigure.web.servlet.MockMvcPrintOnlyOnFailureTestExecutionListener@4b8ee4de, org.springframework.boot.test.autoconfigure.web.servlet.WebDriverTestExecutionListener@27f981c6, org.springframework.boot.test.autoconfigure.webservices.client.MockWebServiceServerTestExecutionListener@1b11171f]
2021-03-29 19:09:20.155 [main] INFO  com.rhythm.user.test.Test - No active profile set, falling back to default profiles: default
2021-03-29 19:09:21.164 [main] INFO  o.springframework.cloud.context.scope.GenericScope - BeanFactory id=acf4f258-8ff4-375a-82f5-76779c14dc06
2021-03-29 19:09:21.690 [main] INFO  o.s.c.s.PostProcessorRegistrationDelegate$BeanPostProcessorChecker - Bean 'shiroConfig' of type [com.rhythm.user.shiro.configuration.ShiroConfig$$EnhancerBySpringCGLIB$$f5ccfe49] is not eligible for getting processed by all BeanPostProcessors (for example: not eligible for auto-proxying)
2021-03-29 19:09:21.734 [main] INFO  o.s.c.s.PostProcessorRegistrationDelegate$BeanPostProcessorChecker - Bean 'userService' of type [com.rhythm.user.service.UserService] is not eligible for getting processed by all BeanPostProcessors (for example: not eligible for auto-proxying)
2021-03-29 19:09:21.734 [main] INFO  o.s.c.s.PostProcessorRegistrationDelegate$BeanPostProcessorChecker - Bean 'myRealm' of type [com.rhythm.user.shiro.realm.MyRealm] is not eligible for getting processed by all BeanPostProcessors (for example: not eligible for auto-proxying)
2021-03-29 19:09:22.416 [main] INFO  o.s.c.s.PostProcessorRegistrationDelegate$BeanPostProcessorChecker - Bean 'securityManager' of type [org.apache.shiro.web.mgt.DefaultWebSecurityManager] is not eligible for getting processed by all BeanPostProcessors (for example: not eligible for auto-proxying)
2021-03-29 19:09:22.794 [main] INFO  com.netflix.config.sources.URLConfigurationSource - To enable URLs as dynamic configuration sources, define System property archaius.configurationSource.additionalUrls or make config.properties available on classpath.
2021-03-29 19:09:22.807 [main] INFO  com.netflix.config.sources.URLConfigurationSource - To enable URLs as dynamic configuration sources, define System property archaius.configurationSource.additionalUrls or make config.properties available on classpath.
2021-03-29 19:09:23.215 [main] INFO  o.s.scheduling.concurrent.ThreadPoolTaskExecutor - Initializing ExecutorService 'applicationTaskExecutor'
2021-03-29 19:09:25.707 [main] INFO  o.s.c.n.e.c.DiscoveryClientOptionalArgsConfiguration - Eureka HTTP Client uses Jersey
2021-03-29 19:09:26.911 [main] INFO  o.s.cloud.netflix.eureka.InstanceInfoFactory - Setting initial instance status as: STARTING
2021-03-29 19:09:27.008 [main] INFO  com.netflix.discovery.DiscoveryClient - Initializing Eureka in region us-east-1
2021-03-29 19:09:27.181 [main] INFO  c.n.discovery.provider.DiscoveryJerseyProvider - Using JSON encoding codec LegacyJacksonJson
2021-03-29 19:09:27.182 [main] INFO  c.n.discovery.provider.DiscoveryJerseyProvider - Using JSON decoding codec LegacyJacksonJson
2021-03-29 19:09:27.465 [main] INFO  c.n.discovery.provider.DiscoveryJerseyProvider - Using XML encoding codec XStreamXml
2021-03-29 19:09:27.465 [main] INFO  c.n.discovery.provider.DiscoveryJerseyProvider - Using XML decoding codec XStreamXml
2021-03-29 19:09:27.752 [main] INFO  c.n.d.shared.resolver.aws.ConfigClusterResolver - Resolving eureka endpoints via configuration
2021-03-29 19:09:28.059 [main] INFO  com.netflix.discovery.DiscoveryClient - Disable delta property : false
2021-03-29 19:09:28.060 [main] INFO  com.netflix.discovery.DiscoveryClient - Single vip registry refresh property : null
2021-03-29 19:09:28.060 [main] INFO  com.netflix.discovery.DiscoveryClient - Force full registry fetch : false
2021-03-29 19:09:28.060 [main] INFO  com.netflix.discovery.DiscoveryClient - Application is null : false
2021-03-29 19:09:28.060 [main] INFO  com.netflix.discovery.DiscoveryClient - Registered Applications size is zero : true
2021-03-29 19:09:28.061 [main] INFO  com.netflix.discovery.DiscoveryClient - Application version is -1: true
2021-03-29 19:09:28.061 [main] INFO  com.netflix.discovery.DiscoveryClient - Getting all instance registry info from the eureka server
2021-03-29 19:09:28.269 [main] INFO  com.netflix.discovery.DiscoveryClient - The response status is 200
2021-03-29 19:09:28.272 [main] INFO  com.netflix.discovery.DiscoveryClient - Starting heartbeat executor: renew interval is: 30
2021-03-29 19:09:28.275 [main] INFO  com.netflix.discovery.InstanceInfoReplicator - InstanceInfoReplicator onDemand update allowed rate per min is 4
2021-03-29 19:09:28.280 [main] INFO  com.netflix.discovery.DiscoveryClient - Discovery Client initialized at timestamp 1617016168279 with initial instances count: 0
2021-03-29 19:09:28.288 [main] INFO  o.s.c.n.e.serviceregistry.EurekaServiceRegistry - Registering application USER with eureka with status UP
2021-03-29 19:09:28.290 [main] INFO  com.netflix.discovery.DiscoveryClient - Saw local status change event StatusChangeEvent [timestamp=1617016168290, current=UP, previous=STARTING]
2021-03-29 19:09:28.293 [DiscoveryClient-InstanceInfoReplicator-0] INFO  com.netflix.discovery.DiscoveryClient - DiscoveryClient_USER/LAPTOP-L5KMNRFT:user:8082: registering service...
2021-03-29 19:09:28.334 [main] INFO  com.rhythm.user.test.Test - Started Test in 9.834 seconds (JVM running for 11.605)
2021-03-29 19:09:28.441 [DiscoveryClient-InstanceInfoReplicator-0] INFO  com.netflix.discovery.DiscoveryClient - DiscoveryClient_USER/LAPTOP-L5KMNRFT:user:8082 - registration status: 204
2021-03-29 19:09:28.761 [main] INFO  com.zaxxer.hikari.HikariDataSource - HikariPool-1 - Starting...
2021-03-29 19:09:28.981 [main] INFO  com.zaxxer.hikari.HikariDataSource - HikariPool-1 - Start completed.
2021-03-29 19:09:29.022 [SpringContextShutdownHook] INFO  o.s.c.n.e.serviceregistry.EurekaServiceRegistry - Unregistering application USER with eureka with status DOWN
2021-03-29 19:09:29.023 [DiscoveryClient-InstanceInfoReplicator-0] INFO  com.netflix.discovery.DiscoveryClient - DiscoveryClient_USER/LAPTOP-L5KMNRFT:user:8082: registering service...
2021-03-29 19:09:29.027 [SpringContextShutdownHook] INFO  com.zaxxer.hikari.HikariDataSource - HikariPool-1 - Shutdown initiated...
2021-03-29 19:09:29.030 [SpringContextShutdownHook] INFO  com.zaxxer.hikari.HikariDataSource - HikariPool-1 - Shutdown completed.
2021-03-29 19:09:29.031 [DiscoveryClient-InstanceInfoReplicator-0] INFO  com.netflix.discovery.DiscoveryClient - DiscoveryClient_USER/LAPTOP-L5KMNRFT:user:8082 - registration status: 204
2021-03-29 19:09:29.031 [SpringContextShutdownHook] INFO  o.s.scheduling.concurrent.ThreadPoolTaskExecutor - Shutting down ExecutorService 'applicationTaskExecutor'
2021-03-29 19:09:29.033 [SpringContextShutdownHook] INFO  com.netflix.discovery.DiscoveryClient - Shutting down DiscoveryClient ...
2021-03-29 19:09:32.041 [SpringContextShutdownHook] INFO  com.netflix.discovery.DiscoveryClient - Unregistering ...
2021-03-29 19:09:32.053 [SpringContextShutdownHook] INFO  com.netflix.discovery.DiscoveryClient - DiscoveryClient_USER/LAPTOP-L5KMNRFT:user:8082 - deregister  status: 200
2021-03-29 19:09:32.081 [SpringContextShutdownHook] INFO  com.netflix.discovery.DiscoveryClient - Completed shut down of DiscoveryClient
